[ 2016-11-16T12:08:15+08:00 ] /
INFO: [ app_begin ] --START--
INFO: Run ReadHtmlCache Behavior [ RunTime:0.001388s ]
INFO: [ app_begin ] --END-- [ RunTime:0.001475s ]
NOTIC: [8] Undefined index: match C:\wnmp\wwwroot\weixin\DataSource\Lib\Action\IndexAction.class.php 第 21 行.
NOTIC: [8] Undefined index: platform C:\wnmp\wwwroot\weixin\DataSource\Lib\Action\IndexAction.class.php 第 22 行.
NOTIC: [8] Undefined index: db_dsn C:\wnmp\wwwroot\weixin\lib\ThinkPHP\Lib\Core\Db.class.php 第 129 行.
NOTIC: [8] Undefined index: db_params C:\wnmp\wwwroot\weixin\lib\ThinkPHP\Lib\Core\Db.class.php 第 130 行.
SQL: SHOW COLUMNS FROM `zx_tb_matchs` [ RunTime:0.006542s ]
SQL:  select * from zx_tb_matchs where  m_sign = 1  and m_state = 0 and m_isshow=1 and m_releaseTime < NOW() and m_offineTime > NOW()  order by m_order desc,id desc limit 0,5  [ RunTime:0.020300s ]
SQL: SHOW COLUMNS FROM `zx_tb_classinfo` [ RunTime:0.004124s ]
NOTIC: [2] Missing argument 6 for ClassInfoModel::getContent(), called in C:\wnmp\wwwroot\weixin\DataSource\Lib\Action\IndexAction.class.php on line 39 and defined C:\wnmp\wwwroot\weixin\DataSource\Lib\Model\ClassInfoModel.class.php 第 22 行.
NOTIC: [8] Undefined variable: order C:\wnmp\wwwroot\weixin\DataSource\Lib\Model\ClassInfoModel.class.php 第 33 行.
SQL: SELECT info.id,info.cid,cls.classname,info.n_title,info.n_img,info.n_url,info.sign,info.orderid  FROM `zx_tb_class` cls LEFT JOIN zx_tb_classinfo info ON  cls.id = info.cid WHERE cls.short_name='zx_banner' AND cls.isdel=0 AND info.isdel=0 and info.isdisplay=1 AND info.itime<=NOW() AND info.offtime>NOW()  order by  info.sign desc,info.orderid desc,info.utime desc,id DESC  limit 0,10  [ RunTime:0.002243s ]
NOTIC: [2] Missing argument 6 for ClassInfoModel::getContent(), called in C:\wnmp\wwwroot\weixin\DataSource\Lib\Action\IndexAction.class.php on line 43 and defined C:\wnmp\wwwroot\weixin\DataSource\Lib\Model\ClassInfoModel.class.php 第 22 行.
NOTIC: [8] Undefined variable: order C:\wnmp\wwwroot\weixin\DataSource\Lib\Model\ClassInfoModel.class.php 第 33 行.
SQL: SELECT info.id,info.cid,cls.classname,info.n_title,info.n_img,info.n_url,info.sign,info.orderid  FROM `zx_tb_class` cls LEFT JOIN zx_tb_classinfo info ON  cls.id = info.cid WHERE cls.short_name='zx_hotwords' AND cls.isdel=0 AND info.isdel=0 and info.isdisplay=1 AND info.itime<=NOW() AND info.offtime>NOW()  order by  info.sign desc,info.orderid desc,info.utime desc,id DESC  limit 0,100  [ RunTime:0.001292s ]
INFO: [ view_template ] --START--
INFO: Run LocationTemplate Behavior [ RunTime:0.013636s ]
INFO: [ view_template ] --END-- [ RunTime:0.013706s ]
INFO: [ view_parse ] --START--
NOTIC: [8] Undefined index: m_banner C:\wnmp\wwwroot\weixin\DataSource\Runtime\Temp\9f529053051950a069732b98964695a605c1670d.file.banner.html.php 第 62 行.
NOTIC: [8] Trying to get property of non-object C:\wnmp\wwwroot\weixin\DataSource\Runtime\Temp\9f529053051950a069732b98964695a605c1670d.file.banner.html.php 第 62 行.
INFO: Run ParseTemplate Behavior [ RunTime:0.035194s ]
INFO: [ view_parse ] --END-- [ RunTime:0.035252s ]
INFO: [ view_filter ] --START--
INFO: Run ContentReplace Behavior [ RunTime:0.000980s ]
INFO: Run TokenBuild Behavior [ RunTime:0.000830s ]
INFO: Run WriteHtmlCache Behavior [ RunTime:0.000664s ]
INFO: Run ShowRuntime Behavior [ RunTime:0.001011s ]
INFO: [ view_filter ] --END-- [ RunTime:0.003689s ]
INFO: [ view_end ] --START--
INFO: Run ShowPageTrace Behavior [ RunTime:0.001054s ]
INFO: [ view_end ] --END-- [ RunTime:0.001116s ]

[ 2016-11-16T12:08:15+08:00 ] /weixin/getJsTk?url=http%3A%2F%2F192.168.1.118%3A8091%2F
INFO: [ route_check ] --START--
INFO: Run CheckRoute Behavior [ RunTime:0.013698s ]
INFO: [ route_check ] --END-- [ RunTime:0.013775s ]
INFO: [ app_begin ] --START--
INFO: Run ReadHtmlCache Behavior [ RunTime:0.000541s ]
INFO: [ app_begin ] --END-- [ RunTime:0.000585s ]
NOTIC: [2] Missing argument 2 for WeixinAcessTokenModel::Jstoken(), called in C:\wnmp\wwwroot\weixin\DataSource\Lib\Action\WeixinAction.class.php on line 113 and defined C:\wnmp\wwwroot\weixin\DataSource\Lib\Model\WeixinAcessTokenModel.class.php 第 24 行.

[ 2016-11-16T12:08:20+08:00 ] /
INFO: [ app_begin ] --START--
INFO: Run ReadHtmlCache Behavior [ RunTime:0.001083s ]
INFO: [ app_begin ] --END-- [ RunTime:0.001180s ]
NOTIC: [8] Undefined index: match C:\wnmp\wwwroot\weixin\DataSource\Lib\Action\IndexAction.class.php 第 21 行.
NOTIC: [8] Undefined index: platform C:\wnmp\wwwroot\weixin\DataSource\Lib\Action\IndexAction.class.php 第 22 行.
NOTIC: [8] Undefined index: db_dsn C:\wnmp\wwwroot\weixin\lib\ThinkPHP\Lib\Core\Db.class.php 第 129 行.
NOTIC: [8] Undefined index: db_params C:\wnmp\wwwroot\weixin\lib\ThinkPHP\Lib\Core\Db.class.php 第 130 行.
SQL: SHOW COLUMNS FROM `zx_tb_matchs` [ RunTime:0.007298s ]
SQL:  select * from zx_tb_matchs where  m_sign = 1  and m_state = 0 and m_isshow=1 and m_releaseTime < NOW() and m_offineTime > NOW()  order by m_order desc,id desc limit 0,5  [ RunTime:0.005253s ]
SQL: SHOW COLUMNS FROM `zx_tb_classinfo` [ RunTime:0.003813s ]
NOTIC: [2] Missing argument 6 for ClassInfoModel::getContent(), called in C:\wnmp\wwwroot\weixin\DataSource\Lib\Action\IndexAction.class.php on line 39 and defined C:\wnmp\wwwroot\weixin\DataSource\Lib\Model\ClassInfoModel.class.php 第 22 行.
NOTIC: [8] Undefined variable: order C:\wnmp\wwwroot\weixin\DataSource\Lib\Model\ClassInfoModel.class.php 第 33 行.
SQL: SELECT info.id,info.cid,cls.classname,info.n_title,info.n_img,info.n_url,info.sign,info.orderid  FROM `zx_tb_class` cls LEFT JOIN zx_tb_classinfo info ON  cls.id = info.cid WHERE cls.short_name='zx_banner' AND cls.isdel=0 AND info.isdel=0 and info.isdisplay=1 AND info.itime<=NOW() AND info.offtime>NOW()  order by  info.sign desc,info.orderid desc,info.utime desc,id DESC  limit 0,10  [ RunTime:0.001975s ]
NOTIC: [2] Missing argument 6 for ClassInfoModel::getContent(), called in C:\wnmp\wwwroot\weixin\DataSource\Lib\Action\IndexAction.class.php on line 43 and defined C:\wnmp\wwwroot\weixin\DataSource\Lib\Model\ClassInfoModel.class.php 第 22 行.
NOTIC: [8] Undefined variable: order C:\wnmp\wwwroot\weixin\DataSource\Lib\Model\ClassInfoModel.class.php 第 33 行.
SQL: SELECT info.id,info.cid,cls.classname,info.n_title,info.n_img,info.n_url,info.sign,info.orderid  FROM `zx_tb_class` cls LEFT JOIN zx_tb_classinfo info ON  cls.id = info.cid WHERE cls.short_name='zx_hotwords' AND cls.isdel=0 AND info.isdel=0 and info.isdisplay=1 AND info.itime<=NOW() AND info.offtime>NOW()  order by  info.sign desc,info.orderid desc,info.utime desc,id DESC  limit 0,100  [ RunTime:0.001073s ]
INFO: [ view_template ] --START--
INFO: Run LocationTemplate Behavior [ RunTime:0.001346s ]
INFO: [ view_template ] --END-- [ RunTime:0.001402s ]
INFO: [ view_parse ] --START--
NOTIC: [8] Undefined index: m_banner C:\wnmp\wwwroot\weixin\DataSource\Runtime\Temp\9f529053051950a069732b98964695a605c1670d.file.banner.html.php 第 62 行.
NOTIC: [8] Trying to get property of non-object C:\wnmp\wwwroot\weixin\DataSource\Runtime\Temp\9f529053051950a069732b98964695a605c1670d.file.banner.html.php 第 62 行.
INFO: Run ParseTemplate Behavior [ RunTime:0.023630s ]
INFO: [ view_parse ] --END-- [ RunTime:0.023698s ]
INFO: [ view_filter ] --START--
INFO: Run ContentReplace Behavior [ RunTime:0.001141s ]
INFO: Run TokenBuild Behavior [ RunTime:0.000822s ]
INFO: Run WriteHtmlCache Behavior [ RunTime:0.000682s ]
INFO: Run ShowRuntime Behavior [ RunTime:0.000849s ]
INFO: [ view_filter ] --END-- [ RunTime:0.003661s ]
INFO: [ view_end ] --START--
INFO: Run ShowPageTrace Behavior [ RunTime:0.001034s ]
INFO: [ view_end ] --END-- [ RunTime:0.001108s ]

[ 2016-11-16T12:08:20+08:00 ] /weixin/getJsTk?url=http%3A%2F%2F192.168.1.118%3A8091%2F
INFO: [ route_check ] --START--
INFO: Run CheckRoute Behavior [ RunTime:0.105846s ]
INFO: [ route_check ] --END-- [ RunTime:0.105951s ]
INFO: [ app_begin ] --START--
INFO: Run ReadHtmlCache Behavior [ RunTime:0.001109s ]
INFO: [ app_begin ] --END-- [ RunTime:0.001186s ]
NOTIC: [2] Missing argument 2 for WeixinAcessTokenModel::Jstoken(), called in C:\wnmp\wwwroot\weixin\DataSource\Lib\Action\WeixinAction.class.php on line 113 and defined C:\wnmp\wwwroot\weixin\DataSource\Lib\Model\WeixinAcessTokenModel.class.php 第 24 行.

[ 2016-11-16T12:08:22+08:00 ] /User
INFO: [ route_check ] --START--
INFO: Run CheckRoute Behavior [ RunTime:0.001700s ]
INFO: [ route_check ] --END-- [ RunTime:0.001798s ]
INFO: [ app_begin ] --START--
INFO: Run ReadHtmlCache Behavior [ RunTime:0.001078s ]
INFO: [ app_begin ] --END-- [ RunTime:0.001148s ]
NOTIC: [2048] Declaration of UserAction::success() should be compatible with that of Action::success() C:\wnmp\wwwroot\weixin\DataSource\Lib\Action\UserAction.class.php 第 506 行.

[ 2016-11-16T12:08:22+08:00 ] /Account/login
INFO: [ route_check ] --START--
INFO: Run CheckRoute Behavior [ RunTime:0.001013s ]
INFO: [ route_check ] --END-- [ RunTime:0.001083s ]
INFO: [ app_begin ] --START--
INFO: Run ReadHtmlCache Behavior [ RunTime:0.000577s ]
INFO: [ app_begin ] --END-- [ RunTime:0.000627s ]
NOTIC: [8] Undefined index: type C:\wnmp\wwwroot\weixin\DataSource\Lib\Action\AccountAction.class.php 第 112 行.
INFO: [ view_template ] --START--
INFO: Run LocationTemplate Behavior [ RunTime:0.001854s ]
INFO: [ view_template ] --END-- [ RunTime:0.001955s ]
INFO: [ view_parse ] --START--
NOTIC: [8] Undefined index: phone_error C:\wnmp\wwwroot\weixin\DataSource\Runtime\Temp\22487da300e9d88f77e7c31805b0b0b672038c3d.file.login.html.php 第 81 行.
NOTIC: [8] Trying to get property of non-object C:\wnmp\wwwroot\weixin\DataSource\Runtime\Temp\22487da300e9d88f77e7c31805b0b0b672038c3d.file.login.html.php 第 81 行.
NOTIC: [8] Undefined index: phone C:\wnmp\wwwroot\weixin\DataSource\Runtime\Temp\22487da300e9d88f77e7c31805b0b0b672038c3d.file.login.html.php 第 84 行.
NOTIC: [8] Trying to get property of non-object C:\wnmp\wwwroot\weixin\DataSource\Runtime\Temp\22487da300e9d88f77e7c31805b0b0b672038c3d.file.login.html.php 第 84 行.
NOTIC: [8] Undefined index: code_error C:\wnmp\wwwroot\weixin\DataSource\Runtime\Temp\22487da300e9d88f77e7c31805b0b0b672038c3d.file.login.html.php 第 89 行.
NOTIC: [8] Trying to get property of non-object C:\wnmp\wwwroot\weixin\DataSource\Runtime\Temp\22487da300e9d88f77e7c31805b0b0b672038c3d.file.login.html.php 第 89 行.
NOTIC: [8] Undefined index: error C:\wnmp\wwwroot\weixin\DataSource\Runtime\Temp\22487da300e9d88f77e7c31805b0b0b672038c3d.file.login.html.php 第 100 行.
NOTIC: [8] Trying to get property of non-object C:\wnmp\wwwroot\weixin\DataSource\Runtime\Temp\22487da300e9d88f77e7c31805b0b0b672038c3d.file.login.html.php 第 100 行.
INFO: Run ParseTemplate Behavior [ RunTime:0.021985s ]
INFO: [ view_parse ] --END-- [ RunTime:0.022045s ]
INFO: [ view_filter ] --START--
INFO: Run ContentReplace Behavior [ RunTime:0.000826s ]
INFO: Run TokenBuild Behavior [ RunTime:0.001034s ]
INFO: Run WriteHtmlCache Behavior [ RunTime:0.000738s ]
INFO: Run ShowRuntime Behavior [ RunTime:0.000848s ]
INFO: [ view_filter ] --END-- [ RunTime:0.003695s ]
INFO: [ view_end ] --START--
INFO: Run ShowPageTrace Behavior [ RunTime:0.001462s ]
INFO: [ view_end ] --END-- [ RunTime:0.001541s ]

[ 2016-11-16T12:08:23+08:00 ] /Account/imgverify?width=150&height=45
INFO: [ route_check ] --START--
INFO: Run CheckRoute Behavior [ RunTime:0.000844s ]
INFO: [ route_check ] --END-- [ RunTime:0.000920s ]
INFO: [ app_begin ] --START--
INFO: Run ReadHtmlCache Behavior [ RunTime:0.000472s ]
INFO: [ app_begin ] --END-- [ RunTime:0.000521s ]

[ 2016-11-16T12:08:23+08:00 ] /weixin/getJsTk?url=http%3A%2F%2F192.168.1.118%3A8091%2FAccount%2Flogin
INFO: [ route_check ] --START--
INFO: Run CheckRoute Behavior [ RunTime:0.001791s ]
INFO: [ route_check ] --END-- [ RunTime:0.002138s ]
INFO: [ app_begin ] --START--
INFO: Run ReadHtmlCache Behavior [ RunTime:0.001553s ]
INFO: [ app_begin ] --END-- [ RunTime:0.001626s ]
NOTIC: [2] Missing argument 2 for WeixinAcessTokenModel::Jstoken(), called in C:\wnmp\wwwroot\weixin\DataSource\Lib\Action\WeixinAction.class.php on line 113 and defined C:\wnmp\wwwroot\weixin\DataSource\Lib\Model\WeixinAcessTokenModel.class.php 第 24 行.

[ 2016-11-16T12:08:33+08:00 ] /Account/verify
INFO: [ route_check ] --START--
INFO: Run CheckRoute Behavior [ RunTime:0.001355s ]
INFO: [ route_check ] --END-- [ RunTime:0.001748s ]
INFO: [ app_begin ] --START--
INFO: Run ReadHtmlCache Behavior [ RunTime:0.001060s ]
INFO: [ app_begin ] --END-- [ RunTime:0.001110s ]
NOTIC: [8] Use of undefined constant MODE_NAME - assumed 'MODE_NAME' C:\wnmp\wwwroot\weixin\DataSource\Common\common.php 第 61 行.

[ 2016-11-16T12:08:54+08:00 ] /Account/login?type=
INFO: [ route_check ] --START--
INFO: Run CheckRoute Behavior [ RunTime:0.000729s ]
INFO: [ route_check ] --END-- [ RunTime:0.000789s ]
INFO: [ app_begin ] --START--
INFO: Run ReadHtmlCache Behavior [ RunTime:0.000464s ]
INFO: [ app_begin ] --END-- [ RunTime:0.000506s ]
NOTIC: [8] Undefined index: db_dsn C:\wnmp\wwwroot\weixin\lib\ThinkPHP\Lib\Core\Db.class.php 第 129 行.
NOTIC: [8] Undefined index: db_params C:\wnmp\wwwroot\weixin\lib\ThinkPHP\Lib\Core\Db.class.php 第 130 行.
SQL: SHOW COLUMNS FROM `zx_tb_user` [ RunTime:0.081459s ]
SQL: SELECT * FROM `zx_tb_user` WHERE ( phone = '18311410712' ) LIMIT 1   [ RunTime:0.068534s ]

[ 2016-11-16T12:08:54+08:00 ] /User
INFO: [ route_check ] --START--
INFO: Run CheckRoute Behavior [ RunTime:0.000711s ]
INFO: [ route_check ] --END-- [ RunTime:0.000767s ]
INFO: [ app_begin ] --START--
INFO: Run ReadHtmlCache Behavior [ RunTime:0.000397s ]
INFO: [ app_begin ] --END-- [ RunTime:0.000474s ]
NOTIC: [2048] Declaration of UserAction::success() should be compatible with that of Action::success() C:\wnmp\wwwroot\weixin\DataSource\Lib\Action\UserAction.class.php 第 506 行.
INFO: Run AuthCheck Behavior [ RunTime:0.001711s ]
NOTIC: [8] Undefined index: db_dsn C:\wnmp\wwwroot\weixin\lib\ThinkPHP\Lib\Core\Db.class.php 第 129 行.
NOTIC: [8] Undefined index: db_params C:\wnmp\wwwroot\weixin\lib\ThinkPHP\Lib\Core\Db.class.php 第 130 行.
SQL: SHOW COLUMNS FROM `zx_tb_user` [ RunTime:0.015668s ]
SQL: SELECT * FROM `zx_tb_user` WHERE ( id=25519 ) LIMIT 1   [ RunTime:0.000381s ]
SQL: SHOW COLUMNS FROM `zx_tb_orders` [ RunTime:0.004701s ]
SQL: SELECT COUNT(*) AS tp_count FROM `zx_tb_orders` WHERE ( `uid` = 25519 ) AND ( `paystats` = 5 ) AND ( `pay_deadline` > '2016-11-16 12:08:54' ) LIMIT 1   [ RunTime:0.015271s ]
INFO: [ view_template ] --START--
INFO: Run LocationTemplate Behavior [ RunTime:0.013444s ]
INFO: [ view_template ] --END-- [ RunTime:0.013511s ]
INFO: [ view_parse ] --START--
INFO: Run ParseTemplate Behavior [ RunTime:0.020204s ]
INFO: [ view_parse ] --END-- [ RunTime:0.020286s ]
INFO: [ view_filter ] --START--
INFO: Run ContentReplace Behavior [ RunTime:0.000770s ]
INFO: Run TokenBuild Behavior [ RunTime:0.000883s ]
INFO: Run WriteHtmlCache Behavior [ RunTime:0.000635s ]
INFO: Run ShowRuntime Behavior [ RunTime:0.000811s ]
INFO: [ view_filter ] --END-- [ RunTime:0.003431s ]
INFO: [ view_end ] --START--
INFO: Run ShowPageTrace Behavior [ RunTime:0.001246s ]
INFO: [ view_end ] --END-- [ RunTime:0.001299s ]

[ 2016-11-16T12:08:54+08:00 ] /weixin/getJsTk?url=http%3A%2F%2F192.168.1.118%3A8091%2FUser
INFO: [ route_check ] --START--
INFO: Run CheckRoute Behavior [ RunTime:0.001180s ]
INFO: [ route_check ] --END-- [ RunTime:0.001293s ]
INFO: [ app_begin ] --START--
INFO: Run ReadHtmlCache Behavior [ RunTime:0.000846s ]
INFO: [ app_begin ] --END-- [ RunTime:0.000922s ]
NOTIC: [2] Missing argument 2 for WeixinAcessTokenModel::Jstoken(), called in C:\wnmp\wwwroot\weixin\DataSource\Lib\Action\WeixinAction.class.php on line 113 and defined C:\wnmp\wwwroot\weixin\DataSource\Lib\Model\WeixinAcessTokenModel.class.php 第 24 行.

[ 2016-11-16T12:08:58+08:00 ] /User/userinfo
INFO: [ route_check ] --START--
INFO: Run CheckRoute Behavior [ RunTime:0.000697s ]
INFO: [ route_check ] --END-- [ RunTime:0.000757s ]
INFO: [ app_begin ] --START--
INFO: Run ReadHtmlCache Behavior [ RunTime:0.000406s ]
INFO: [ app_begin ] --END-- [ RunTime:0.000449s ]
NOTIC: [2048] Declaration of UserAction::success() should be compatible with that of Action::success() C:\wnmp\wwwroot\weixin\DataSource\Lib\Action\UserAction.class.php 第 506 行.
INFO: Run AuthCheck Behavior [ RunTime:0.000587s ]
NOTIC: [8] Undefined index: db_dsn C:\wnmp\wwwroot\weixin\lib\ThinkPHP\Lib\Core\Db.class.php 第 129 行.
NOTIC: [8] Undefined index: db_params C:\wnmp\wwwroot\weixin\lib\ThinkPHP\Lib\Core\Db.class.php 第 130 行.
SQL: SHOW COLUMNS FROM `zx_tb_userinfo` [ RunTime:0.016384s ]
SQL: SELECT * FROM `zx_tb_userinfo` WHERE ( uid = 25519 ) LIMIT 1   [ RunTime:0.003373s ]
INFO: [ view_template ] --START--
INFO: Run LocationTemplate Behavior [ RunTime:0.000883s ]
INFO: [ view_template ] --END-- [ RunTime:0.000975s ]
INFO: [ view_parse ] --START--
NOTIC: [8] Undefined index: blood_type C:\wnmp\wwwroot\weixin\DataSource\Runtime\Temp\52183c10c030deba17cd13c5c511db0c5d28fbcd.file.userinfo.html.php 第 304 行.
NOTIC: [8] Undefined index: blood_type C:\wnmp\wwwroot\weixin\DataSource\Runtime\Temp\52183c10c030deba17cd13c5c511db0c5d28fbcd.file.userinfo.html.php 第 305 行.
NOTIC: [8] Undefined index: blood_type C:\wnmp\wwwroot\weixin\DataSource\Runtime\Temp\52183c10c030deba17cd13c5c511db0c5d28fbcd.file.userinfo.html.php 第 306 行.
NOTIC: [8] Undefined index: blood_type C:\wnmp\wwwroot\weixin\DataSource\Runtime\Temp\52183c10c030deba17cd13c5c511db0c5d28fbcd.file.userinfo.html.php 第 307 行.
NOTIC: [8] Undefined index: blood_type C:\wnmp\wwwroot\weixin\DataSource\Runtime\Temp\52183c10c030deba17cd13c5c511db0c5d28fbcd.file.userinfo.html.php 第 560 行.
INFO: Run ParseTemplate Behavior [ RunTime:0.014363s ]
INFO: [ view_parse ] --END-- [ RunTime:0.014414s ]
INFO: [ view_filter ] --START--
INFO: Run ContentReplace Behavior [ RunTime:0.000613s ]
INFO: Run TokenBuild Behavior [ RunTime:0.000405s ]
INFO: Run WriteHtmlCache Behavior [ RunTime:0.000522s ]
INFO: Run ShowRuntime Behavior [ RunTime:0.000496s ]
INFO: [ view_filter ] --END-- [ RunTime:0.002209s ]
INFO: [ view_end ] --START--
INFO: Run ShowPageTrace Behavior [ RunTime:0.000632s ]
INFO: [ view_end ] --END-- [ RunTime:0.000716s ]

[ 2016-11-16T12:08:58+08:00 ] /weixin/getJsTk?url=http%3A%2F%2F192.168.1.118%3A8091%2FUser%2Fuserinfo
INFO: [ route_check ] --START--
INFO: Run CheckRoute Behavior [ RunTime:0.001082s ]
INFO: [ route_check ] --END-- [ RunTime:0.001176s ]
INFO: [ app_begin ] --START--
INFO: Run ReadHtmlCache Behavior [ RunTime:0.000936s ]
INFO: [ app_begin ] --END-- [ RunTime:0.001063s ]
NOTIC: [2] Missing argument 2 for WeixinAcessTokenModel::Jstoken(), called in C:\wnmp\wwwroot\weixin\DataSource\Lib\Action\WeixinAction.class.php on line 113 and defined C:\wnmp\wwwroot\weixin\DataSource\Lib\Model\WeixinAcessTokenModel.class.php 第 24 行.

[ 2016-11-16T12:08:58+08:00 ] /static/images/icon_shield.png
INFO: [ route_check ] --START--
INFO: Run CheckRoute Behavior [ RunTime:0.000825s ]
INFO: [ route_check ] --END-- [ RunTime:0.000896s ]
INFO: [ app_begin ] --START--
INFO: Run ReadHtmlCache Behavior [ RunTime:0.000474s ]
INFO: [ app_begin ] --END-- [ RunTime:0.000527s ]
ERR: 无法加载模块:Static

[ 2016-11-16T12:12:13+08:00 ] /User/userinfo
INFO: [ route_check ] --START--
INFO: Run CheckRoute Behavior [ RunTime:0.001215s ]
INFO: [ route_check ] --END-- [ RunTime:0.001301s ]
INFO: [ app_begin ] --START--
INFO: Run ReadHtmlCache Behavior [ RunTime:0.000486s ]
INFO: [ app_begin ] --END-- [ RunTime:0.000532s ]
NOTIC: [2048] Declaration of UserAction::success() should be compatible with that of Action::success() C:\wnmp\wwwroot\weixin\DataSource\Lib\Action\UserAction.class.php 第 506 行.
INFO: Run AuthCheck Behavior [ RunTime:0.000615s ]
NOTIC: [8] Undefined index: db_dsn C:\wnmp\wwwroot\weixin\lib\ThinkPHP\Lib\Core\Db.class.php 第 129 行.
NOTIC: [8] Undefined index: db_params C:\wnmp\wwwroot\weixin\lib\ThinkPHP\Lib\Core\Db.class.php 第 130 行.
SQL: SHOW COLUMNS FROM `zx_tb_userinfo` [ RunTime:0.006066s ]
SQL: SELECT * FROM `zx_tb_userinfo` WHERE ( uid = 25519 ) LIMIT 1   [ RunTime:0.000761s ]
INFO: [ view_template ] --START--
INFO: Run LocationTemplate Behavior [ RunTime:0.000774s ]
INFO: [ view_template ] --END-- [ RunTime:0.000821s ]
INFO: [ view_parse ] --START--
NOTIC: [8] Undefined index: blood_type C:\wnmp\wwwroot\weixin\DataSource\Runtime\Temp\52183c10c030deba17cd13c5c511db0c5d28fbcd.file.userinfo.html.php 第 304 行.
NOTIC: [8] Undefined index: blood_type C:\wnmp\wwwroot\weixin\DataSource\Runtime\Temp\52183c10c030deba17cd13c5c511db0c5d28fbcd.file.userinfo.html.php 第 305 行.
NOTIC: [8] Undefined index: blood_type C:\wnmp\wwwroot\weixin\DataSource\Runtime\Temp\52183c10c030deba17cd13c5c511db0c5d28fbcd.file.userinfo.html.php 第 306 行.
NOTIC: [8] Undefined index: blood_type C:\wnmp\wwwroot\weixin\DataSource\Runtime\Temp\52183c10c030deba17cd13c5c511db0c5d28fbcd.file.userinfo.html.php 第 307 行.
NOTIC: [8] Undefined index: blood_type C:\wnmp\wwwroot\weixin\DataSource\Runtime\Temp\52183c10c030deba17cd13c5c511db0c5d28fbcd.file.userinfo.html.php 第 560 行.
INFO: Run ParseTemplate Behavior [ RunTime:0.339106s ]
INFO: [ view_parse ] --END-- [ RunTime:0.339150s ]
INFO: [ view_filter ] --START--
INFO: Run ContentReplace Behavior [ RunTime:0.000719s ]
INFO: Run TokenBuild Behavior [ RunTime:0.000366s ]
INFO: Run WriteHtmlCache Behavior [ RunTime:0.000345s ]
INFO: Run ShowRuntime Behavior [ RunTime:0.000419s ]
INFO: [ view_filter ] --END-- [ RunTime:0.001969s ]
INFO: [ view_end ] --START--
INFO: Run ShowPageTrace Behavior [ RunTime:0.000733s ]
INFO: [ view_end ] --END-- [ RunTime:0.000845s ]

[ 2016-11-16T12:12:13+08:00 ] /weixin/getJsTk?url=http%3A%2F%2F192.168.1.118%3A8091%2FUser%2Fuserinfo
INFO: [ route_check ] --START--
INFO: Run CheckRoute Behavior [ RunTime:0.001095s ]
INFO: [ route_check ] --END-- [ RunTime:0.001193s ]
INFO: [ app_begin ] --START--
INFO: Run ReadHtmlCache Behavior [ RunTime:0.000895s ]
INFO: [ app_begin ] --END-- [ RunTime:0.000976s ]
NOTIC: [2] Missing argument 2 for WeixinAcessTokenModel::Jstoken(), called in C:\wnmp\wwwroot\weixin\DataSource\Lib\Action\WeixinAction.class.php on line 113 and defined C:\wnmp\wwwroot\weixin\DataSource\Lib\Model\WeixinAcessTokenModel.class.php 第 24 行.

[ 2016-11-16T12:12:13+08:00 ] /static/images/icon_shield.png
INFO: [ route_check ] --START--
INFO: Run CheckRoute Behavior [ RunTime:0.000890s ]
INFO: [ route_check ] --END-- [ RunTime:0.000980s ]
INFO: [ app_begin ] --START--
INFO: Run ReadHtmlCache Behavior [ RunTime:0.000637s ]
INFO: [ app_begin ] --END-- [ RunTime:0.000715s ]
ERR: 无法加载模块:Static

[ 2016-11-16T12:12:21+08:00 ] /User/userinfo
INFO: [ route_check ] --START--
INFO: Run CheckRoute Behavior [ RunTime:0.001007s ]
INFO: [ route_check ] --END-- [ RunTime:0.001205s ]
INFO: [ app_begin ] --START--
INFO: Run ReadHtmlCache Behavior [ RunTime:0.000532s ]
INFO: [ app_begin ] --END-- [ RunTime:0.000609s ]
NOTIC: [2048] Declaration of UserAction::success() should be compatible with that of Action::success() C:\wnmp\wwwroot\weixin\DataSource\Lib\Action\UserAction.class.php 第 506 行.
INFO: Run AuthCheck Behavior [ RunTime:0.000602s ]
NOTIC: [8] Undefined index: db_dsn C:\wnmp\wwwroot\weixin\lib\ThinkPHP\Lib\Core\Db.class.php 第 129 行.
NOTIC: [8] Undefined index: db_params C:\wnmp\wwwroot\weixin\lib\ThinkPHP\Lib\Core\Db.class.php 第 130 行.
SQL: SHOW COLUMNS FROM `zx_tb_userinfo` [ RunTime:0.006868s ]
SQL: SELECT * FROM `zx_tb_userinfo` WHERE ( uid = 25519 ) LIMIT 1   [ RunTime:0.000519s ]
INFO: [ view_template ] --START--
INFO: Run LocationTemplate Behavior [ RunTime:0.000685s ]
INFO: [ view_template ] --END-- [ RunTime:0.000732s ]
INFO: [ view_parse ] --START--
NOTIC: [8] Undefined index: blood_type C:\wnmp\wwwroot\weixin\DataSource\Runtime\Temp\52183c10c030deba17cd13c5c511db0c5d28fbcd.file.userinfo.html.php 第 304 行.
NOTIC: [8] Undefined index: blood_type C:\wnmp\wwwroot\weixin\DataSource\Runtime\Temp\52183c10c030deba17cd13c5c511db0c5d28fbcd.file.userinfo.html.php 第 305 行.
NOTIC: [8] Undefined index: blood_type C:\wnmp\wwwroot\weixin\DataSource\Runtime\Temp\52183c10c030deba17cd13c5c511db0c5d28fbcd.file.userinfo.html.php 第 306 行.
NOTIC: [8] Undefined index: blood_type C:\wnmp\wwwroot\weixin\DataSource\Runtime\Temp\52183c10c030deba17cd13c5c511db0c5d28fbcd.file.userinfo.html.php 第 307 行.
NOTIC: [8] Undefined index: blood_type C:\wnmp\wwwroot\weixin\DataSource\Runtime\Temp\52183c10c030deba17cd13c5c511db0c5d28fbcd.file.userinfo.html.php 第 560 行.
INFO: Run ParseTemplate Behavior [ RunTime:0.324997s ]
INFO: [ view_parse ] --END-- [ RunTime:0.325041s ]
INFO: [ view_filter ] --START--
INFO: Run ContentReplace Behavior [ RunTime:0.000750s ]
INFO: Run TokenBuild Behavior [ RunTime:0.000442s ]
INFO: Run WriteHtmlCache Behavior [ RunTime:0.000356s ]
INFO: Run ShowRuntime Behavior [ RunTime:0.000432s ]
INFO: [ view_filter ] --END-- [ RunTime:0.002117s ]
INFO: [ view_end ] --START--
INFO: Run ShowPageTrace Behavior [ RunTime:0.000530s ]
INFO: [ view_end ] --END-- [ RunTime:0.000574s ]

[ 2016-11-16T12:12:22+08:00 ] /weixin/getJsTk?url=http%3A%2F%2F192.168.1.118%3A8091%2FUser%2Fuserinfo
INFO: [ route_check ] --START--
INFO: Run CheckRoute Behavior [ RunTime:0.001031s ]
INFO: [ route_check ] --END-- [ RunTime:0.001122s ]
INFO: [ app_begin ] --START--
INFO: Run ReadHtmlCache Behavior [ RunTime:0.000793s ]
INFO: [ app_begin ] --END-- [ RunTime:0.000869s ]
NOTIC: [2] Missing argument 2 for WeixinAcessTokenModel::Jstoken(), called in C:\wnmp\wwwroot\weixin\DataSource\Lib\Action\WeixinAction.class.php on line 113 and defined C:\wnmp\wwwroot\weixin\DataSource\Lib\Model\WeixinAcessTokenModel.class.php 第 24 行.

[ 2016-11-16T12:12:22+08:00 ] /static/images/icon_shield.png
INFO: [ route_check ] --START--
INFO: Run CheckRoute Behavior [ RunTime:0.000638s ]
INFO: [ route_check ] --END-- [ RunTime:0.000704s ]
INFO: [ app_begin ] --START--
INFO: Run ReadHtmlCache Behavior [ RunTime:0.000446s ]
INFO: [ app_begin ] --END-- [ RunTime:0.000494s ]
ERR: 无法加载模块:Static

[ 2016-11-16T12:15:13+08:00 ] /User/userinfo
INFO: [ route_check ] --START--
INFO: Run CheckRoute Behavior [ RunTime:0.000780s ]
INFO: [ route_check ] --END-- [ RunTime:0.000855s ]
INFO: [ app_begin ] --START--
INFO: Run ReadHtmlCache Behavior [ RunTime:0.000685s ]
INFO: [ app_begin ] --END-- [ RunTime:0.000752s ]
NOTIC: [2048] Declaration of UserAction::success() should be compatible with that of Action::success() C:\wnmp\wwwroot\weixin\DataSource\Lib\Action\UserAction.class.php 第 506 行.
INFO: Run AuthCheck Behavior [ RunTime:0.000753s ]
NOTIC: [8] Undefined index: db_dsn C:\wnmp\wwwroot\weixin\lib\ThinkPHP\Lib\Core\Db.class.php 第 129 行.
NOTIC: [8] Undefined index: db_params C:\wnmp\wwwroot\weixin\lib\ThinkPHP\Lib\Core\Db.class.php 第 130 行.
SQL: SHOW COLUMNS FROM `zx_tb_userinfo` [ RunTime:0.005189s ]
SQL: SELECT * FROM `zx_tb_userinfo` WHERE ( uid = 25519 ) LIMIT 1   [ RunTime:0.000915s ]
INFO: [ view_template ] --START--
INFO: Run LocationTemplate Behavior [ RunTime:0.001074s ]
INFO: [ view_template ] --END-- [ RunTime:0.001142s ]
INFO: [ view_parse ] --START--
NOTIC: [8] Undefined index: blood_type C:\wnmp\wwwroot\weixin\DataSource\Runtime\Temp\52183c10c030deba17cd13c5c511db0c5d28fbcd.file.userinfo.html.php 第 304 行.
NOTIC: [8] Undefined index: blood_type C:\wnmp\wwwroot\weixin\DataSource\Runtime\Temp\52183c10c030deba17cd13c5c511db0c5d28fbcd.file.userinfo.html.php 第 305 行.
NOTIC: [8] Undefined index: blood_type C:\wnmp\wwwroot\weixin\DataSource\Runtime\Temp\52183c10c030deba17cd13c5c511db0c5d28fbcd.file.userinfo.html.php 第 306 行.
NOTIC: [8] Undefined index: blood_type C:\wnmp\wwwroot\weixin\DataSource\Runtime\Temp\52183c10c030deba17cd13c5c511db0c5d28fbcd.file.userinfo.html.php 第 307 行.
NOTIC: [8] Undefined index: blood_type C:\wnmp\wwwroot\weixin\DataSource\Runtime\Temp\52183c10c030deba17cd13c5c511db0c5d28fbcd.file.userinfo.html.php 第 560 行.
INFO: Run ParseTemplate Behavior [ RunTime:0.327880s ]
INFO: [ view_parse ] --END-- [ RunTime:0.327924s ]
INFO: [ view_filter ] --START--
INFO: Run ContentReplace Behavior [ RunTime:0.001265s ]
INFO: Run TokenBuild Behavior [ RunTime:0.000573s ]
INFO: Run WriteHtmlCache Behavior [ RunTime:0.000367s ]
INFO: Run ShowRuntime Behavior [ RunTime:0.000515s ]
INFO: [ view_filter ] --END-- [ RunTime:0.002880s ]
INFO: [ view_end ] --START--
INFO: Run ShowPageTrace Behavior [ RunTime:0.000586s ]
INFO: [ view_end ] --END-- [ RunTime:0.000630s ]

[ 2016-11-16T12:15:17+08:00 ] /static/images/icon_shield.png
INFO: [ route_check ] --START--
INFO: Run CheckRoute Behavior [ RunTime:0.000689s ]
INFO: [ route_check ] --END-- [ RunTime:0.000762s ]
INFO: [ app_begin ] --START--
INFO: Run ReadHtmlCache Behavior [ RunTime:0.000909s ]
INFO: [ app_begin ] --END-- [ RunTime:0.000982s ]
ERR: 无法加载模块:Static

[ 2016-11-16T12:15:17+08:00 ] /User/userinfo
INFO: [ route_check ] --START--
INFO: Run CheckRoute Behavior [ RunTime:0.001560s ]
INFO: [ route_check ] --END-- [ RunTime:0.001666s ]
INFO: [ app_begin ] --START--
INFO: Run ReadHtmlCache Behavior [ RunTime:0.000575s ]
INFO: [ app_begin ] --END-- [ RunTime:0.000626s ]
NOTIC: [2048] Declaration of UserAction::success() should be compatible with that of Action::success() C:\wnmp\wwwroot\weixin\DataSource\Lib\Action\UserAction.class.php 第 506 行.
INFO: Run AuthCheck Behavior [ RunTime:0.000647s ]
NOTIC: [8] Undefined index: db_dsn C:\wnmp\wwwroot\weixin\lib\ThinkPHP\Lib\Core\Db.class.php 第 129 行.
NOTIC: [8] Undefined index: db_params C:\wnmp\wwwroot\weixin\lib\ThinkPHP\Lib\Core\Db.class.php 第 130 行.
SQL: SHOW COLUMNS FROM `zx_tb_userinfo` [ RunTime:0.007036s ]
SQL: SELECT * FROM `zx_tb_userinfo` WHERE ( uid = 25519 ) LIMIT 1   [ RunTime:0.000624s ]
INFO: [ view_template ] --START--
INFO: Run LocationTemplate Behavior [ RunTime:0.001123s ]
INFO: [ view_template ] --END-- [ RunTime:0.001200s ]
INFO: [ view_parse ] --START--
NOTIC: [8] Undefined index: blood_type C:\wnmp\wwwroot\weixin\DataSource\Runtime\Temp\52183c10c030deba17cd13c5c511db0c5d28fbcd.file.userinfo.html.php 第 304 行.
NOTIC: [8] Undefined index: blood_type C:\wnmp\wwwroot\weixin\DataSource\Runtime\Temp\52183c10c030deba17cd13c5c511db0c5d28fbcd.file.userinfo.html.php 第 305 行.
NOTIC: [8] Undefined index: blood_type C:\wnmp\wwwroot\weixin\DataSource\Runtime\Temp\52183c10c030deba17cd13c5c511db0c5d28fbcd.file.userinfo.html.php 第 306 行.
NOTIC: [8] Undefined index: blood_type C:\wnmp\wwwroot\weixin\DataSource\Runtime\Temp\52183c10c030deba17cd13c5c511db0c5d28fbcd.file.userinfo.html.php 第 307 行.
NOTIC: [8] Undefined index: blood_type C:\wnmp\wwwroot\weixin\DataSource\Runtime\Temp\52183c10c030deba17cd13c5c511db0c5d28fbcd.file.userinfo.html.php 第 560 行.
INFO: Run ParseTemplate Behavior [ RunTime:0.012114s ]
INFO: [ view_parse ] --END-- [ RunTime:0.012185s ]
INFO: [ view_filter ] --START--
INFO: Run ContentReplace Behavior [ RunTime:0.000730s ]
INFO: Run TokenBuild Behavior [ RunTime:0.000452s ]
INFO: Run WriteHtmlCache Behavior [ RunTime:0.001294s ]
INFO: Run ShowRuntime Behavior [ RunTime:0.000556s ]
INFO: [ view_filter ] --END-- [ RunTime:0.003223s ]
INFO: [ view_end ] --START--
INFO: Run ShowPageTrace Behavior [ RunTime:0.000502s ]
INFO: [ view_end ] --END-- [ RunTime:0.000567s ]

[ 2016-11-16T12:15:26+08:00 ] /User/userinfo
INFO: [ route_check ] --START--
INFO: Run CheckRoute Behavior [ RunTime:0.000638s ]
INFO: [ route_check ] --END-- [ RunTime:0.000701s ]
INFO: [ app_begin ] --START--
INFO: Run ReadHtmlCache Behavior [ RunTime:0.000405s ]
INFO: [ app_begin ] --END-- [ RunTime:0.000449s ]
NOTIC: [2048] Declaration of UserAction::success() should be compatible with that of Action::success() C:\wnmp\wwwroot\weixin\DataSource\Lib\Action\UserAction.class.php 第 506 行.
INFO: Run AuthCheck Behavior [ RunTime:0.000442s ]
NOTIC: [8] Undefined index: db_dsn C:\wnmp\wwwroot\weixin\lib\ThinkPHP\Lib\Core\Db.class.php 第 129 行.
NOTIC: [8] Undefined index: db_params C:\wnmp\wwwroot\weixin\lib\ThinkPHP\Lib\Core\Db.class.php 第 130 行.
SQL: SHOW COLUMNS FROM `zx_tb_userinfo` [ RunTime:0.006965s ]
SQL: SELECT * FROM `zx_tb_userinfo` WHERE ( uid = 25519 ) LIMIT 1   [ RunTime:0.000556s ]
INFO: [ view_template ] --START--
INFO: Run LocationTemplate Behavior [ RunTime:0.000600s ]
INFO: [ view_template ] --END-- [ RunTime:0.000695s ]
INFO: [ view_parse ] --START--
NOTIC: [8] Undefined index: blood_type C:\wnmp\wwwroot\weixin\DataSource\Runtime\Temp\52183c10c030deba17cd13c5c511db0c5d28fbcd.file.userinfo.html.php 第 304 行.
NOTIC: [8] Undefined index: blood_type C:\wnmp\wwwroot\weixin\DataSource\Runtime\Temp\52183c10c030deba17cd13c5c511db0c5d28fbcd.file.userinfo.html.php 第 305 行.
NOTIC: [8] Undefined index: blood_type C:\wnmp\wwwroot\weixin\DataSource\Runtime\Temp\52183c10c030deba17cd13c5c511db0c5d28fbcd.file.userinfo.html.php 第 306 行.
NOTIC: [8] Undefined index: blood_type C:\wnmp\wwwroot\weixin\DataSource\Runtime\Temp\52183c10c030deba17cd13c5c511db0c5d28fbcd.file.userinfo.html.php 第 307 行.
NOTIC: [8] Undefined index: blood_type C:\wnmp\wwwroot\weixin\DataSource\Runtime\Temp\52183c10c030deba17cd13c5c511db0c5d28fbcd.file.userinfo.html.php 第 560 行.
INFO: Run ParseTemplate Behavior [ RunTime:0.009234s ]
INFO: [ view_parse ] --END-- [ RunTime:0.009282s ]
INFO: [ view_filter ] --START--
INFO: Run ContentReplace Behavior [ RunTime:0.000411s ]
INFO: Run TokenBuild Behavior [ RunTime:0.000403s ]
INFO: Run WriteHtmlCache Behavior [ RunTime:0.000258s ]
INFO: Run ShowRuntime Behavior [ RunTime:0.000528s ]
INFO: [ view_filter ] --END-- [ RunTime:0.001882s ]
INFO: [ view_end ] --START--
INFO: Run ShowPageTrace Behavior [ RunTime:0.000665s ]
INFO: [ view_end ] --END-- [ RunTime:0.000731s ]

[ 2016-11-16T12:15:32+08:00 ] /weixin/getJsTk?url=http%3A%2F%2F192.168.1.118%3A8091%2FUser%2Fuserinfo
INFO: [ route_check ] --START--
INFO: Run CheckRoute Behavior [ RunTime:0.000690s ]
INFO: [ route_check ] --END-- [ RunTime:0.000762s ]
INFO: [ app_begin ] --START--
INFO: Run ReadHtmlCache Behavior [ RunTime:0.000455s ]
INFO: [ app_begin ] --END-- [ RunTime:0.000496s ]
NOTIC: [2] Missing argument 2 for WeixinAcessTokenModel::Jstoken(), called in C:\wnmp\wwwroot\weixin\DataSource\Lib\Action\WeixinAction.class.php on line 113 and defined C:\wnmp\wwwroot\weixin\DataSource\Lib\Model\WeixinAcessTokenModel.class.php 第 24 行.

[ 2016-11-16T12:15:32+08:00 ] /static/images/icon_shield.png
INFO: [ route_check ] --START--
INFO: Run CheckRoute Behavior [ RunTime:0.000616s ]
INFO: [ route_check ] --END-- [ RunTime:0.000690s ]
INFO: [ app_begin ] --START--
INFO: Run ReadHtmlCache Behavior [ RunTime:0.000564s ]
INFO: [ app_begin ] --END-- [ RunTime:0.000618s ]
ERR: 无法加载模块:Static

[ 2016-11-16T12:16:09+08:00 ] /User/userinfo
INFO: [ route_check ] --START--
INFO: Run CheckRoute Behavior [ RunTime:0.000965s ]
INFO: [ route_check ] --END-- [ RunTime:0.001095s ]
INFO: [ app_begin ] --START--
INFO: Run ReadHtmlCache Behavior [ RunTime:0.001456s ]
INFO: [ app_begin ] --END-- [ RunTime:0.001537s ]
NOTIC: [2048] Declaration of UserAction::success() should be compatible with that of Action::success() C:\wnmp\wwwroot\weixin\DataSource\Lib\Action\UserAction.class.php 第 506 行.
INFO: Run AuthCheck Behavior [ RunTime:0.000503s ]
NOTIC: [8] Undefined index: db_dsn C:\wnmp\wwwroot\weixin\lib\ThinkPHP\Lib\Core\Db.class.php 第 129 行.
NOTIC: [8] Undefined index: db_params C:\wnmp\wwwroot\weixin\lib\ThinkPHP\Lib\Core\Db.class.php 第 130 行.
SQL: SHOW COLUMNS FROM `zx_tb_userinfo` [ RunTime:0.007880s ]
SQL: SELECT * FROM `zx_tb_userinfo` WHERE ( uid = 25519 ) LIMIT 1   [ RunTime:0.000546s ]
INFO: [ view_template ] --START--
INFO: Run LocationTemplate Behavior [ RunTime:0.000672s ]
INFO: [ view_template ] --END-- [ RunTime:0.000757s ]
INFO: [ view_parse ] --START--
NOTIC: [8] Undefined index: blood_type C:\wnmp\wwwroot\weixin\DataSource\Runtime\Temp\52183c10c030deba17cd13c5c511db0c5d28fbcd.file.userinfo.html.php 第 304 行.
NOTIC: [8] Undefined index: blood_type C:\wnmp\wwwroot\weixin\DataSource\Runtime\Temp\52183c10c030deba17cd13c5c511db0c5d28fbcd.file.userinfo.html.php 第 305 行.
NOTIC: [8] Undefined index: blood_type C:\wnmp\wwwroot\weixin\DataSource\Runtime\Temp\52183c10c030deba17cd13c5c511db0c5d28fbcd.file.userinfo.html.php 第 306 行.
NOTIC: [8] Undefined index: blood_type C:\wnmp\wwwroot\weixin\DataSource\Runtime\Temp\52183c10c030deba17cd13c5c511db0c5d28fbcd.file.userinfo.html.php 第 307 行.
NOTIC: [8] Undefined index: blood_type C:\wnmp\wwwroot\weixin\DataSource\Runtime\Temp\52183c10c030deba17cd13c5c511db0c5d28fbcd.file.userinfo.html.php 第 560 行.
INFO: Run ParseTemplate Behavior [ RunTime:0.318654s ]
INFO: [ view_parse ] --END-- [ RunTime:0.318701s ]
INFO: [ view_filter ] --START--
INFO: Run ContentReplace Behavior [ RunTime:0.001008s ]
INFO: Run TokenBuild Behavior [ RunTime:0.000422s ]
INFO: Run WriteHtmlCache Behavior [ RunTime:0.000300s ]
INFO: Run ShowRuntime Behavior [ RunTime:0.000461s ]
INFO: [ view_filter ] --END-- [ RunTime:0.002332s ]
INFO: [ view_end ] --START--
INFO: Run ShowPageTrace Behavior [ RunTime:0.000664s ]
INFO: [ view_end ] --END-- [ RunTime:0.000710s ]

[ 2016-11-16T12:16:09+08:00 ] /weixin/getJsTk?url=http%3A%2F%2F192.168.1.118%3A8091%2FUser%2Fuserinfo
INFO: [ route_check ] --START--
INFO: Run CheckRoute Behavior [ RunTime:0.001103s ]
INFO: [ route_check ] --END-- [ RunTime:0.001232s ]
INFO: [ app_begin ] --START--
INFO: Run ReadHtmlCache Behavior [ RunTime:0.001082s ]
INFO: [ app_begin ] --END-- [ RunTime:0.001159s ]
NOTIC: [2] Missing argument 2 for WeixinAcessTokenModel::Jstoken(), called in C:\wnmp\wwwroot\weixin\DataSource\Lib\Action\WeixinAction.class.php on line 113 and defined C:\wnmp\wwwroot\weixin\DataSource\Lib\Model\WeixinAcessTokenModel.class.php 第 24 行.

[ 2016-11-16T12:16:09+08:00 ] /static/images/icon_shield.png
INFO: [ route_check ] --START--
INFO: Run CheckRoute Behavior [ RunTime:0.001015s ]
INFO: [ route_check ] --END-- [ RunTime:0.001167s ]
INFO: [ app_begin ] --START--
INFO: Run ReadHtmlCache Behavior [ RunTime:0.001003s ]
INFO: [ app_begin ] --END-- [ RunTime:0.001076s ]
ERR: 无法加载模块:Static

[ 2016-11-16T12:19:57+08:00 ] /User
INFO: [ route_check ] --START--
INFO: Run CheckRoute Behavior [ RunTime:0.000858s ]
INFO: [ route_check ] --END-- [ RunTime:0.000942s ]
INFO: [ app_begin ] --START--
INFO: Run ReadHtmlCache Behavior [ RunTime:0.000648s ]
INFO: [ app_begin ] --END-- [ RunTime:0.000717s ]
NOTIC: [2048] Declaration of UserAction::success() should be compatible with that of Action::success() C:\wnmp\wwwroot\weixin\DataSource\Lib\Action\UserAction.class.php 第 506 行.
INFO: Run AuthCheck Behavior [ RunTime:0.000811s ]
NOTIC: [8] Undefined index: db_dsn C:\wnmp\wwwroot\weixin\lib\ThinkPHP\Lib\Core\Db.class.php 第 129 行.
NOTIC: [8] Undefined index: db_params C:\wnmp\wwwroot\weixin\lib\ThinkPHP\Lib\Core\Db.class.php 第 130 行.
SQL: SHOW COLUMNS FROM `zx_tb_user` [ RunTime:0.008266s ]
SQL: SELECT * FROM `zx_tb_user` WHERE ( id=25519 ) LIMIT 1   [ RunTime:0.000825s ]
SQL: SHOW COLUMNS FROM `zx_tb_orders` [ RunTime:0.004707s ]
SQL: SELECT COUNT(*) AS tp_count FROM `zx_tb_orders` WHERE ( `uid` = 25519 ) AND ( `paystats` = 5 ) AND ( `pay_deadline` > '2016-11-16 12:19:57' ) LIMIT 1   [ RunTime:0.001675s ]
INFO: [ view_template ] --START--
INFO: Run LocationTemplate Behavior [ RunTime:0.000927s ]
INFO: [ view_template ] --END-- [ RunTime:0.000996s ]
INFO: [ view_parse ] --START--
INFO: Run ParseTemplate Behavior [ RunTime:0.011957s ]
INFO: [ view_parse ] --END-- [ RunTime:0.012019s ]
INFO: [ view_filter ] --START--
INFO: Run ContentReplace Behavior [ RunTime:0.000492s ]
INFO: Run TokenBuild Behavior [ RunTime:0.000442s ]
INFO: Run WriteHtmlCache Behavior [ RunTime:0.000306s ]
INFO: Run ShowRuntime Behavior [ RunTime:0.000443s ]
INFO: [ view_filter ] --END-- [ RunTime:0.001842s ]
INFO: [ view_end ] --START--
INFO: Run ShowPageTrace Behavior [ RunTime:0.000847s ]
INFO: [ view_end ] --END-- [ RunTime:0.000970s ]

[ 2016-11-16T12:19:58+08:00 ] /weixin/getJsTk?url=http%3A%2F%2F192.168.1.118%3A8091%2FUser
INFO: [ route_check ] --START--
INFO: Run CheckRoute Behavior [ RunTime:0.001626s ]
INFO: [ route_check ] --END-- [ RunTime:0.001731s ]
INFO: [ app_begin ] --START--
INFO: Run ReadHtmlCache Behavior [ RunTime:0.001925s ]
INFO: [ app_begin ] --END-- [ RunTime:0.002008s ]
NOTIC: [2] Missing argument 2 for WeixinAcessTokenModel::Jstoken(), called in C:\wnmp\wwwroot\weixin\DataSource\Lib\Action\WeixinAction.class.php on line 113 and defined C:\wnmp\wwwroot\weixin\DataSource\Lib\Model\WeixinAcessTokenModel.class.php 第 24 行.

[ 2016-11-16T12:19:59+08:00 ] /User/userinfo
INFO: [ route_check ] --START--
INFO: Run CheckRoute Behavior [ RunTime:0.000640s ]
INFO: [ route_check ] --END-- [ RunTime:0.000709s ]
INFO: [ app_begin ] --START--
INFO: Run ReadHtmlCache Behavior [ RunTime:0.000428s ]
INFO: [ app_begin ] --END-- [ RunTime:0.000570s ]
NOTIC: [2048] Declaration of UserAction::success() should be compatible with that of Action::success() C:\wnmp\wwwroot\weixin\DataSource\Lib\Action\UserAction.class.php 第 506 行.
INFO: Run AuthCheck Behavior [ RunTime:0.000879s ]
NOTIC: [8] Undefined index: db_dsn C:\wnmp\wwwroot\weixin\lib\ThinkPHP\Lib\Core\Db.class.php 第 129 行.
NOTIC: [8] Undefined index: db_params C:\wnmp\wwwroot\weixin\lib\ThinkPHP\Lib\Core\Db.class.php 第 130 行.
SQL: SHOW COLUMNS FROM `zx_tb_userinfo` [ RunTime:0.007816s ]
SQL: SELECT * FROM `zx_tb_userinfo` WHERE ( uid = 25519 ) LIMIT 1   [ RunTime:0.000649s ]
INFO: [ view_template ] --START--
INFO: Run LocationTemplate Behavior [ RunTime:0.000533s ]
INFO: [ view_template ] --END-- [ RunTime:0.000579s ]
INFO: [ view_parse ] --START--
NOTIC: [8] Undefined index: blood_type C:\wnmp\wwwroot\weixin\DataSource\Runtime\Temp\52183c10c030deba17cd13c5c511db0c5d28fbcd.file.userinfo.html.php 第 304 行.
NOTIC: [8] Undefined index: blood_type C:\wnmp\wwwroot\weixin\DataSource\Runtime\Temp\52183c10c030deba17cd13c5c511db0c5d28fbcd.file.userinfo.html.php 第 305 行.
NOTIC: [8] Undefined index: blood_type C:\wnmp\wwwroot\weixin\DataSource\Runtime\Temp\52183c10c030deba17cd13c5c511db0c5d28fbcd.file.userinfo.html.php 第 306 行.
NOTIC: [8] Undefined index: blood_type C:\wnmp\wwwroot\weixin\DataSource\Runtime\Temp\52183c10c030deba17cd13c5c511db0c5d28fbcd.file.userinfo.html.php 第 307 行.
NOTIC: [8] Undefined index: blood_type C:\wnmp\wwwroot\weixin\DataSource\Runtime\Temp\52183c10c030deba17cd13c5c511db0c5d28fbcd.file.userinfo.html.php 第 560 行.
INFO: Run ParseTemplate Behavior [ RunTime:0.319529s ]
INFO: [ view_parse ] --END-- [ RunTime:0.319576s ]
INFO: [ view_filter ] --START--
INFO: Run ContentReplace Behavior [ RunTime:0.000811s ]
INFO: Run TokenBuild Behavior [ RunTime:0.000406s ]
INFO: Run WriteHtmlCache Behavior [ RunTime:0.000307s ]
INFO: Run ShowRuntime Behavior [ RunTime:0.000448s ]
INFO: [ view_filter ] --END-- [ RunTime:0.002104s ]
INFO: [ view_end ] --START--
INFO: Run ShowPageTrace Behavior [ RunTime:0.000651s ]
INFO: [ view_end ] --END-- [ RunTime:0.000722s ]

[ 2016-11-16T12:19:59+08:00 ] /weixin/getJsTk?url=http%3A%2F%2F192.168.1.118%3A8091%2FUser%2Fuserinfo
INFO: [ route_check ] --START--
INFO: Run CheckRoute Behavior [ RunTime:0.001206s ]
INFO: [ route_check ] --END-- [ RunTime:0.001313s ]
INFO: [ app_begin ] --START--
INFO: Run ReadHtmlCache Behavior [ RunTime:0.001599s ]
INFO: [ app_begin ] --END-- [ RunTime:0.001685s ]
NOTIC: [2] Missing argument 2 for WeixinAcessTokenModel::Jstoken(), called in C:\wnmp\wwwroot\weixin\DataSource\Lib\Action\WeixinAction.class.php on line 113 and defined C:\wnmp\wwwroot\weixin\DataSource\Lib\Model\WeixinAcessTokenModel.class.php 第 24 行.

[ 2016-11-16T12:19:59+08:00 ] /static/images/icon_shield.png
INFO: [ route_check ] --START--
INFO: Run CheckRoute Behavior [ RunTime:0.000765s ]
INFO: [ route_check ] --END-- [ RunTime:0.000843s ]
INFO: [ app_begin ] --START--
INFO: Run ReadHtmlCache Behavior [ RunTime:0.000718s ]
INFO: [ app_begin ] --END-- [ RunTime:0.000789s ]
ERR: 无法加载模块:Static

[ 2016-11-16T12:27:46+08:00 ] /User/userinfo
INFO: [ route_check ] --START--
INFO: Run CheckRoute Behavior [ RunTime:0.027064s ]
INFO: [ route_check ] --END-- [ RunTime:0.028589s ]
INFO: [ app_begin ] --START--
INFO: Run ReadHtmlCache Behavior [ RunTime:0.001920s ]
INFO: [ app_begin ] --END-- [ RunTime:0.002008s ]
NOTIC: [2048] Declaration of UserAction::success() should be compatible with that of Action::success() C:\wnmp\wwwroot\weixin\DataSource\Lib\Action\UserAction.class.php 第 506 行.
INFO: Run AuthCheck Behavior [ RunTime:0.001640s ]
NOTIC: [8] Undefined index: db_dsn C:\wnmp\wwwroot\weixin\lib\ThinkPHP\Lib\Core\Db.class.php 第 129 行.
NOTIC: [8] Undefined index: db_params C:\wnmp\wwwroot\weixin\lib\ThinkPHP\Lib\Core\Db.class.php 第 130 行.
SQL: SHOW COLUMNS FROM `zx_tb_userinfo` [ RunTime:0.185775s ]
SQL: SELECT * FROM `zx_tb_userinfo` WHERE ( uid = 25519 ) LIMIT 1   [ RunTime:0.083489s ]
INFO: [ view_template ] --START--
INFO: Run LocationTemplate Behavior [ RunTime:0.001467s ]
INFO: [ view_template ] --END-- [ RunTime:0.001520s ]
INFO: [ view_parse ] --START--
NOTIC: [8] Undefined index: blood_type C:\wnmp\wwwroot\weixin\DataSource\Runtime\Temp\52183c10c030deba17cd13c5c511db0c5d28fbcd.file.userinfo.html.php 第 308 行.
NOTIC: [8] Undefined index: blood_type C:\wnmp\wwwroot\weixin\DataSource\Runtime\Temp\52183c10c030deba17cd13c5c511db0c5d28fbcd.file.userinfo.html.php 第 309 行.
NOTIC: [8] Undefined index: blood_type C:\wnmp\wwwroot\weixin\DataSource\Runtime\Temp\52183c10c030deba17cd13c5c511db0c5d28fbcd.file.userinfo.html.php 第 310 行.
NOTIC: [8] Undefined index: blood_type C:\wnmp\wwwroot\weixin\DataSource\Runtime\Temp\52183c10c030deba17cd13c5c511db0c5d28fbcd.file.userinfo.html.php 第 311 行.
NOTIC: [8] Undefined index: blood_type C:\wnmp\wwwroot\weixin\DataSource\Runtime\Temp\52183c10c030deba17cd13c5c511db0c5d28fbcd.file.userinfo.html.php 第 564 行.
INFO: Run ParseTemplate Behavior [ RunTime:0.392122s ]
INFO: [ view_parse ] --END-- [ RunTime:0.392170s ]
INFO: [ view_filter ] --START--
INFO: Run ContentReplace Behavior [ RunTime:0.001029s ]
INFO: Run TokenBuild Behavior [ RunTime:0.000719s ]
INFO: Run WriteHtmlCache Behavior [ RunTime:0.000595s ]
INFO: Run ShowRuntime Behavior [ RunTime:0.000762s ]
INFO: [ view_filter ] --END-- [ RunTime:0.003252s ]
INFO: [ view_end ] --START--
INFO: Run ShowPageTrace Behavior [ RunTime:0.000987s ]
INFO: [ view_end ] --END-- [ RunTime:0.001060s ]

[ 2016-11-16T12:27:46+08:00 ] /User/userinfo
INFO: [ route_check ] --START--
INFO: Run CheckRoute Behavior [ RunTime:0.000670s ]
INFO: [ route_check ] --END-- [ RunTime:0.000739s ]
INFO: [ app_begin ] --START--
INFO: Run ReadHtmlCache Behavior [ RunTime:0.000740s ]
INFO: [ app_begin ] --END-- [ RunTime:0.000817s ]
NOTIC: [2048] Declaration of UserAction::success() should be compatible with that of Action::success() C:\wnmp\wwwroot\weixin\DataSource\Lib\Action\UserAction.class.php 第 506 行.
INFO: Run AuthCheck Behavior [ RunTime:0.000778s ]
NOTIC: [8] Undefined index: db_dsn C:\wnmp\wwwroot\weixin\lib\ThinkPHP\Lib\Core\Db.class.php 第 129 行.
NOTIC: [8] Undefined index: db_params C:\wnmp\wwwroot\weixin\lib\ThinkPHP\Lib\Core\Db.class.php 第 130 行.
SQL: SHOW COLUMNS FROM `zx_tb_userinfo` [ RunTime:0.008604s ]
SQL: SELECT * FROM `zx_tb_userinfo` WHERE ( uid = 25519 ) LIMIT 1   [ RunTime:0.000646s ]
INFO: [ view_template ] --START--
INFO: Run LocationTemplate Behavior [ RunTime:0.000786s ]
INFO: [ view_template ] --END-- [ RunTime:0.000836s ]
INFO: [ view_parse ] --START--
NOTIC: [8] Undefined index: blood_type C:\wnmp\wwwroot\weixin\DataSource\Runtime\Temp\52183c10c030deba17cd13c5c511db0c5d28fbcd.file.userinfo.html.php 第 308 行.
NOTIC: [8] Undefined index: blood_type C:\wnmp\wwwroot\weixin\DataSource\Runtime\Temp\52183c10c030deba17cd13c5c511db0c5d28fbcd.file.userinfo.html.php 第 309 行.
NOTIC: [8] Undefined index: blood_type C:\wnmp\wwwroot\weixin\DataSource\Runtime\Temp\52183c10c030deba17cd13c5c511db0c5d28fbcd.file.userinfo.html.php 第 310 行.
NOTIC: [8] Undefined index: blood_type C:\wnmp\wwwroot\weixin\DataSource\Runtime\Temp\52183c10c030deba17cd13c5c511db0c5d28fbcd.file.userinfo.html.php 第 311 行.
NOTIC: [8] Undefined index: blood_type C:\wnmp\wwwroot\weixin\DataSource\Runtime\Temp\52183c10c030deba17cd13c5c511db0c5d28fbcd.file.userinfo.html.php 第 564 行.
INFO: Run ParseTemplate Behavior [ RunTime:0.011881s ]
INFO: [ view_parse ] --END-- [ RunTime:0.011940s ]
INFO: [ view_filter ] --START--
INFO: Run ContentReplace Behavior [ RunTime:0.000726s ]
INFO: Run TokenBuild Behavior [ RunTime:0.000567s ]
INFO: Run WriteHtmlCache Behavior [ RunTime:0.000416s ]
INFO: Run ShowRuntime Behavior [ RunTime:0.000611s ]
INFO: [ view_filter ] --END-- [ RunTime:0.002525s ]
INFO: [ view_end ] --START--
INFO: Run ShowPageTrace Behavior [ RunTime:0.000778s ]
INFO: [ view_end ] --END-- [ RunTime:0.000849s ]

[ 2016-11-16T12:27:46+08:00 ] /weixin/getJsTk?url=http%3A%2F%2F192.168.1.118%3A8091%2FUser%2Fuserinfo
INFO: [ route_check ] --START--
INFO: Run CheckRoute Behavior [ RunTime:0.000981s ]
INFO: [ route_check ] --END-- [ RunTime:0.001092s ]
INFO: [ app_begin ] --START--
INFO: Run ReadHtmlCache Behavior [ RunTime:0.000811s ]
INFO: [ app_begin ] --END-- [ RunTime:0.000901s ]
NOTIC: [2] Missing argument 2 for WeixinAcessTokenModel::Jstoken(), called in C:\wnmp\wwwroot\weixin\DataSource\Lib\Action\WeixinAction.class.php on line 113 and defined C:\wnmp\wwwroot\weixin\DataSource\Lib\Model\WeixinAcessTokenModel.class.php 第 24 行.

[ 2016-11-16T12:27:47+08:00 ] /static/images/icon_shield.png
INFO: [ route_check ] --START--
INFO: Run CheckRoute Behavior [ RunTime:0.000981s ]
INFO: [ route_check ] --END-- [ RunTime:0.001060s ]
INFO: [ app_begin ] --START--
INFO: Run ReadHtmlCache Behavior [ RunTime:0.000494s ]
INFO: [ app_begin ] --END-- [ RunTime:0.000542s ]
ERR: 无法加载模块:Static

[ 2016-11-16T12:28:56+08:00 ] /User/userinfo
INFO: [ route_check ] --START--
INFO: Run CheckRoute Behavior [ RunTime:0.001521s ]
INFO: [ route_check ] --END-- [ RunTime:0.001612s ]
INFO: [ app_begin ] --START--
INFO: Run ReadHtmlCache Behavior [ RunTime:0.000854s ]
INFO: [ app_begin ] --END-- [ RunTime:0.000914s ]
NOTIC: [2048] Declaration of UserAction::success() should be compatible with that of Action::success() C:\wnmp\wwwroot\weixin\DataSource\Lib\Action\UserAction.class.php 第 506 行.
INFO: Run AuthCheck Behavior [ RunTime:0.001333s ]
NOTIC: [8] Undefined index: db_dsn C:\wnmp\wwwroot\weixin\lib\ThinkPHP\Lib\Core\Db.class.php 第 129 行.
NOTIC: [8] Undefined index: db_params C:\wnmp\wwwroot\weixin\lib\ThinkPHP\Lib\Core\Db.class.php 第 130 行.
SQL: SHOW COLUMNS FROM `zx_tb_userinfo` [ RunTime:0.015999s ]
SQL: SELECT * FROM `zx_tb_userinfo` WHERE ( uid = 25519 ) LIMIT 1   [ RunTime:0.000497s ]
INFO: [ view_template ] --START--
INFO: Run LocationTemplate Behavior [ RunTime:0.000876s ]
INFO: [ view_template ] --END-- [ RunTime:0.000936s ]
INFO: [ view_parse ] --START--
NOTIC: [8] Undefined index: blood_type C:\wnmp\wwwroot\weixin\DataSource\Runtime\Temp\52183c10c030deba17cd13c5c511db0c5d28fbcd.file.userinfo.html.php 第 306 行.
NOTIC: [8] Undefined index: blood_type C:\wnmp\wwwroot\weixin\DataSource\Runtime\Temp\52183c10c030deba17cd13c5c511db0c5d28fbcd.file.userinfo.html.php 第 307 行.
NOTIC: [8] Undefined index: blood_type C:\wnmp\wwwroot\weixin\DataSource\Runtime\Temp\52183c10c030deba17cd13c5c511db0c5d28fbcd.file.userinfo.html.php 第 308 行.
NOTIC: [8] Undefined index: blood_type C:\wnmp\wwwroot\weixin\DataSource\Runtime\Temp\52183c10c030deba17cd13c5c511db0c5d28fbcd.file.userinfo.html.php 第 309 行.
NOTIC: [8] Undefined index: blood_type C:\wnmp\wwwroot\weixin\DataSource\Runtime\Temp\52183c10c030deba17cd13c5c511db0c5d28fbcd.file.userinfo.html.php 第 562 行.
INFO: Run ParseTemplate Behavior [ RunTime:0.333190s ]
INFO: [ view_parse ] --END-- [ RunTime:0.333247s ]
INFO: [ view_filter ] --START--
INFO: Run ContentReplace Behavior [ RunTime:0.001154s ]
INFO: Run TokenBuild Behavior [ RunTime:0.000864s ]
INFO: Run WriteHtmlCache Behavior [ RunTime:0.000738s ]
INFO: Run ShowRuntime Behavior [ RunTime:0.000959s ]
INFO: [ view_filter ] --END-- [ RunTime:0.003879s ]
INFO: [ view_end ] --START--
INFO: Run ShowPageTrace Behavior [ RunTime:0.001068s ]
INFO: [ view_end ] --END-- [ RunTime:0.001137s ]

[ 2016-11-16T12:28:56+08:00 ] /weixin/getJsTk?url=http%3A%2F%2F192.168.1.118%3A8091%2FUser%2Fuserinfo
INFO: [ route_check ] --START--
INFO: Run CheckRoute Behavior [ RunTime:0.001271s ]
INFO: [ route_check ] --END-- [ RunTime:0.001374s ]
INFO: [ app_begin ] --START--
INFO: Run ReadHtmlCache Behavior [ RunTime:0.001299s ]
INFO: [ app_begin ] --END-- [ RunTime:0.001397s ]
NOTIC: [2] Missing argument 2 for WeixinAcessTokenModel::Jstoken(), called in C:\wnmp\wwwroot\weixin\DataSource\Lib\Action\WeixinAction.class.php on line 113 and defined C:\wnmp\wwwroot\weixin\DataSource\Lib\Model\WeixinAcessTokenModel.class.php 第 24 行.

[ 2016-11-16T12:28:58+08:00 ] /static/images/icon_shield.png
INFO: [ route_check ] --START--
INFO: Run CheckRoute Behavior [ RunTime:0.000628s ]
INFO: [ route_check ] --END-- [ RunTime:0.000695s ]
INFO: [ app_begin ] --START--
INFO: Run ReadHtmlCache Behavior [ RunTime:0.000585s ]
INFO: [ app_begin ] --END-- [ RunTime:0.000649s ]
ERR: 无法加载模块:Static

[ 2016-11-16T12:29:26+08:00 ] /User/userinfo
INFO: [ route_check ] --START--
INFO: Run CheckRoute Behavior [ RunTime:0.001601s ]
INFO: [ route_check ] --END-- [ RunTime:0.001680s ]
INFO: [ app_begin ] --START--
INFO: Run ReadHtmlCache Behavior [ RunTime:0.001093s ]
INFO: [ app_begin ] --END-- [ RunTime:0.001154s ]
NOTIC: [2048] Declaration of UserAction::success() should be compatible with that of Action::success() C:\wnmp\wwwroot\weixin\DataSource\Lib\Action\UserAction.class.php 第 506 行.
INFO: Run AuthCheck Behavior [ RunTime:0.001473s ]
NOTIC: [8] Undefined index: db_dsn C:\wnmp\wwwroot\weixin\lib\ThinkPHP\Lib\Core\Db.class.php 第 129 行.
NOTIC: [8] Undefined index: db_params C:\wnmp\wwwroot\weixin\lib\ThinkPHP\Lib\Core\Db.class.php 第 130 行.
SQL: SHOW COLUMNS FROM `zx_tb_userinfo` [ RunTime:0.005034s ]
SQL: SELECT * FROM `zx_tb_userinfo` WHERE ( uid = 25519 ) LIMIT 1   [ RunTime:0.000552s ]
INFO: [ view_template ] --START--
INFO: Run LocationTemplate Behavior [ RunTime:0.001068s ]
INFO: [ view_template ] --END-- [ RunTime:0.001121s ]
INFO: [ view_parse ] --START--
NOTIC: [8] Undefined index: blood_type C:\wnmp\wwwroot\weixin\DataSource\Runtime\Temp\52183c10c030deba17cd13c5c511db0c5d28fbcd.file.userinfo.html.php 第 308 行.
NOTIC: [8] Undefined index: blood_type C:\wnmp\wwwroot\weixin\DataSource\Runtime\Temp\52183c10c030deba17cd13c5c511db0c5d28fbcd.file.userinfo.html.php 第 309 行.
NOTIC: [8] Undefined index: blood_type C:\wnmp\wwwroot\weixin\DataSource\Runtime\Temp\52183c10c030deba17cd13c5c511db0c5d28fbcd.file.userinfo.html.php 第 310 行.
NOTIC: [8] Undefined index: blood_type C:\wnmp\wwwroot\weixin\DataSource\Runtime\Temp\52183c10c030deba17cd13c5c511db0c5d28fbcd.file.userinfo.html.php 第 311 行.
NOTIC: [8] Undefined index: blood_type C:\wnmp\wwwroot\weixin\DataSource\Runtime\Temp\52183c10c030deba17cd13c5c511db0c5d28fbcd.file.userinfo.html.php 第 564 行.
INFO: Run ParseTemplate Behavior [ RunTime:0.366786s ]
INFO: [ view_parse ] --END-- [ RunTime:0.366841s ]
INFO: [ view_filter ] --START--
INFO: Run ContentReplace Behavior [ RunTime:0.001080s ]
INFO: Run TokenBuild Behavior [ RunTime:0.000655s ]
INFO: Run WriteHtmlCache Behavior [ RunTime:0.000499s ]
INFO: Run ShowRuntime Behavior [ RunTime:0.000637s ]
INFO: [ view_filter ] --END-- [ RunTime:0.003007s ]
INFO: [ view_end ] --START--
INFO: Run ShowPageTrace Behavior [ RunTime:0.000787s ]
INFO: [ view_end ] --END-- [ RunTime:0.000851s ]

[ 2016-11-16T12:29:26+08:00 ] /weixin/getJsTk?url=http%3A%2F%2F192.168.1.118%3A8091%2FUser%2Fuserinfo
INFO: [ route_check ] --START--
INFO: Run CheckRoute Behavior [ RunTime:0.001332s ]
INFO: [ route_check ] --END-- [ RunTime:0.001518s ]
INFO: [ app_begin ] --START--
INFO: Run ReadHtmlCache Behavior [ RunTime:0.000911s ]
INFO: [ app_begin ] --END-- [ RunTime:0.001482s ]
NOTIC: [2] Missing argument 2 for WeixinAcessTokenModel::Jstoken(), called in C:\wnmp\wwwroot\weixin\DataSource\Lib\Action\WeixinAction.class.php on line 113 and defined C:\wnmp\wwwroot\weixin\DataSource\Lib\Model\WeixinAcessTokenModel.class.php 第 24 行.

[ 2016-11-16T12:29:26+08:00 ] /static/images/icon_shield.png
INFO: [ route_check ] --START--
INFO: Run CheckRoute Behavior [ RunTime:0.001012s ]
INFO: [ route_check ] --END-- [ RunTime:0.001119s ]
INFO: [ app_begin ] --START--
INFO: Run ReadHtmlCache Behavior [ RunTime:0.007523s ]
INFO: [ app_begin ] --END-- [ RunTime:0.007607s ]
ERR: 无法加载模块:Static

[ 2016-11-16T12:29:26+08:00 ] /User/userinfo
INFO: [ route_check ] --START--
INFO: Run CheckRoute Behavior [ RunTime:0.000604s ]
INFO: [ route_check ] --END-- [ RunTime:0.000668s ]
INFO: [ app_begin ] --START--
INFO: Run ReadHtmlCache Behavior [ RunTime:0.000438s ]
INFO: [ app_begin ] --END-- [ RunTime:0.000485s ]
NOTIC: [2048] Declaration of UserAction::success() should be compatible with that of Action::success() C:\wnmp\wwwroot\weixin\DataSource\Lib\Action\UserAction.class.php 第 506 行.
INFO: Run AuthCheck Behavior [ RunTime:0.001357s ]
NOTIC: [8] Undefined index: db_dsn C:\wnmp\wwwroot\weixin\lib\ThinkPHP\Lib\Core\Db.class.php 第 129 行.
NOTIC: [8] Undefined index: db_params C:\wnmp\wwwroot\weixin\lib\ThinkPHP\Lib\Core\Db.class.php 第 130 行.
SQL: SHOW COLUMNS FROM `zx_tb_userinfo` [ RunTime:0.007527s ]
SQL: SELECT * FROM `zx_tb_userinfo` WHERE ( uid = 25519 ) LIMIT 1   [ RunTime:0.000488s ]
INFO: [ view_template ] --START--
INFO: Run LocationTemplate Behavior [ RunTime:0.000689s ]
INFO: [ view_template ] --END-- [ RunTime:0.000752s ]
INFO: [ view_parse ] --START--
NOTIC: [8] Undefined index: blood_type C:\wnmp\wwwroot\weixin\DataSource\Runtime\Temp\52183c10c030deba17cd13c5c511db0c5d28fbcd.file.userinfo.html.php 第 308 行.
NOTIC: [8] Undefined index: blood_type C:\wnmp\wwwroot\weixin\DataSource\Runtime\Temp\52183c10c030deba17cd13c5c511db0c5d28fbcd.file.userinfo.html.php 第 309 行.
NOTIC: [8] Undefined index: blood_type C:\wnmp\wwwroot\weixin\DataSource\Runtime\Temp\52183c10c030deba17cd13c5c511db0c5d28fbcd.file.userinfo.html.php 第 310 行.
NOTIC: [8] Undefined index: blood_type C:\wnmp\wwwroot\weixin\DataSource\Runtime\Temp\52183c10c030deba17cd13c5c511db0c5d28fbcd.file.userinfo.html.php 第 311 行.
NOTIC: [8] Undefined index: blood_type C:\wnmp\wwwroot\weixin\DataSource\Runtime\Temp\52183c10c030deba17cd13c5c511db0c5d28fbcd.file.userinfo.html.php 第 564 行.
INFO: Run ParseTemplate Behavior [ RunTime:0.010531s ]
INFO: [ view_parse ] --END-- [ RunTime:0.010614s ]
INFO: [ view_filter ] --START--
INFO: Run ContentReplace Behavior [ RunTime:0.000488s ]
INFO: Run TokenBuild Behavior [ RunTime:0.000453s ]
INFO: Run WriteHtmlCache Behavior [ RunTime:0.000256s ]
INFO: Run ShowRuntime Behavior [ RunTime:0.000482s ]
INFO: [ view_filter ] --END-- [ RunTime:0.001833s ]
INFO: [ view_end ] --START--
INFO: Run ShowPageTrace Behavior [ RunTime:0.000673s ]
INFO: [ view_end ] --END-- [ RunTime:0.000742s ]

[ 2016-11-16T12:29:27+08:00 ] /weixin/getJsTk?url=http%3A%2F%2F192.168.1.118%3A8091%2FUser%2Fuserinfo
INFO: [ route_check ] --START--
INFO: Run CheckRoute Behavior [ RunTime:0.001605s ]
INFO: [ route_check ] --END-- [ RunTime:0.001697s ]
INFO: [ app_begin ] --START--
INFO: Run ReadHtmlCache Behavior [ RunTime:0.000747s ]
INFO: [ app_begin ] --END-- [ RunTime:0.000811s ]
NOTIC: [2] Missing argument 2 for WeixinAcessTokenModel::Jstoken(), called in C:\wnmp\wwwroot\weixin\DataSource\Lib\Action\WeixinAction.class.php on line 113 and defined C:\wnmp\wwwroot\weixin\DataSource\Lib\Model\WeixinAcessTokenModel.class.php 第 24 行.

[ 2016-11-16T12:29:27+08:00 ] /static/images/icon_shield.png
INFO: [ route_check ] --START--
INFO: Run CheckRoute Behavior [ RunTime:0.001137s ]
INFO: [ route_check ] --END-- [ RunTime:0.001221s ]
INFO: [ app_begin ] --START--
INFO: Run ReadHtmlCache Behavior [ RunTime:0.000535s ]
INFO: [ app_begin ] --END-- [ RunTime:0.000591s ]
ERR: 无法加载模块:Static

[ 2016-11-16T12:29:51+08:00 ] /User/userinfo
INFO: [ route_check ] --START--
INFO: Run CheckRoute Behavior [ RunTime:0.001670s ]
INFO: [ route_check ] --END-- [ RunTime:0.001741s ]
INFO: [ app_begin ] --START--
INFO: Run ReadHtmlCache Behavior [ RunTime:0.001095s ]
INFO: [ app_begin ] --END-- [ RunTime:0.001144s ]
NOTIC: [2048] Declaration of UserAction::success() should be compatible with that of Action::success() C:\wnmp\wwwroot\weixin\DataSource\Lib\Action\UserAction.class.php 第 506 行.
INFO: Run AuthCheck Behavior [ RunTime:0.001552s ]
NOTIC: [8] Undefined index: db_dsn C:\wnmp\wwwroot\weixin\lib\ThinkPHP\Lib\Core\Db.class.php 第 129 行.
NOTIC: [8] Undefined index: db_params C:\wnmp\wwwroot\weixin\lib\ThinkPHP\Lib\Core\Db.class.php 第 130 行.
SQL: SHOW COLUMNS FROM `zx_tb_userinfo` [ RunTime:0.005378s ]
SQL: SELECT * FROM `zx_tb_userinfo` WHERE ( uid = 25519 ) LIMIT 1   [ RunTime:0.000557s ]
INFO: [ view_template ] --START--
INFO: Run LocationTemplate Behavior [ RunTime:0.000933s ]
INFO: [ view_template ] --END-- [ RunTime:0.001081s ]
INFO: [ view_parse ] --START--
NOTIC: [8] Undefined index: blood_type C:\wnmp\wwwroot\weixin\DataSource\Runtime\Temp\52183c10c030deba17cd13c5c511db0c5d28fbcd.file.userinfo.html.php 第 308 行.
NOTIC: [8] Undefined index: blood_type C:\wnmp\wwwroot\weixin\DataSource\Runtime\Temp\52183c10c030deba17cd13c5c511db0c5d28fbcd.file.userinfo.html.php 第 309 行.
NOTIC: [8] Undefined index: blood_type C:\wnmp\wwwroot\weixin\DataSource\Runtime\Temp\52183c10c030deba17cd13c5c511db0c5d28fbcd.file.userinfo.html.php 第 310 行.
NOTIC: [8] Undefined index: blood_type C:\wnmp\wwwroot\weixin\DataSource\Runtime\Temp\52183c10c030deba17cd13c5c511db0c5d28fbcd.file.userinfo.html.php 第 311 行.
NOTIC: [8] Undefined index: blood_type C:\wnmp\wwwroot\weixin\DataSource\Runtime\Temp\52183c10c030deba17cd13c5c511db0c5d28fbcd.file.userinfo.html.php 第 564 行.
INFO: Run ParseTemplate Behavior [ RunTime:0.320271s ]
INFO: [ view_parse ] --END-- [ RunTime:0.320337s ]
INFO: [ view_filter ] --START--
INFO: Run ContentReplace Behavior [ RunTime:0.001181s ]
INFO: Run TokenBuild Behavior [ RunTime:0.000769s ]
INFO: Run WriteHtmlCache Behavior [ RunTime:0.000754s ]
INFO: Run ShowRuntime Behavior [ RunTime:0.000924s ]
INFO: [ view_filter ] --END-- [ RunTime:0.003782s ]
INFO: [ view_end ] --START--
INFO: Run ShowPageTrace Behavior [ RunTime:0.000977s ]
INFO: [ view_end ] --END-- [ RunTime:0.001067s ]

[ 2016-11-16T12:29:51+08:00 ] /weixin/getJsTk?url=http%3A%2F%2F192.168.1.118%3A8091%2FUser%2Fuserinfo
INFO: [ route_check ] --START--
INFO: Run CheckRoute Behavior [ RunTime:0.001031s ]
INFO: [ route_check ] --END-- [ RunTime:0.001124s ]
INFO: [ app_begin ] --START--
INFO: Run ReadHtmlCache Behavior [ RunTime:0.002105s ]
INFO: [ app_begin ] --END-- [ RunTime:0.002198s ]
NOTIC: [2] Missing argument 2 for WeixinAcessTokenModel::Jstoken(), called in C:\wnmp\wwwroot\weixin\DataSource\Lib\Action\WeixinAction.class.php on line 113 and defined C:\wnmp\wwwroot\weixin\DataSource\Lib\Model\WeixinAcessTokenModel.class.php 第 24 行.

[ 2016-11-16T12:29:51+08:00 ] /static/images/icon_shield.png
INFO: [ route_check ] --START--
INFO: Run CheckRoute Behavior [ RunTime:0.001445s ]
INFO: [ route_check ] --END-- [ RunTime:0.001537s ]
INFO: [ app_begin ] --START--
INFO: Run ReadHtmlCache Behavior [ RunTime:0.000493s ]
INFO: [ app_begin ] --END-- [ RunTime:0.000572s ]
ERR: 无法加载模块:Static

[ 2016-11-16T12:29:58+08:00 ] /User/userinfo
INFO: [ route_check ] --START--
INFO: Run CheckRoute Behavior [ RunTime:0.001344s ]
INFO: [ route_check ] --END-- [ RunTime:0.001419s ]
INFO: [ app_begin ] --START--
INFO: Run ReadHtmlCache Behavior [ RunTime:0.000930s ]
INFO: [ app_begin ] --END-- [ RunTime:0.000984s ]
NOTIC: [2048] Declaration of UserAction::success() should be compatible with that of Action::success() C:\wnmp\wwwroot\weixin\DataSource\Lib\Action\UserAction.class.php 第 506 行.
INFO: Run AuthCheck Behavior [ RunTime:0.001423s ]
NOTIC: [8] Undefined index: db_dsn C:\wnmp\wwwroot\weixin\lib\ThinkPHP\Lib\Core\Db.class.php 第 129 行.
NOTIC: [8] Undefined index: db_params C:\wnmp\wwwroot\weixin\lib\ThinkPHP\Lib\Core\Db.class.php 第 130 行.
SQL: SHOW COLUMNS FROM `zx_tb_userinfo` [ RunTime:0.004199s ]
SQL: SELECT * FROM `zx_tb_userinfo` WHERE ( uid = 25519 ) LIMIT 1   [ RunTime:0.000686s ]
INFO: [ view_template ] --START--
INFO: Run LocationTemplate Behavior [ RunTime:0.001577s ]
INFO: [ view_template ] --END-- [ RunTime:0.001672s ]
INFO: [ view_parse ] --START--
NOTIC: [8] Undefined index: blood_type C:\wnmp\wwwroot\weixin\DataSource\Runtime\Temp\52183c10c030deba17cd13c5c511db0c5d28fbcd.file.userinfo.html.php 第 308 行.
NOTIC: [8] Undefined index: blood_type C:\wnmp\wwwroot\weixin\DataSource\Runtime\Temp\52183c10c030deba17cd13c5c511db0c5d28fbcd.file.userinfo.html.php 第 309 行.
NOTIC: [8] Undefined index: blood_type C:\wnmp\wwwroot\weixin\DataSource\Runtime\Temp\52183c10c030deba17cd13c5c511db0c5d28fbcd.file.userinfo.html.php 第 310 行.
NOTIC: [8] Undefined index: blood_type C:\wnmp\wwwroot\weixin\DataSource\Runtime\Temp\52183c10c030deba17cd13c5c511db0c5d28fbcd.file.userinfo.html.php 第 311 行.
NOTIC: [8] Undefined index: blood_type C:\wnmp\wwwroot\weixin\DataSource\Runtime\Temp\52183c10c030deba17cd13c5c511db0c5d28fbcd.file.userinfo.html.php 第 564 行.
INFO: Run ParseTemplate Behavior [ RunTime:0.315478s ]
INFO: [ view_parse ] --END-- [ RunTime:0.315556s ]
INFO: [ view_filter ] --START--
INFO: Run ContentReplace Behavior [ RunTime:0.001079s ]
INFO: Run TokenBuild Behavior [ RunTime:0.001028s ]
INFO: Run WriteHtmlCache Behavior [ RunTime:0.000727s ]
INFO: Run ShowRuntime Behavior [ RunTime:0.000804s ]
INFO: [ view_filter ] --END-- [ RunTime:0.003812s ]
INFO: [ view_end ] --START--
INFO: Run ShowPageTrace Behavior [ RunTime:0.000991s ]
INFO: [ view_end ] --END-- [ RunTime:0.001041s ]

[ 2016-11-16T12:29:58+08:00 ] /weixin/getJsTk?url=http%3A%2F%2F192.168.1.118%3A8091%2FUser%2Fuserinfo
INFO: [ route_check ] --START--
INFO: Run CheckRoute Behavior [ RunTime:0.000971s ]
INFO: [ route_check ] --END-- [ RunTime:0.001047s ]
INFO: [ app_begin ] --START--
INFO: Run ReadHtmlCache Behavior [ RunTime:0.000838s ]
INFO: [ app_begin ] --END-- [ RunTime:0.000926s ]
NOTIC: [2] Missing argument 2 for WeixinAcessTokenModel::Jstoken(), called in C:\wnmp\wwwroot\weixin\DataSource\Lib\Action\WeixinAction.class.php on line 113 and defined C:\wnmp\wwwroot\weixin\DataSource\Lib\Model\WeixinAcessTokenModel.class.php 第 24 行.

[ 2016-11-16T12:29:58+08:00 ] /static/images/icon_shield.png
INFO: [ route_check ] --START--
INFO: Run CheckRoute Behavior [ RunTime:0.002619s ]
INFO: [ route_check ] --END-- [ RunTime:0.002744s ]
INFO: [ app_begin ] --START--
INFO: Run ReadHtmlCache Behavior [ RunTime:0.000543s ]
INFO: [ app_begin ] --END-- [ RunTime:0.000602s ]
ERR: 无法加载模块:Static

[ 2016-11-16T12:30:07+08:00 ] /User/userinfo
INFO: [ route_check ] --START--
INFO: Run CheckRoute Behavior [ RunTime:0.000790s ]
INFO: [ route_check ] --END-- [ RunTime:0.000880s ]
INFO: [ app_begin ] --START--
INFO: Run ReadHtmlCache Behavior [ RunTime:0.000436s ]
INFO: [ app_begin ] --END-- [ RunTime:0.000484s ]
NOTIC: [2048] Declaration of UserAction::success() should be compatible with that of Action::success() C:\wnmp\wwwroot\weixin\DataSource\Lib\Action\UserAction.class.php 第 506 行.
INFO: Run AuthCheck Behavior [ RunTime:0.000521s ]
NOTIC: [8] Undefined index: db_dsn C:\wnmp\wwwroot\weixin\lib\ThinkPHP\Lib\Core\Db.class.php 第 129 行.
NOTIC: [8] Undefined index: db_params C:\wnmp\wwwroot\weixin\lib\ThinkPHP\Lib\Core\Db.class.php 第 130 行.
SQL: SHOW COLUMNS FROM `zx_tb_userinfo` [ RunTime:0.005385s ]
SQL: SELECT * FROM `zx_tb_userinfo` WHERE ( uid = 25519 ) LIMIT 1   [ RunTime:0.000516s ]
INFO: [ view_template ] --START--
INFO: Run LocationTemplate Behavior [ RunTime:0.000665s ]
INFO: [ view_template ] --END-- [ RunTime:0.000715s ]
INFO: [ view_parse ] --START--
NOTIC: [8] Undefined index: blood_type C:\wnmp\wwwroot\weixin\DataSource\Runtime\Temp\52183c10c030deba17cd13c5c511db0c5d28fbcd.file.userinfo.html.php 第 308 行.
NOTIC: [8] Undefined index: blood_type C:\wnmp\wwwroot\weixin\DataSource\Runtime\Temp\52183c10c030deba17cd13c5c511db0c5d28fbcd.file.userinfo.html.php 第 309 行.
NOTIC: [8] Undefined index: blood_type C:\wnmp\wwwroot\weixin\DataSource\Runtime\Temp\52183c10c030deba17cd13c5c511db0c5d28fbcd.file.userinfo.html.php 第 310 行.
NOTIC: [8] Undefined index: blood_type C:\wnmp\wwwroot\weixin\DataSource\Runtime\Temp\52183c10c030deba17cd13c5c511db0c5d28fbcd.file.userinfo.html.php 第 311 行.
NOTIC: [8] Undefined index: blood_type C:\wnmp\wwwroot\weixin\DataSource\Runtime\Temp\52183c10c030deba17cd13c5c511db0c5d28fbcd.file.userinfo.html.php 第 564 行.
INFO: Run ParseTemplate Behavior [ RunTime:0.318299s ]
INFO: [ view_parse ] --END-- [ RunTime:0.318343s ]
INFO: [ view_filter ] --START--
INFO: Run ContentReplace Behavior [ RunTime:0.000714s ]
INFO: Run TokenBuild Behavior [ RunTime:0.000489s ]
INFO: Run WriteHtmlCache Behavior [ RunTime:0.000281s ]
INFO: Run ShowRuntime Behavior [ RunTime:0.000636s ]
INFO: [ view_filter ] --END-- [ RunTime:0.002249s ]
INFO: [ view_end ] --START--
INFO: Run ShowPageTrace Behavior [ RunTime:0.000635s ]
INFO: [ view_end ] --END-- [ RunTime:0.000680s ]

[ 2016-11-16T12:30:07+08:00 ] /weixin/getJsTk?url=http%3A%2F%2F192.168.1.118%3A8091%2FUser%2Fuserinfo
INFO: [ route_check ] --START--
INFO: Run CheckRoute Behavior [ RunTime:0.004708s ]
INFO: [ route_check ] --END-- [ RunTime:0.004819s ]
INFO: [ app_begin ] --START--
INFO: Run ReadHtmlCache Behavior [ RunTime:0.000673s ]
INFO: [ app_begin ] --END-- [ RunTime:0.000759s ]
NOTIC: [2] Missing argument 2 for WeixinAcessTokenModel::Jstoken(), called in C:\wnmp\wwwroot\weixin\DataSource\Lib\Action\WeixinAction.class.php on line 113 and defined C:\wnmp\wwwroot\weixin\DataSource\Lib\Model\WeixinAcessTokenModel.class.php 第 24 行.

[ 2016-11-16T12:30:07+08:00 ] /static/images/icon_shield.png
INFO: [ route_check ] --START--
INFO: Run CheckRoute Behavior [ RunTime:0.000955s ]
INFO: [ route_check ] --END-- [ RunTime:0.001052s ]
INFO: [ app_begin ] --START--
INFO: Run ReadHtmlCache Behavior [ RunTime:0.000696s ]
INFO: [ app_begin ] --END-- [ RunTime:0.000768s ]
ERR: 无法加载模块:Static

[ 2016-11-16T12:31:01+08:00 ] /User/userinfo
INFO: [ route_check ] --START--
INFO: Run CheckRoute Behavior [ RunTime:0.001053s ]
INFO: [ route_check ] --END-- [ RunTime:0.001128s ]
INFO: [ app_begin ] --START--
INFO: Run ReadHtmlCache Behavior [ RunTime:0.001183s ]
INFO: [ app_begin ] --END-- [ RunTime:0.001344s ]
NOTIC: [2048] Declaration of UserAction::success() should be compatible with that of Action::success() C:\wnmp\wwwroot\weixin\DataSource\Lib\Action\UserAction.class.php 第 506 行.
INFO: Run AuthCheck Behavior [ RunTime:0.001385s ]
NOTIC: [8] Undefined index: db_dsn C:\wnmp\wwwroot\weixin\lib\ThinkPHP\Lib\Core\Db.class.php 第 129 行.
NOTIC: [8] Undefined index: db_params C:\wnmp\wwwroot\weixin\lib\ThinkPHP\Lib\Core\Db.class.php 第 130 行.
SQL: SHOW COLUMNS FROM `zx_tb_userinfo` [ RunTime:0.004766s ]
SQL: SELECT * FROM `zx_tb_userinfo` WHERE ( uid = 25519 ) LIMIT 1   [ RunTime:0.000715s ]
INFO: [ view_template ] --START--
INFO: Run LocationTemplate Behavior [ RunTime:0.013795s ]
INFO: [ view_template ] --END-- [ RunTime:0.013868s ]
INFO: [ view_parse ] --START--
NOTIC: [8] Undefined index: blood_type C:\wnmp\wwwroot\weixin\DataSource\Runtime\Temp\52183c10c030deba17cd13c5c511db0c5d28fbcd.file.userinfo.html.php 第 311 行.
NOTIC: [8] Undefined index: blood_type C:\wnmp\wwwroot\weixin\DataSource\Runtime\Temp\52183c10c030deba17cd13c5c511db0c5d28fbcd.file.userinfo.html.php 第 312 行.
NOTIC: [8] Undefined index: blood_type C:\wnmp\wwwroot\weixin\DataSource\Runtime\Temp\52183c10c030deba17cd13c5c511db0c5d28fbcd.file.userinfo.html.php 第 313 行.
NOTIC: [8] Undefined index: blood_type C:\wnmp\wwwroot\weixin\DataSource\Runtime\Temp\52183c10c030deba17cd13c5c511db0c5d28fbcd.file.userinfo.html.php 第 314 行.
NOTIC: [8] Undefined index: blood_type C:\wnmp\wwwroot\weixin\DataSource\Runtime\Temp\52183c10c030deba17cd13c5c511db0c5d28fbcd.file.userinfo.html.php 第 567 行.
INFO: Run ParseTemplate Behavior [ RunTime:0.366483s ]
INFO: [ view_parse ] --END-- [ RunTime:0.366535s ]
INFO: [ view_filter ] --START--
INFO: Run ContentReplace Behavior [ RunTime:0.001187s ]
INFO: Run TokenBuild Behavior [ RunTime:0.000788s ]
INFO: Run WriteHtmlCache Behavior [ RunTime:0.001195s ]
INFO: Run ShowRuntime Behavior [ RunTime:0.001065s ]
INFO: [ view_filter ] --END-- [ RunTime:0.004442s ]
INFO: [ view_end ] --START--
INFO: Run ShowPageTrace Behavior [ RunTime:0.000896s ]
INFO: [ view_end ] --END-- [ RunTime:0.000946s ]

[ 2016-11-16T12:31:01+08:00 ] /weixin/getJsTk?url=http%3A%2F%2F192.168.1.118%3A8091%2FUser%2Fuserinfo
INFO: [ route_check ] --START--
INFO: Run CheckRoute Behavior [ RunTime:0.000966s ]
INFO: [ route_check ] --END-- [ RunTime:0.001061s ]
INFO: [ app_begin ] --START--
INFO: Run ReadHtmlCache Behavior [ RunTime:0.000798s ]
INFO: [ app_begin ] --END-- [ RunTime:0.000870s ]
NOTIC: [2] Missing argument 2 for WeixinAcessTokenModel::Jstoken(), called in C:\wnmp\wwwroot\weixin\DataSource\Lib\Action\WeixinAction.class.php on line 113 and defined C:\wnmp\wwwroot\weixin\DataSource\Lib\Model\WeixinAcessTokenModel.class.php 第 24 行.

[ 2016-11-16T12:31:02+08:00 ] /static/images/icon_shield.png
INFO: [ route_check ] --START--
INFO: Run CheckRoute Behavior [ RunTime:0.000913s ]
INFO: [ route_check ] --END-- [ RunTime:0.001004s ]
INFO: [ app_begin ] --START--
INFO: Run ReadHtmlCache Behavior [ RunTime:0.000563s ]
INFO: [ app_begin ] --END-- [ RunTime:0.000622s ]
ERR: 无法加载模块:Static

[ 2016-11-16T12:31:07+08:00 ] /User/userinfo
INFO: [ route_check ] --START--
INFO: Run CheckRoute Behavior [ RunTime:0.000843s ]
INFO: [ route_check ] --END-- [ RunTime:0.000929s ]
INFO: [ app_begin ] --START--
INFO: Run ReadHtmlCache Behavior [ RunTime:0.000690s ]
INFO: [ app_begin ] --END-- [ RunTime:0.000753s ]
NOTIC: [2048] Declaration of UserAction::success() should be compatible with that of Action::success() C:\wnmp\wwwroot\weixin\DataSource\Lib\Action\UserAction.class.php 第 506 行.
INFO: Run AuthCheck Behavior [ RunTime:0.000595s ]
NOTIC: [8] Undefined index: db_dsn C:\wnmp\wwwroot\weixin\lib\ThinkPHP\Lib\Core\Db.class.php 第 129 行.
NOTIC: [8] Undefined index: db_params C:\wnmp\wwwroot\weixin\lib\ThinkPHP\Lib\Core\Db.class.php 第 130 行.
SQL: SHOW COLUMNS FROM `zx_tb_userinfo` [ RunTime:0.007483s ]
SQL: SELECT * FROM `zx_tb_userinfo` WHERE ( uid = 25519 ) LIMIT 1   [ RunTime:0.000646s ]
INFO: [ view_template ] --START--
INFO: Run LocationTemplate Behavior [ RunTime:0.001010s ]
INFO: [ view_template ] --END-- [ RunTime:0.001078s ]
INFO: [ view_parse ] --START--
NOTIC: [8] Undefined index: blood_type C:\wnmp\wwwroot\weixin\DataSource\Runtime\Temp\52183c10c030deba17cd13c5c511db0c5d28fbcd.file.userinfo.html.php 第 311 行.
NOTIC: [8] Undefined index: blood_type C:\wnmp\wwwroot\weixin\DataSource\Runtime\Temp\52183c10c030deba17cd13c5c511db0c5d28fbcd.file.userinfo.html.php 第 312 行.
NOTIC: [8] Undefined index: blood_type C:\wnmp\wwwroot\weixin\DataSource\Runtime\Temp\52183c10c030deba17cd13c5c511db0c5d28fbcd.file.userinfo.html.php 第 313 行.
NOTIC: [8] Undefined index: blood_type C:\wnmp\wwwroot\weixin\DataSource\Runtime\Temp\52183c10c030deba17cd13c5c511db0c5d28fbcd.file.userinfo.html.php 第 314 行.
NOTIC: [8] Undefined index: blood_type C:\wnmp\wwwroot\weixin\DataSource\Runtime\Temp\52183c10c030deba17cd13c5c511db0c5d28fbcd.file.userinfo.html.php 第 567 行.
INFO: Run ParseTemplate Behavior [ RunTime:0.011015s ]
INFO: [ view_parse ] --END-- [ RunTime:0.011067s ]
INFO: [ view_filter ] --START--
INFO: Run ContentReplace Behavior [ RunTime:0.000693s ]
INFO: Run TokenBuild Behavior [ RunTime:0.000491s ]
INFO: Run WriteHtmlCache Behavior [ RunTime:0.000670s ]
INFO: Run ShowRuntime Behavior [ RunTime:0.000666s ]
INFO: [ view_filter ] --END-- [ RunTime:0.002726s ]
INFO: [ view_end ] --START--
INFO: Run ShowPageTrace Behavior [ RunTime:0.000868s ]
INFO: [ view_end ] --END-- [ RunTime:0.000940s ]

[ 2016-11-16T12:31:07+08:00 ] /weixin/getJsTk?url=http%3A%2F%2F192.168.1.118%3A8091%2FUser%2Fuserinfo
INFO: [ route_check ] --START--
INFO: Run CheckRoute Behavior [ RunTime:0.000622s ]
INFO: [ route_check ] --END-- [ RunTime:0.000688s ]
INFO: [ app_begin ] --START--
INFO: Run ReadHtmlCache Behavior [ RunTime:0.000442s ]
INFO: [ app_begin ] --END-- [ RunTime:0.000489s ]
NOTIC: [2] Missing argument 2 for WeixinAcessTokenModel::Jstoken(), called in C:\wnmp\wwwroot\weixin\DataSource\Lib\Action\WeixinAction.class.php on line 113 and defined C:\wnmp\wwwroot\weixin\DataSource\Lib\Model\WeixinAcessTokenModel.class.php 第 24 行.

[ 2016-11-16T12:31:07+08:00 ] /static/images/icon_shield.png
INFO: [ route_check ] --START--
INFO: Run CheckRoute Behavior [ RunTime:0.000949s ]
INFO: [ route_check ] --END-- [ RunTime:0.001047s ]
INFO: [ app_begin ] --START--
INFO: Run ReadHtmlCache Behavior [ RunTime:0.004234s ]
INFO: [ app_begin ] --END-- [ RunTime:0.004345s ]
ERR: 无法加载模块:Static

[ 2016-11-16T12:31:57+08:00 ] /User/userinfo
INFO: [ route_check ] --START--
INFO: Run CheckRoute Behavior [ RunTime:0.001091s ]
INFO: [ route_check ] --END-- [ RunTime:0.001200s ]
INFO: [ app_begin ] --START--
INFO: Run ReadHtmlCache Behavior [ RunTime:0.000458s ]
INFO: [ app_begin ] --END-- [ RunTime:0.000505s ]
NOTIC: [2048] Declaration of UserAction::success() should be compatible with that of Action::success() C:\wnmp\wwwroot\weixin\DataSource\Lib\Action\UserAction.class.php 第 506 行.
INFO: Run AuthCheck Behavior [ RunTime:0.000535s ]
NOTIC: [8] Undefined index: db_dsn C:\wnmp\wwwroot\weixin\lib\ThinkPHP\Lib\Core\Db.class.php 第 129 行.
NOTIC: [8] Undefined index: db_params C:\wnmp\wwwroot\weixin\lib\ThinkPHP\Lib\Core\Db.class.php 第 130 行.
SQL: SHOW COLUMNS FROM `zx_tb_userinfo` [ RunTime:0.007742s ]
SQL: SELECT * FROM `zx_tb_userinfo` WHERE ( uid = 25519 ) LIMIT 1   [ RunTime:0.000530s ]
INFO: [ view_template ] --START--
INFO: Run LocationTemplate Behavior [ RunTime:0.000505s ]
INFO: [ view_template ] --END-- [ RunTime:0.000557s ]
INFO: [ view_parse ] --START--
NOTIC: [8] Undefined index: blood_type C:\wnmp\wwwroot\weixin\DataSource\Runtime\Temp\52183c10c030deba17cd13c5c511db0c5d28fbcd.file.userinfo.html.php 第 311 行.
NOTIC: [8] Undefined index: blood_type C:\wnmp\wwwroot\weixin\DataSource\Runtime\Temp\52183c10c030deba17cd13c5c511db0c5d28fbcd.file.userinfo.html.php 第 312 行.
NOTIC: [8] Undefined index: blood_type C:\wnmp\wwwroot\weixin\DataSource\Runtime\Temp\52183c10c030deba17cd13c5c511db0c5d28fbcd.file.userinfo.html.php 第 313 行.
NOTIC: [8] Undefined index: blood_type C:\wnmp\wwwroot\weixin\DataSource\Runtime\Temp\52183c10c030deba17cd13c5c511db0c5d28fbcd.file.userinfo.html.php 第 314 行.
NOTIC: [8] Undefined index: blood_type C:\wnmp\wwwroot\weixin\DataSource\Runtime\Temp\52183c10c030deba17cd13c5c511db0c5d28fbcd.file.userinfo.html.php 第 570 行.
INFO: Run ParseTemplate Behavior [ RunTime:0.341266s ]
INFO: [ view_parse ] --END-- [ RunTime:0.341317s ]
INFO: [ view_filter ] --START--
INFO: Run ContentReplace Behavior [ RunTime:0.000777s ]
INFO: Run TokenBuild Behavior [ RunTime:0.000403s ]
INFO: Run WriteHtmlCache Behavior [ RunTime:0.000304s ]
INFO: Run ShowRuntime Behavior [ RunTime:0.000472s ]
INFO: [ view_filter ] --END-- [ RunTime:0.002105s ]
INFO: [ view_end ] --START--
INFO: Run ShowPageTrace Behavior [ RunTime:0.000588s ]
INFO: [ view_end ] --END-- [ RunTime:0.000635s ]

[ 2016-11-16T12:31:59+08:00 ] /weixin/getJsTk?url=http%3A%2F%2F192.168.1.118%3A8091%2FUser%2Fuserinfo
INFO: [ route_check ] --START--
INFO: Run CheckRoute Behavior [ RunTime:0.001241s ]
INFO: [ route_check ] --END-- [ RunTime:0.001425s ]
INFO: [ app_begin ] --START--
INFO: Run ReadHtmlCache Behavior [ RunTime:0.001439s ]
INFO: [ app_begin ] --END-- [ RunTime:0.001614s ]
NOTIC: [2] Missing argument 2 for WeixinAcessTokenModel::Jstoken(), called in C:\wnmp\wwwroot\weixin\DataSource\Lib\Action\WeixinAction.class.php on line 113 and defined C:\wnmp\wwwroot\weixin\DataSource\Lib\Model\WeixinAcessTokenModel.class.php 第 24 行.

[ 2016-11-16T12:31:59+08:00 ] /static/images/icon_shield.png
INFO: [ route_check ] --START--
INFO: Run CheckRoute Behavior [ RunTime:0.001322s ]
INFO: [ route_check ] --END-- [ RunTime:0.001451s ]
INFO: [ app_begin ] --START--
INFO: Run ReadHtmlCache Behavior [ RunTime:0.001809s ]
INFO: [ app_begin ] --END-- [ RunTime:0.001943s ]
ERR: 无法加载模块:Static

[ 2016-11-16T12:34:38+08:00 ] /User/userinfo
INFO: [ route_check ] --START--
INFO: Run CheckRoute Behavior [ RunTime:0.002197s ]
INFO: [ route_check ] --END-- [ RunTime:0.002271s ]
INFO: [ app_begin ] --START--
INFO: Run ReadHtmlCache Behavior [ RunTime:0.001417s ]
INFO: [ app_begin ] --END-- [ RunTime:0.001472s ]
NOTIC: [2048] Declaration of UserAction::success() should be compatible with that of Action::success() C:\wnmp\wwwroot\weixin\DataSource\Lib\Action\UserAction.class.php 第 506 行.

[ 2016-11-16T12:34:39+08:00 ] /Account/login
INFO: [ route_check ] --START--
INFO: Run CheckRoute Behavior [ RunTime:0.000647s ]
INFO: [ route_check ] --END-- [ RunTime:0.000722s ]
INFO: [ app_begin ] --START--
INFO: Run ReadHtmlCache Behavior [ RunTime:0.000447s ]
INFO: [ app_begin ] --END-- [ RunTime:0.000543s ]
NOTIC: [8] Undefined index: type C:\wnmp\wwwroot\weixin\DataSource\Lib\Action\AccountAction.class.php 第 112 行.
INFO: [ view_template ] --START--
INFO: Run LocationTemplate Behavior [ RunTime:0.014346s ]
INFO: [ view_template ] --END-- [ RunTime:0.014415s ]
INFO: [ view_parse ] --START--
NOTIC: [8] Undefined index: phone_error C:\wnmp\wwwroot\weixin\DataSource\Runtime\Temp\22487da300e9d88f77e7c31805b0b0b672038c3d.file.login.html.php 第 81 行.
NOTIC: [8] Trying to get property of non-object C:\wnmp\wwwroot\weixin\DataSource\Runtime\Temp\22487da300e9d88f77e7c31805b0b0b672038c3d.file.login.html.php 第 81 行.
NOTIC: [8] Undefined index: phone C:\wnmp\wwwroot\weixin\DataSource\Runtime\Temp\22487da300e9d88f77e7c31805b0b0b672038c3d.file.login.html.php 第 84 行.
NOTIC: [8] Trying to get property of non-object C:\wnmp\wwwroot\weixin\DataSource\Runtime\Temp\22487da300e9d88f77e7c31805b0b0b672038c3d.file.login.html.php 第 84 行.
NOTIC: [8] Undefined index: code_error C:\wnmp\wwwroot\weixin\DataSource\Runtime\Temp\22487da300e9d88f77e7c31805b0b0b672038c3d.file.login.html.php 第 89 行.
NOTIC: [8] Trying to get property of non-object C:\wnmp\wwwroot\weixin\DataSource\Runtime\Temp\22487da300e9d88f77e7c31805b0b0b672038c3d.file.login.html.php 第 89 行.
NOTIC: [8] Undefined index: error C:\wnmp\wwwroot\weixin\DataSource\Runtime\Temp\22487da300e9d88f77e7c31805b0b0b672038c3d.file.login.html.php 第 100 行.
NOTIC: [8] Trying to get property of non-object C:\wnmp\wwwroot\weixin\DataSource\Runtime\Temp\22487da300e9d88f77e7c31805b0b0b672038c3d.file.login.html.php 第 100 行.
INFO: Run ParseTemplate Behavior [ RunTime:0.023615s ]
INFO: [ view_parse ] --END-- [ RunTime:0.023662s ]
INFO: [ view_filter ] --START--
INFO: Run ContentReplace Behavior [ RunTime:0.000855s ]
INFO: Run TokenBuild Behavior [ RunTime:0.000800s ]
INFO: Run WriteHtmlCache Behavior [ RunTime:0.000740s ]
INFO: Run ShowRuntime Behavior [ RunTime:0.000847s ]
INFO: [ view_filter ] --END-- [ RunTime:0.003385s ]
INFO: [ view_end ] --START--
INFO: Run ShowPageTrace Behavior [ RunTime:0.001018s ]
INFO: [ view_end ] --END-- [ RunTime:0.001088s ]

[ 2016-11-16T12:34:39+08:00 ] /Account/imgverify?width=150&height=45
INFO: [ route_check ] --START--
INFO: Run CheckRoute Behavior [ RunTime:0.000602s ]
INFO: [ route_check ] --END-- [ RunTime:0.000683s ]
INFO: [ app_begin ] --START--
INFO: Run ReadHtmlCache Behavior [ RunTime:0.000419s ]
INFO: [ app_begin ] --END-- [ RunTime:0.000483s ]

[ 2016-11-16T12:34:39+08:00 ] /weixin/getJsTk?url=http%3A%2F%2F192.168.1.118%3A8091%2FAccount%2Flogin
INFO: [ route_check ] --START--
INFO: Run CheckRoute Behavior [ RunTime:0.000630s ]
INFO: [ route_check ] --END-- [ RunTime:0.000690s ]
INFO: [ app_begin ] --START--
INFO: Run ReadHtmlCache Behavior [ RunTime:0.000431s ]
INFO: [ app_begin ] --END-- [ RunTime:0.000491s ]
NOTIC: [2] Missing argument 2 for WeixinAcessTokenModel::Jstoken(), called in C:\wnmp\wwwroot\weixin\DataSource\Lib\Action\WeixinAction.class.php on line 113 and defined C:\wnmp\wwwroot\weixin\DataSource\Lib\Model\WeixinAcessTokenModel.class.php 第 24 行.

[ 2016-11-16T12:35:05+08:00 ] /Account/verify
INFO: [ route_check ] --START--
INFO: Run CheckRoute Behavior [ RunTime:0.000588s ]
INFO: [ route_check ] --END-- [ RunTime:0.000647s ]
INFO: [ app_begin ] --START--
INFO: Run ReadHtmlCache Behavior [ RunTime:0.000397s ]
INFO: [ app_begin ] --END-- [ RunTime:0.000454s ]
NOTIC: [8] Use of undefined constant MODE_NAME - assumed 'MODE_NAME' C:\wnmp\wwwroot\weixin\DataSource\Common\common.php 第 61 行.

[ 2016-11-16T12:35:17+08:00 ] /Account/login?type=
INFO: [ route_check ] --START--
INFO: Run CheckRoute Behavior [ RunTime:0.000539s ]
INFO: [ route_check ] --END-- [ RunTime:0.000597s ]
INFO: [ app_begin ] --START--
INFO: Run ReadHtmlCache Behavior [ RunTime:0.000445s ]
INFO: [ app_begin ] --END-- [ RunTime:0.000487s ]
NOTIC: [8] Undefined index: db_dsn C:\wnmp\wwwroot\weixin\lib\ThinkPHP\Lib\Core\Db.class.php 第 129 行.
NOTIC: [8] Undefined index: db_params C:\wnmp\wwwroot\weixin\lib\ThinkPHP\Lib\Core\Db.class.php 第 130 行.
SQL: SHOW COLUMNS FROM `zx_tb_user` [ RunTime:0.005392s ]
SQL: SELECT * FROM `zx_tb_user` WHERE ( phone = '13911585513' ) LIMIT 1   [ RunTime:0.122561s ]

[ 2016-11-16T12:35:24+08:00 ] /User/userinfo
INFO: [ route_check ] --START--
INFO: Run CheckRoute Behavior [ RunTime:0.000808s ]
INFO: [ route_check ] --END-- [ RunTime:0.000900s ]
INFO: [ app_begin ] --START--
INFO: Run ReadHtmlCache Behavior [ RunTime:0.000486s ]
INFO: [ app_begin ] --END-- [ RunTime:0.000534s ]
NOTIC: [2048] Declaration of UserAction::success() should be compatible with that of Action::success() C:\wnmp\wwwroot\weixin\DataSource\Lib\Action\UserAction.class.php 第 506 行.

[ 2016-11-16T12:35:24+08:00 ] /Account/login
INFO: [ route_check ] --START--
INFO: Run CheckRoute Behavior [ RunTime:0.000818s ]
INFO: [ route_check ] --END-- [ RunTime:0.000885s ]
INFO: [ app_begin ] --START--
INFO: Run ReadHtmlCache Behavior [ RunTime:0.000500s ]
INFO: [ app_begin ] --END-- [ RunTime:0.000562s ]
NOTIC: [8] Undefined index: type C:\wnmp\wwwroot\weixin\DataSource\Lib\Action\AccountAction.class.php 第 112 行.
INFO: [ view_template ] --START--
INFO: Run LocationTemplate Behavior [ RunTime:0.000362s ]
INFO: [ view_template ] --END-- [ RunTime:0.000415s ]
INFO: [ view_parse ] --START--
NOTIC: [8] Undefined index: phone_error C:\wnmp\wwwroot\weixin\DataSource\Runtime\Temp\22487da300e9d88f77e7c31805b0b0b672038c3d.file.login.html.php 第 81 行.
NOTIC: [8] Trying to get property of non-object C:\wnmp\wwwroot\weixin\DataSource\Runtime\Temp\22487da300e9d88f77e7c31805b0b0b672038c3d.file.login.html.php 第 81 行.
NOTIC: [8] Undefined index: phone C:\wnmp\wwwroot\weixin\DataSource\Runtime\Temp\22487da300e9d88f77e7c31805b0b0b672038c3d.file.login.html.php 第 84 行.
NOTIC: [8] Trying to get property of non-object C:\wnmp\wwwroot\weixin\DataSource\Runtime\Temp\22487da300e9d88f77e7c31805b0b0b672038c3d.file.login.html.php 第 84 行.
NOTIC: [8] Undefined index: code_error C:\wnmp\wwwroot\weixin\DataSource\Runtime\Temp\22487da300e9d88f77e7c31805b0b0b672038c3d.file.login.html.php 第 89 行.
NOTIC: [8] Trying to get property of non-object C:\wnmp\wwwroot\weixin\DataSource\Runtime\Temp\22487da300e9d88f77e7c31805b0b0b672038c3d.file.login.html.php 第 89 行.
NOTIC: [8] Undefined index: error C:\wnmp\wwwroot\weixin\DataSource\Runtime\Temp\22487da300e9d88f77e7c31805b0b0b672038c3d.file.login.html.php 第 100 行.
NOTIC: [8] Trying to get property of non-object C:\wnmp\wwwroot\weixin\DataSource\Runtime\Temp\22487da300e9d88f77e7c31805b0b0b672038c3d.file.login.html.php 第 100 行.
INFO: Run ParseTemplate Behavior [ RunTime:0.009067s ]
INFO: [ view_parse ] --END-- [ RunTime:0.009112s ]
INFO: [ view_filter ] --START--
INFO: Run ContentReplace Behavior [ RunTime:0.000460s ]
INFO: Run TokenBuild Behavior [ RunTime:0.000357s ]
INFO: Run WriteHtmlCache Behavior [ RunTime:0.000343s ]
INFO: Run ShowRuntime Behavior [ RunTime:0.000405s ]
INFO: [ view_filter ] --END-- [ RunTime:0.001715s ]
INFO: [ view_end ] --START--
INFO: Run ShowPageTrace Behavior [ RunTime:0.000579s ]
INFO: [ view_end ] --END-- [ RunTime:0.000627s ]

[ 2016-11-16T12:35:24+08:00 ] /Account/imgverify?width=150&height=45
INFO: [ route_check ] --START--
INFO: Run CheckRoute Behavior [ RunTime:0.000598s ]
INFO: [ route_check ] --END-- [ RunTime:0.000657s ]
INFO: [ app_begin ] --START--
INFO: Run ReadHtmlCache Behavior [ RunTime:0.000408s ]
INFO: [ app_begin ] --END-- [ RunTime:0.000451s ]

[ 2016-11-16T12:35:24+08:00 ] /weixin/getJsTk?url=http%3A%2F%2F192.168.1.118%3A8091%2FAccount%2Flogin
INFO: [ route_check ] --START--
INFO: Run CheckRoute Behavior [ RunTime:0.000858s ]
INFO: [ route_check ] --END-- [ RunTime:0.000938s ]
INFO: [ app_begin ] --START--
INFO: Run ReadHtmlCache Behavior [ RunTime:0.000645s ]
INFO: [ app_begin ] --END-- [ RunTime:0.000699s ]
NOTIC: [2] Missing argument 2 for WeixinAcessTokenModel::Jstoken(), called in C:\wnmp\wwwroot\weixin\DataSource\Lib\Action\WeixinAction.class.php on line 113 and defined C:\wnmp\wwwroot\weixin\DataSource\Lib\Model\WeixinAcessTokenModel.class.php 第 24 行.

[ 2016-11-16T12:35:44+08:00 ] /Account/verify
INFO: [ route_check ] --START--
INFO: Run CheckRoute Behavior [ RunTime:0.000739s ]
INFO: [ route_check ] --END-- [ RunTime:0.000803s ]
INFO: [ app_begin ] --START--
INFO: Run ReadHtmlCache Behavior [ RunTime:0.000527s ]
INFO: [ app_begin ] --END-- [ RunTime:0.000613s ]
NOTIC: [8] Use of undefined constant MODE_NAME - assumed 'MODE_NAME' C:\wnmp\wwwroot\weixin\DataSource\Common\common.php 第 61 行.

[ 2016-11-16T12:35:52+08:00 ] /Account/verify
INFO: [ route_check ] --START--
INFO: Run CheckRoute Behavior [ RunTime:0.000541s ]
INFO: [ route_check ] --END-- [ RunTime:0.000599s ]
INFO: [ app_begin ] --START--
INFO: Run ReadHtmlCache Behavior [ RunTime:0.000461s ]
INFO: [ app_begin ] --END-- [ RunTime:0.000499s ]
NOTIC: [8] Use of undefined constant MODE_NAME - assumed 'MODE_NAME' C:\wnmp\wwwroot\weixin\DataSource\Common\common.php 第 61 行.

[ 2016-11-16T12:35:52+08:00 ] /Account/verify
INFO: [ route_check ] --START--
INFO: Run CheckRoute Behavior [ RunTime:0.000685s ]
INFO: [ route_check ] --END-- [ RunTime:0.000750s ]
INFO: [ app_begin ] --START--
INFO: Run ReadHtmlCache Behavior [ RunTime:0.000410s ]
INFO: [ app_begin ] --END-- [ RunTime:0.000447s ]
NOTIC: [8] Use of undefined constant MODE_NAME - assumed 'MODE_NAME' C:\wnmp\wwwroot\weixin\DataSource\Common\common.php 第 61 行.

[ 2016-11-16T12:36:29+08:00 ] /Account/verify
INFO: [ route_check ] --START--
INFO: Run CheckRoute Behavior [ RunTime:0.000615s ]
INFO: [ route_check ] --END-- [ RunTime:0.000678s ]
INFO: [ app_begin ] --START--
INFO: Run ReadHtmlCache Behavior [ RunTime:0.000426s ]
INFO: [ app_begin ] --END-- [ RunTime:0.000464s ]
NOTIC: [8] Use of undefined constant MODE_NAME - assumed 'MODE_NAME' C:\wnmp\wwwroot\weixin\DataSource\Common\common.php 第 61 行.

[ 2016-11-16T12:37:58+08:00 ] /User/userinfo
INFO: [ route_check ] --START--
INFO: Run CheckRoute Behavior [ RunTime:0.002239s ]
INFO: [ route_check ] --END-- [ RunTime:0.003713s ]
INFO: [ app_begin ] --START--
INFO: Run ReadHtmlCache Behavior [ RunTime:0.001539s ]
INFO: [ app_begin ] --END-- [ RunTime:0.001637s ]
NOTIC: [2048] Declaration of UserAction::success() should be compatible with that of Action::success() C:\wnmp\wwwroot\weixin\DataSource\Lib\Action\UserAction.class.php 第 506 行.
INFO: Run AuthCheck Behavior [ RunTime:0.001929s ]
NOTIC: [8] Undefined index: db_dsn C:\wnmp\wwwroot\weixin\lib\ThinkPHP\Lib\Core\Db.class.php 第 129 行.
NOTIC: [8] Undefined index: db_params C:\wnmp\wwwroot\weixin\lib\ThinkPHP\Lib\Core\Db.class.php 第 130 行.
SQL: SHOW COLUMNS FROM `zx_tb_userinfo` [ RunTime:0.084334s ]
SQL: SELECT * FROM `zx_tb_userinfo` WHERE ( uid = 25519 ) LIMIT 1   [ RunTime:0.003077s ]
INFO: [ view_template ] --START--
INFO: Run LocationTemplate Behavior [ RunTime:0.001764s ]
INFO: [ view_template ] --END-- [ RunTime:0.001833s ]
INFO: [ view_parse ] --START--
NOTIC: [8] Undefined index: blood_type C:\wnmp\wwwroot\weixin\DataSource\Runtime\Temp\52183c10c030deba17cd13c5c511db0c5d28fbcd.file.userinfo.html.php 第 311 行.
NOTIC: [8] Undefined index: blood_type C:\wnmp\wwwroot\weixin\DataSource\Runtime\Temp\52183c10c030deba17cd13c5c511db0c5d28fbcd.file.userinfo.html.php 第 312 行.
NOTIC: [8] Undefined index: blood_type C:\wnmp\wwwroot\weixin\DataSource\Runtime\Temp\52183c10c030deba17cd13c5c511db0c5d28fbcd.file.userinfo.html.php 第 313 行.
NOTIC: [8] Undefined index: blood_type C:\wnmp\wwwroot\weixin\DataSource\Runtime\Temp\52183c10c030deba17cd13c5c511db0c5d28fbcd.file.userinfo.html.php 第 314 行.
NOTIC: [8] Undefined index: blood_type C:\wnmp\wwwroot\weixin\DataSource\Runtime\Temp\52183c10c030deba17cd13c5c511db0c5d28fbcd.file.userinfo.html.php 第 570 行.
INFO: Run ParseTemplate Behavior [ RunTime:0.335223s ]
INFO: [ view_parse ] --END-- [ RunTime:0.335274s ]
INFO: [ view_filter ] --START--
INFO: Run ContentReplace Behavior [ RunTime:0.001221s ]
INFO: Run TokenBuild Behavior [ RunTime:0.000686s ]
INFO: Run WriteHtmlCache Behavior [ RunTime:0.000595s ]
INFO: Run ShowRuntime Behavior [ RunTime:0.000767s ]
INFO: [ view_filter ] --END-- [ RunTime:0.003437s ]
INFO: [ view_end ] --START--
INFO: Run ShowPageTrace Behavior [ RunTime:0.000939s ]
INFO: [ view_end ] --END-- [ RunTime:0.000992s ]

[ 2016-11-16T12:37:58+08:00 ] /weixin/getJsTk?url=http%3A%2F%2F192.168.1.118%3A8091%2FUser%2Fuserinfo
INFO: [ route_check ] --START--
INFO: Run CheckRoute Behavior [ RunTime:0.000827s ]
INFO: [ route_check ] --END-- [ RunTime:0.000909s ]
INFO: [ app_begin ] --START--
INFO: Run ReadHtmlCache Behavior [ RunTime:0.000518s ]
INFO: [ app_begin ] --END-- [ RunTime:0.000566s ]
NOTIC: [2] Missing argument 2 for WeixinAcessTokenModel::Jstoken(), called in C:\wnmp\wwwroot\weixin\DataSource\Lib\Action\WeixinAction.class.php on line 113 and defined C:\wnmp\wwwroot\weixin\DataSource\Lib\Model\WeixinAcessTokenModel.class.php 第 24 行.

[ 2016-11-16T12:37:58+08:00 ] /static/images/icon_shield.png
INFO: [ route_check ] --START--
INFO: Run CheckRoute Behavior [ RunTime:0.001290s ]
INFO: [ route_check ] --END-- [ RunTime:0.001388s ]
INFO: [ app_begin ] --START--
INFO: Run ReadHtmlCache Behavior [ RunTime:0.000721s ]
INFO: [ app_begin ] --END-- [ RunTime:0.000795s ]
ERR: 无法加载模块:Static

[ 2016-11-16T12:38:24+08:00 ] /User/userinfo
INFO: [ route_check ] --START--
INFO: Run CheckRoute Behavior [ RunTime:0.001658s ]
INFO: [ route_check ] --END-- [ RunTime:0.001848s ]
INFO: [ app_begin ] --START--
INFO: Run ReadHtmlCache Behavior [ RunTime:0.001135s ]
INFO: [ app_begin ] --END-- [ RunTime:0.001192s ]
NOTIC: [2048] Declaration of UserAction::success() should be compatible with that of Action::success() C:\wnmp\wwwroot\weixin\DataSource\Lib\Action\UserAction.class.php 第 506 行.
INFO: Run AuthCheck Behavior [ RunTime:0.001299s ]
NOTIC: [8] Undefined index: db_dsn C:\wnmp\wwwroot\weixin\lib\ThinkPHP\Lib\Core\Db.class.php 第 129 行.
NOTIC: [8] Undefined index: db_params C:\wnmp\wwwroot\weixin\lib\ThinkPHP\Lib\Core\Db.class.php 第 130 行.
SQL: SHOW COLUMNS FROM `zx_tb_userinfo` [ RunTime:0.008037s ]
SQL: SELECT * FROM `zx_tb_userinfo` WHERE ( uid = 25519 ) LIMIT 1   [ RunTime:0.000699s ]
INFO: [ view_template ] --START--
INFO: Run LocationTemplate Behavior [ RunTime:0.013056s ]
INFO: [ view_template ] --END-- [ RunTime:0.013151s ]
INFO: [ view_parse ] --START--
NOTIC: [8] Undefined index: blood_type C:\wnmp\wwwroot\weixin\DataSource\Runtime\Temp\52183c10c030deba17cd13c5c511db0c5d28fbcd.file.userinfo.html.php 第 311 行.
NOTIC: [8] Undefined index: blood_type C:\wnmp\wwwroot\weixin\DataSource\Runtime\Temp\52183c10c030deba17cd13c5c511db0c5d28fbcd.file.userinfo.html.php 第 312 行.
NOTIC: [8] Undefined index: blood_type C:\wnmp\wwwroot\weixin\DataSource\Runtime\Temp\52183c10c030deba17cd13c5c511db0c5d28fbcd.file.userinfo.html.php 第 313 行.
NOTIC: [8] Undefined index: blood_type C:\wnmp\wwwroot\weixin\DataSource\Runtime\Temp\52183c10c030deba17cd13c5c511db0c5d28fbcd.file.userinfo.html.php 第 314 行.
NOTIC: [8] Undefined index: blood_type C:\wnmp\wwwroot\weixin\DataSource\Runtime\Temp\52183c10c030deba17cd13c5c511db0c5d28fbcd.file.userinfo.html.php 第 570 行.
INFO: Run ParseTemplate Behavior [ RunTime:0.314014s ]
INFO: [ view_parse ] --END-- [ RunTime:0.314072s ]
INFO: [ view_filter ] --START--
INFO: Run ContentReplace Behavior [ RunTime:0.000932s ]
INFO: Run TokenBuild Behavior [ RunTime:0.000568s ]
INFO: Run WriteHtmlCache Behavior [ RunTime:0.000540s ]
INFO: Run ShowRuntime Behavior [ RunTime:0.000622s ]
INFO: [ view_filter ] --END-- [ RunTime:0.002790s ]
INFO: [ view_end ] --START--
INFO: Run ShowPageTrace Behavior [ RunTime:0.000842s ]
INFO: [ view_end ] --END-- [ RunTime:0.000888s ]

[ 2016-11-16T12:38:24+08:00 ] /weixin/getJsTk?url=http%3A%2F%2F192.168.1.118%3A8091%2FUser%2Fuserinfo
INFO: [ route_check ] --START--
INFO: Run CheckRoute Behavior [ RunTime:0.003897s ]
INFO: [ route_check ] --END-- [ RunTime:0.004002s ]
INFO: [ app_begin ] --START--
INFO: Run ReadHtmlCache Behavior [ RunTime:0.000964s ]
INFO: [ app_begin ] --END-- [ RunTime:0.001075s ]
NOTIC: [2] Missing argument 2 for WeixinAcessTokenModel::Jstoken(), called in C:\wnmp\wwwroot\weixin\DataSource\Lib\Action\WeixinAction.class.php on line 113 and defined C:\wnmp\wwwroot\weixin\DataSource\Lib\Model\WeixinAcessTokenModel.class.php 第 24 行.

[ 2016-11-16T12:38:24+08:00 ] /static/images/icon_shield.png
INFO: [ route_check ] --START--
INFO: Run CheckRoute Behavior [ RunTime:0.000877s ]
INFO: [ route_check ] --END-- [ RunTime:0.000967s ]
INFO: [ app_begin ] --START--
INFO: Run ReadHtmlCache Behavior [ RunTime:0.001497s ]
INFO: [ app_begin ] --END-- [ RunTime:0.001692s ]
ERR: 无法加载模块:Static

[ 2016-11-16T12:38:36+08:00 ] /User/userinfo
INFO: [ route_check ] --START--
INFO: Run CheckRoute Behavior [ RunTime:0.000851s ]
INFO: [ route_check ] --END-- [ RunTime:0.000980s ]
INFO: [ app_begin ] --START--
INFO: Run ReadHtmlCache Behavior [ RunTime:0.000726s ]
INFO: [ app_begin ] --END-- [ RunTime:0.000805s ]
NOTIC: [2048] Declaration of UserAction::success() should be compatible with that of Action::success() C:\wnmp\wwwroot\weixin\DataSource\Lib\Action\UserAction.class.php 第 506 行.
INFO: Run AuthCheck Behavior [ RunTime:0.000630s ]
NOTIC: [8] Undefined index: db_dsn C:\wnmp\wwwroot\weixin\lib\ThinkPHP\Lib\Core\Db.class.php 第 129 行.
NOTIC: [8] Undefined index: db_params C:\wnmp\wwwroot\weixin\lib\ThinkPHP\Lib\Core\Db.class.php 第 130 行.
SQL: SHOW COLUMNS FROM `zx_tb_userinfo` [ RunTime:0.006969s ]
SQL: SELECT * FROM `zx_tb_userinfo` WHERE ( uid = 25519 ) LIMIT 1   [ RunTime:0.000503s ]
INFO: [ view_template ] --START--
INFO: Run LocationTemplate Behavior [ RunTime:0.000747s ]
INFO: [ view_template ] --END-- [ RunTime:0.000851s ]
INFO: [ view_parse ] --START--
NOTIC: [8] Undefined index: blood_type C:\wnmp\wwwroot\weixin\DataSource\Runtime\Temp\52183c10c030deba17cd13c5c511db0c5d28fbcd.file.userinfo.html.php 第 311 行.
NOTIC: [8] Undefined index: blood_type C:\wnmp\wwwroot\weixin\DataSource\Runtime\Temp\52183c10c030deba17cd13c5c511db0c5d28fbcd.file.userinfo.html.php 第 312 行.
NOTIC: [8] Undefined index: blood_type C:\wnmp\wwwroot\weixin\DataSource\Runtime\Temp\52183c10c030deba17cd13c5c511db0c5d28fbcd.file.userinfo.html.php 第 313 行.
NOTIC: [8] Undefined index: blood_type C:\wnmp\wwwroot\weixin\DataSource\Runtime\Temp\52183c10c030deba17cd13c5c511db0c5d28fbcd.file.userinfo.html.php 第 314 行.
NOTIC: [8] Undefined index: blood_type C:\wnmp\wwwroot\weixin\DataSource\Runtime\Temp\52183c10c030deba17cd13c5c511db0c5d28fbcd.file.userinfo.html.php 第 570 行.
INFO: Run ParseTemplate Behavior [ RunTime:0.324671s ]
INFO: [ view_parse ] --END-- [ RunTime:0.324716s ]
INFO: [ view_filter ] --START--
INFO: Run ContentReplace Behavior [ RunTime:0.000783s ]
INFO: Run TokenBuild Behavior [ RunTime:0.000428s ]
INFO: Run WriteHtmlCache Behavior [ RunTime:0.000304s ]
INFO: Run ShowRuntime Behavior [ RunTime:0.000485s ]
INFO: [ view_filter ] --END-- [ RunTime:0.002130s ]
INFO: [ view_end ] --START--
INFO: Run ShowPageTrace Behavior [ RunTime:0.000916s ]
INFO: [ view_end ] --END-- [ RunTime:0.001010s ]

[ 2016-11-16T12:38:36+08:00 ] /weixin/getJsTk?url=http%3A%2F%2F192.168.1.118%3A8091%2FUser%2Fuserinfo
INFO: [ route_check ] --START--
INFO: Run CheckRoute Behavior [ RunTime:0.001737s ]
INFO: [ route_check ] --END-- [ RunTime:0.001999s ]
INFO: [ app_begin ] --START--
INFO: Run ReadHtmlCache Behavior [ RunTime:0.000850s ]
INFO: [ app_begin ] --END-- [ RunTime:0.000945s ]
NOTIC: [2] Missing argument 2 for WeixinAcessTokenModel::Jstoken(), called in C:\wnmp\wwwroot\weixin\DataSource\Lib\Action\WeixinAction.class.php on line 113 and defined C:\wnmp\wwwroot\weixin\DataSource\Lib\Model\WeixinAcessTokenModel.class.php 第 24 行.

[ 2016-11-16T12:38:36+08:00 ] /static/images/icon_shield.png
INFO: [ route_check ] --START--
INFO: Run CheckRoute Behavior [ RunTime:0.000625s ]
INFO: [ route_check ] --END-- [ RunTime:0.000693s ]
INFO: [ app_begin ] --START--
INFO: Run ReadHtmlCache Behavior [ RunTime:0.000452s ]
INFO: [ app_begin ] --END-- [ RunTime:0.000500s ]
ERR: 无法加载模块:Static

[ 2016-11-16T12:39:00+08:00 ] /Account/imgverify?width=150&height=45?0.6536085659172386
INFO: [ route_check ] --START--
INFO: Run CheckRoute Behavior [ RunTime:0.002945s ]
INFO: [ route_check ] --END-- [ RunTime:0.003073s ]
INFO: [ app_begin ] --START--
INFO: Run ReadHtmlCache Behavior [ RunTime:0.001118s ]
INFO: [ app_begin ] --END-- [ RunTime:0.001182s ]
NOTIC: [8] A non well formed numeric value encountered C:\wnmp\wwwroot\weixin\lib\ThinkPHP\Extend\Library\ORG\Util\Image.class.php 第 377 行.
NOTIC: [8] A non well formed numeric value encountered C:\wnmp\wwwroot\weixin\lib\ThinkPHP\Extend\Library\ORG\Util\Image.class.php 第 393 行.
NOTIC: [8] A non well formed numeric value encountered C:\wnmp\wwwroot\weixin\lib\ThinkPHP\Extend\Library\ORG\Util\Image.class.php 第 393 行.
NOTIC: [8] A non well formed numeric value encountered C:\wnmp\wwwroot\weixin\lib\ThinkPHP\Extend\Library\ORG\Util\Image.class.php 第 393 行.
NOTIC: [8] A non well formed numeric value encountered C:\wnmp\wwwroot\weixin\lib\ThinkPHP\Extend\Library\ORG\Util\Image.class.php 第 393 行.
NOTIC: [8] A non well formed numeric value encountered C:\wnmp\wwwroot\weixin\lib\ThinkPHP\Extend\Library\ORG\Util\Image.class.php 第 393 行.
NOTIC: [8] A non well formed numeric value encountered C:\wnmp\wwwroot\weixin\lib\ThinkPHP\Extend\Library\ORG\Util\Image.class.php 第 393 行.
NOTIC: [8] A non well formed numeric value encountered C:\wnmp\wwwroot\weixin\lib\ThinkPHP\Extend\Library\ORG\Util\Image.class.php 第 393 行.
NOTIC: [8] A non well formed numeric value encountered C:\wnmp\wwwroot\weixin\lib\ThinkPHP\Extend\Library\ORG\Util\Image.class.php 第 393 行.
NOTIC: [8] A non well formed numeric value encountered C:\wnmp\wwwroot\weixin\lib\ThinkPHP\Extend\Library\ORG\Util\Image.class.php 第 393 行.
NOTIC: [8] A non well formed numeric value encountered C:\wnmp\wwwroot\weixin\lib\ThinkPHP\Extend\Library\ORG\Util\Image.class.php 第 393 行.
NOTIC: [8] A non well formed numeric value encountered C:\wnmp\wwwroot\weixin\lib\ThinkPHP\Extend\Library\ORG\Util\Image.class.php 第 396 行.
NOTIC: [8] A non well formed numeric value encountered C:\wnmp\wwwroot\weixin\lib\ThinkPHP\Extend\Library\ORG\Util\Image.class.php 第 396 行.
NOTIC: [8] A non well formed numeric value encountered C:\wnmp\wwwroot\weixin\lib\ThinkPHP\Extend\Library\ORG\Util\Image.class.php 第 396 行.
NOTIC: [8] A non well formed numeric value encountered C:\wnmp\wwwroot\weixin\lib\ThinkPHP\Extend\Library\ORG\Util\Image.class.php 第 396 行.
NOTIC: [8] A non well formed numeric value encountered C:\wnmp\wwwroot\weixin\lib\ThinkPHP\Extend\Library\ORG\Util\Image.class.php 第 396 行.
NOTIC: [8] A non well formed numeric value encountered C:\wnmp\wwwroot\weixin\lib\ThinkPHP\Extend\Library\ORG\Util\Image.class.php 第 396 行.
NOTIC: [8] A non well formed numeric value encountered C:\wnmp\wwwroot\weixin\lib\ThinkPHP\Extend\Library\ORG\Util\Image.class.php 第 396 行.
NOTIC: [8] A non well formed numeric value encountered C:\wnmp\wwwroot\weixin\lib\ThinkPHP\Extend\Library\ORG\Util\Image.class.php 第 396 行.
NOTIC: [8] A non well formed numeric value encountered C:\wnmp\wwwroot\weixin\lib\ThinkPHP\Extend\Library\ORG\Util\Image.class.php 第 396 行.
NOTIC: [8] A non well formed numeric value encountered C:\wnmp\wwwroot\weixin\lib\ThinkPHP\Extend\Library\ORG\Util\Image.class.php 第 396 行.
NOTIC: [8] A non well formed numeric value encountered C:\wnmp\wwwroot\weixin\lib\ThinkPHP\Extend\Library\ORG\Util\Image.class.php 第 396 行.
NOTIC: [8] A non well formed numeric value encountered C:\wnmp\wwwroot\weixin\lib\ThinkPHP\Extend\Library\ORG\Util\Image.class.php 第 396 行.
NOTIC: [8] A non well formed numeric value encountered C:\wnmp\wwwroot\weixin\lib\ThinkPHP\Extend\Library\ORG\Util\Image.class.php 第 396 行.
NOTIC: [8] A non well formed numeric value encountered C:\wnmp\wwwroot\weixin\lib\ThinkPHP\Extend\Library\ORG\Util\Image.class.php 第 396 行.
NOTIC: [8] A non well formed numeric value encountered C:\wnmp\wwwroot\weixin\lib\ThinkPHP\Extend\Library\ORG\Util\Image.class.php 第 396 行.
NOTIC: [8] A non well formed numeric value encountered C:\wnmp\wwwroot\weixin\lib\ThinkPHP\Extend\Library\ORG\Util\Image.class.php 第 396 行.
NOTIC: [8] A non well formed numeric value encountered C:\wnmp\wwwroot\weixin\lib\ThinkPHP\Extend\Library\ORG\Util\Image.class.php 第 396 行.
NOTIC: [8] A non well formed numeric value encountered C:\wnmp\wwwroot\weixin\lib\ThinkPHP\Extend\Library\ORG\Util\Image.class.php 第 396 行.
NOTIC: [8] A non well formed numeric value encountered C:\wnmp\wwwroot\weixin\lib\ThinkPHP\Extend\Library\ORG\Util\Image.class.php 第 396 行.
NOTIC: [8] A non well formed numeric value encountered C:\wnmp\wwwroot\weixin\lib\ThinkPHP\Extend\Library\ORG\Util\Image.class.php 第 396 行.
NOTIC: [8] A non well formed numeric value encountered C:\wnmp\wwwroot\weixin\lib\ThinkPHP\Extend\Library\ORG\Util\Image.class.php 第 396 行.
NOTIC: [8] A non well formed numeric value encountered C:\wnmp\wwwroot\weixin\lib\ThinkPHP\Extend\Library\ORG\Util\Image.class.php 第 396 行.
NOTIC: [8] A non well formed numeric value encountered C:\wnmp\wwwroot\weixin\lib\ThinkPHP\Extend\Library\ORG\Util\Image.class.php 第 396 行.
NOTIC: [8] A non well formed numeric value encountered C:\wnmp\wwwroot\weixin\lib\ThinkPHP\Extend\Library\ORG\Util\Image.class.php 第 396 行.
NOTIC: [8] A non well formed numeric value encountered C:\wnmp\wwwroot\weixin\lib\ThinkPHP\Extend\Library\ORG\Util\Image.class.php 第 396 行.

[ 2016-11-16T12:39:01+08:00 ] /Account/verify
INFO: [ route_check ] --START--
INFO: Run CheckRoute Behavior [ RunTime:0.000635s ]
INFO: [ route_check ] --END-- [ RunTime:0.000733s ]
INFO: [ app_begin ] --START--
INFO: Run ReadHtmlCache Behavior [ RunTime:0.000560s ]
INFO: [ app_begin ] --END-- [ RunTime:0.000628s ]

[ 2016-11-16T12:39:01+08:00 ] /Account/verify
INFO: [ route_check ] --START--
INFO: Run CheckRoute Behavior [ RunTime:0.000765s ]
INFO: [ route_check ] --END-- [ RunTime:0.000845s ]
INFO: [ app_begin ] --START--
INFO: Run ReadHtmlCache Behavior [ RunTime:0.000685s ]
INFO: [ app_begin ] --END-- [ RunTime:0.000742s ]

[ 2016-11-16T12:39:07+08:00 ] /Account/verify
INFO: [ route_check ] --START--
INFO: Run CheckRoute Behavior [ RunTime:0.000699s ]
INFO: [ route_check ] --END-- [ RunTime:0.000771s ]
INFO: [ app_begin ] --START--
INFO: Run ReadHtmlCache Behavior [ RunTime:0.000611s ]
INFO: [ app_begin ] --END-- [ RunTime:0.000664s ]

[ 2016-11-16T12:39:15+08:00 ] /Account/login?type=
INFO: [ route_check ] --START--
INFO: Run CheckRoute Behavior [ RunTime:0.000657s ]
INFO: [ route_check ] --END-- [ RunTime:0.000725s ]
INFO: [ app_begin ] --START--
INFO: Run ReadHtmlCache Behavior [ RunTime:0.000469s ]
INFO: [ app_begin ] --END-- [ RunTime:0.000514s ]
INFO: [ view_template ] --START--
INFO: Run LocationTemplate Behavior [ RunTime:0.001630s ]
INFO: [ view_template ] --END-- [ RunTime:0.001729s ]
INFO: [ view_parse ] --START--
NOTIC: [8] Undefined index: phone_error C:\wnmp\wwwroot\weixin\DataSource\Runtime\Temp\22487da300e9d88f77e7c31805b0b0b672038c3d.file.login.html.php 第 81 行.
NOTIC: [8] Trying to get property of non-object C:\wnmp\wwwroot\weixin\DataSource\Runtime\Temp\22487da300e9d88f77e7c31805b0b0b672038c3d.file.login.html.php 第 81 行.
NOTIC: [8] Undefined index: error C:\wnmp\wwwroot\weixin\DataSource\Runtime\Temp\22487da300e9d88f77e7c31805b0b0b672038c3d.file.login.html.php 第 100 行.
NOTIC: [8] Trying to get property of non-object C:\wnmp\wwwroot\weixin\DataSource\Runtime\Temp\22487da300e9d88f77e7c31805b0b0b672038c3d.file.login.html.php 第 100 行.
INFO: Run ParseTemplate Behavior [ RunTime:0.020622s ]
INFO: [ view_parse ] --END-- [ RunTime:0.020669s ]
INFO: [ view_filter ] --START--
INFO: Run ContentReplace Behavior [ RunTime:0.000756s ]
INFO: Run TokenBuild Behavior [ RunTime:0.000734s ]
INFO: Run WriteHtmlCache Behavior [ RunTime:0.000596s ]
INFO: Run ShowRuntime Behavior [ RunTime:0.000706s ]
INFO: [ view_filter ] --END-- [ RunTime:0.002965s ]
INFO: [ view_end ] --START--
INFO: Run ShowPageTrace Behavior [ RunTime:0.000875s ]
INFO: [ view_end ] --END-- [ RunTime:0.000938s ]

[ 2016-11-16T12:39:15+08:00 ] /weixin/getJsTk?url=http%3A%2F%2F192.168.1.118%3A8091%2FAccount%2Flogin%3Ftype%3D
INFO: [ route_check ] --START--
INFO: Run CheckRoute Behavior [ RunTime:0.000776s ]
INFO: [ route_check ] --END-- [ RunTime:0.000869s ]
INFO: [ app_begin ] --START--
INFO: Run ReadHtmlCache Behavior [ RunTime:0.000675s ]
INFO: [ app_begin ] --END-- [ RunTime:0.000732s ]
NOTIC: [2] Missing argument 2 for WeixinAcessTokenModel::Jstoken(), called in C:\wnmp\wwwroot\weixin\DataSource\Lib\Action\WeixinAction.class.php on line 113 and defined C:\wnmp\wwwroot\weixin\DataSource\Lib\Model\WeixinAcessTokenModel.class.php 第 24 行.

[ 2016-11-16T12:39:15+08:00 ] /Account/imgverify?width=150&height=45
INFO: [ route_check ] --START--
INFO: Run CheckRoute Behavior [ RunTime:0.000665s ]
INFO: [ route_check ] --END-- [ RunTime:0.000748s ]
INFO: [ app_begin ] --START--
INFO: Run ReadHtmlCache Behavior [ RunTime:0.000432s ]
INFO: [ app_begin ] --END-- [ RunTime:0.000513s ]

[ 2016-11-16T12:39:27+08:00 ] /Account/login?type=
INFO: [ route_check ] --START--
INFO: Run CheckRoute Behavior [ RunTime:0.000622s ]
INFO: [ route_check ] --END-- [ RunTime:0.000689s ]
INFO: [ app_begin ] --START--
INFO: Run ReadHtmlCache Behavior [ RunTime:0.000462s ]
INFO: [ app_begin ] --END-- [ RunTime:0.000507s ]
NOTIC: [8] Undefined index: db_dsn C:\wnmp\wwwroot\weixin\lib\ThinkPHP\Lib\Core\Db.class.php 第 129 行.
NOTIC: [8] Undefined index: db_params C:\wnmp\wwwroot\weixin\lib\ThinkPHP\Lib\Core\Db.class.php 第 130 行.
SQL: SHOW COLUMNS FROM `zx_tb_user` [ RunTime:0.003987s ]
SQL: SELECT * FROM `zx_tb_user` WHERE ( phone = '13522354197' ) LIMIT 1   [ RunTime:0.052430s ]

[ 2016-11-16T12:39:28+08:00 ] /User/userinfo
INFO: [ route_check ] --START--
INFO: Run CheckRoute Behavior [ RunTime:0.000595s ]
INFO: [ route_check ] --END-- [ RunTime:0.000659s ]
INFO: [ app_begin ] --START--
INFO: Run ReadHtmlCache Behavior [ RunTime:0.000459s ]
INFO: [ app_begin ] --END-- [ RunTime:0.000502s ]
NOTIC: [2048] Declaration of UserAction::success() should be compatible with that of Action::success() C:\wnmp\wwwroot\weixin\DataSource\Lib\Action\UserAction.class.php 第 506 行.
INFO: Run AuthCheck Behavior [ RunTime:0.001404s ]
NOTIC: [8] Undefined index: db_dsn C:\wnmp\wwwroot\weixin\lib\ThinkPHP\Lib\Core\Db.class.php 第 129 行.
NOTIC: [8] Undefined index: db_params C:\wnmp\wwwroot\weixin\lib\ThinkPHP\Lib\Core\Db.class.php 第 130 行.
SQL: SHOW COLUMNS FROM `zx_tb_userinfo` [ RunTime:0.004565s ]
SQL: SELECT * FROM `zx_tb_userinfo` WHERE ( uid = 44 ) LIMIT 1   [ RunTime:0.002446s ]
INFO: [ view_template ] --START--
INFO: Run LocationTemplate Behavior [ RunTime:0.000548s ]
INFO: [ view_template ] --END-- [ RunTime:0.000594s ]
INFO: [ view_parse ] --START--
NOTIC: [8] Undefined index: blood_type C:\wnmp\wwwroot\weixin\DataSource\Runtime\Temp\52183c10c030deba17cd13c5c511db0c5d28fbcd.file.userinfo.html.php 第 311 行.
NOTIC: [8] Undefined index: blood_type C:\wnmp\wwwroot\weixin\DataSource\Runtime\Temp\52183c10c030deba17cd13c5c511db0c5d28fbcd.file.userinfo.html.php 第 312 行.
NOTIC: [8] Undefined index: blood_type C:\wnmp\wwwroot\weixin\DataSource\Runtime\Temp\52183c10c030deba17cd13c5c511db0c5d28fbcd.file.userinfo.html.php 第 313 行.
NOTIC: [8] Undefined index: blood_type C:\wnmp\wwwroot\weixin\DataSource\Runtime\Temp\52183c10c030deba17cd13c5c511db0c5d28fbcd.file.userinfo.html.php 第 314 行.
NOTIC: [8] Undefined index: blood_type C:\wnmp\wwwroot\weixin\DataSource\Runtime\Temp\52183c10c030deba17cd13c5c511db0c5d28fbcd.file.userinfo.html.php 第 570 行.
INFO: Run ParseTemplate Behavior [ RunTime:0.298219s ]
INFO: [ view_parse ] --END-- [ RunTime:0.298262s ]
INFO: [ view_filter ] --START--
INFO: Run ContentReplace Behavior [ RunTime:0.000776s ]
INFO: Run TokenBuild Behavior [ RunTime:0.000454s ]
INFO: Run WriteHtmlCache Behavior [ RunTime:0.000331s ]
INFO: Run ShowRuntime Behavior [ RunTime:0.000770s ]
INFO: [ view_filter ] --END-- [ RunTime:0.002538s ]
INFO: [ view_end ] --START--
INFO: Run ShowPageTrace Behavior [ RunTime:0.000720s ]
INFO: [ view_end ] --END-- [ RunTime:0.000793s ]

[ 2016-11-16T12:39:28+08:00 ] /weixin/getJsTk?url=http%3A%2F%2F192.168.1.118%3A8091%2FUser%2Fuserinfo
INFO: [ route_check ] --START--
INFO: Run CheckRoute Behavior [ RunTime:0.000766s ]
INFO: [ route_check ] --END-- [ RunTime:0.000842s ]
INFO: [ app_begin ] --START--
INFO: Run ReadHtmlCache Behavior [ RunTime:0.000579s ]
INFO: [ app_begin ] --END-- [ RunTime:0.000665s ]
NOTIC: [2] Missing argument 2 for WeixinAcessTokenModel::Jstoken(), called in C:\wnmp\wwwroot\weixin\DataSource\Lib\Action\WeixinAction.class.php on line 113 and defined C:\wnmp\wwwroot\weixin\DataSource\Lib\Model\WeixinAcessTokenModel.class.php 第 24 行.

[ 2016-11-16T12:39:28+08:00 ] /static/images/icon_shield.png
INFO: [ route_check ] --START--
INFO: Run CheckRoute Behavior [ RunTime:0.000660s ]
INFO: [ route_check ] --END-- [ RunTime:0.000725s ]
INFO: [ app_begin ] --START--
INFO: Run ReadHtmlCache Behavior [ RunTime:0.000550s ]
INFO: [ app_begin ] --END-- [ RunTime:0.000602s ]
ERR: 无法加载模块:Static

[ 2016-11-16T12:39:30+08:00 ] /User/userinfo
INFO: [ route_check ] --START--
INFO: Run CheckRoute Behavior [ RunTime:0.000845s ]
INFO: [ route_check ] --END-- [ RunTime:0.000943s ]
INFO: [ app_begin ] --START--
INFO: Run ReadHtmlCache Behavior [ RunTime:0.000470s ]
INFO: [ app_begin ] --END-- [ RunTime:0.000521s ]
NOTIC: [2048] Declaration of UserAction::success() should be compatible with that of Action::success() C:\wnmp\wwwroot\weixin\DataSource\Lib\Action\UserAction.class.php 第 506 行.
INFO: Run AuthCheck Behavior [ RunTime:0.001005s ]
NOTIC: [8] Undefined index: db_dsn C:\wnmp\wwwroot\weixin\lib\ThinkPHP\Lib\Core\Db.class.php 第 129 行.
NOTIC: [8] Undefined index: db_params C:\wnmp\wwwroot\weixin\lib\ThinkPHP\Lib\Core\Db.class.php 第 130 行.
SQL: SHOW COLUMNS FROM `zx_tb_userinfo` [ RunTime:0.007080s ]
SQL: SELECT * FROM `zx_tb_userinfo` WHERE ( uid = 25519 ) LIMIT 1   [ RunTime:0.000543s ]
INFO: [ view_template ] --START--
INFO: Run LocationTemplate Behavior [ RunTime:0.000755s ]
INFO: [ view_template ] --END-- [ RunTime:0.000841s ]
INFO: [ view_parse ] --START--
NOTIC: [2] rename(../DataSource/Runtime/Temp\wrt582be302b3e08,../DataSource/Runtime/Temp\52183c10c030deba17cd13c5c511db0c5d28fbcd.file.userinfo.html.php) [<a href='function.rename'>function.rename</a>]: ܾʡ (code: 5) C:\wnmp\wwwroot\weixin\lib\ThinkPHP\Extend\Vendor\Smarty\sysplugins\smarty_internal_write_file.php 第 52 行.
ERR: unable to write file ../DataSource/Runtime/Temp\52183c10c030deba17cd13c5c511db0c5d28fbcd.file.userinfo.html.php

[ 2016-11-16T12:39:33+08:00 ] /User/userinfo
INFO: [ route_check ] --START--
INFO: Run CheckRoute Behavior [ RunTime:0.000893s ]
INFO: [ route_check ] --END-- [ RunTime:0.000972s ]
INFO: [ app_begin ] --START--
INFO: Run ReadHtmlCache Behavior [ RunTime:0.000976s ]
INFO: [ app_begin ] --END-- [ RunTime:0.001083s ]
NOTIC: [2048] Declaration of UserAction::success() should be compatible with that of Action::success() C:\wnmp\wwwroot\weixin\DataSource\Lib\Action\UserAction.class.php 第 506 行.
INFO: Run AuthCheck Behavior [ RunTime:0.000867s ]
NOTIC: [8] Undefined index: db_dsn C:\wnmp\wwwroot\weixin\lib\ThinkPHP\Lib\Core\Db.class.php 第 129 行.
NOTIC: [8] Undefined index: db_params C:\wnmp\wwwroot\weixin\lib\ThinkPHP\Lib\Core\Db.class.php 第 130 行.
SQL: SHOW COLUMNS FROM `zx_tb_userinfo` [ RunTime:0.005211s ]
SQL: SELECT * FROM `zx_tb_userinfo` WHERE ( uid = 25519 ) LIMIT 1   [ RunTime:0.000574s ]
INFO: [ view_template ] --START--
INFO: Run LocationTemplate Behavior [ RunTime:0.000865s ]
INFO: [ view_template ] --END-- [ RunTime:0.000931s ]
INFO: [ view_parse ] --START--
NOTIC: [2] filemtime() [<a href='function.filemtime'>function.filemtime</a>]: stat failed for ../DataSource/Runtime/Temp\52183c10c030deba17cd13c5c511db0c5d28fbcd.file.userinfo.html.php C:\wnmp\wwwroot\weixin\lib\ThinkPHP\Extend\Vendor\Smarty\sysplugins\smarty_resource.php 第 683 行.
NOTIC: [2] unlink(../DataSource/Runtime/Temp\52183c10c030deba17cd13c5c511db0c5d28fbcd.file.userinfo.html.php) [<a href='function.unlink'>function.unlink</a>]: No such file or directory C:\wnmp\wwwroot\weixin\lib\ThinkPHP\Extend\Vendor\Smarty\sysplugins\smarty_internal_write_file.php 第 49 行.
NOTIC: [8] Undefined index: blood_type C:\wnmp\wwwroot\weixin\DataSource\Runtime\Temp\52183c10c030deba17cd13c5c511db0c5d28fbcd.file.userinfo.html.php 第 311 行.
NOTIC: [8] Undefined index: blood_type C:\wnmp\wwwroot\weixin\DataSource\Runtime\Temp\52183c10c030deba17cd13c5c511db0c5d28fbcd.file.userinfo.html.php 第 312 行.
NOTIC: [8] Undefined index: blood_type C:\wnmp\wwwroot\weixin\DataSource\Runtime\Temp\52183c10c030deba17cd13c5c511db0c5d28fbcd.file.userinfo.html.php 第 313 行.
NOTIC: [8] Undefined index: blood_type C:\wnmp\wwwroot\weixin\DataSource\Runtime\Temp\52183c10c030deba17cd13c5c511db0c5d28fbcd.file.userinfo.html.php 第 314 行.
NOTIC: [8] Undefined index: blood_type C:\wnmp\wwwroot\weixin\DataSource\Runtime\Temp\52183c10c030deba17cd13c5c511db0c5d28fbcd.file.userinfo.html.php 第 570 行.
INFO: Run ParseTemplate Behavior [ RunTime:0.319139s ]
INFO: [ view_parse ] --END-- [ RunTime:0.319188s ]
INFO: [ view_filter ] --START--
INFO: Run ContentReplace Behavior [ RunTime:0.000731s ]
INFO: Run TokenBuild Behavior [ RunTime:0.000480s ]
INFO: Run WriteHtmlCache Behavior [ RunTime:0.000318s ]
INFO: Run ShowRuntime Behavior [ RunTime:0.000665s ]
INFO: [ view_filter ] --END-- [ RunTime:0.002342s ]
INFO: [ view_end ] --START--
INFO: Run ShowPageTrace Behavior [ RunTime:0.000888s ]
INFO: [ view_end ] --END-- [ RunTime:0.000974s ]

[ 2016-11-16T12:39:33+08:00 ] /weixin/getJsTk?url=http%3A%2F%2F192.168.1.118%3A8091%2FUser%2Fuserinfo
INFO: [ route_check ] --START--
INFO: Run CheckRoute Behavior [ RunTime:0.001796s ]
INFO: [ route_check ] --END-- [ RunTime:0.001971s ]
INFO: [ app_begin ] --START--
INFO: Run ReadHtmlCache Behavior [ RunTime:0.001081s ]
INFO: [ app_begin ] --END-- [ RunTime:0.001169s ]
NOTIC: [2] Missing argument 2 for WeixinAcessTokenModel::Jstoken(), called in C:\wnmp\wwwroot\weixin\DataSource\Lib\Action\WeixinAction.class.php on line 113 and defined C:\wnmp\wwwroot\weixin\DataSource\Lib\Model\WeixinAcessTokenModel.class.php 第 24 行.

[ 2016-11-16T12:39:33+08:00 ] /static/images/icon_shield.png
INFO: [ route_check ] --START--
INFO: Run CheckRoute Behavior [ RunTime:0.000893s ]
INFO: [ route_check ] --END-- [ RunTime:0.001007s ]
INFO: [ app_begin ] --START--
INFO: Run ReadHtmlCache Behavior [ RunTime:0.000656s ]
INFO: [ app_begin ] --END-- [ RunTime:0.000726s ]
ERR: 无法加载模块:Static

[ 2016-11-16T12:41:45+08:00 ] /User/userinfo
INFO: [ route_check ] --START--
INFO: Run CheckRoute Behavior [ RunTime:0.001837s ]
INFO: [ route_check ] --END-- [ RunTime:0.001923s ]
INFO: [ app_begin ] --START--
INFO: Run ReadHtmlCache Behavior [ RunTime:0.001295s ]
INFO: [ app_begin ] --END-- [ RunTime:0.001358s ]
NOTIC: [2048] Declaration of UserAction::success() should be compatible with that of Action::success() C:\wnmp\wwwroot\weixin\DataSource\Lib\Action\UserAction.class.php 第 506 行.
INFO: Run AuthCheck Behavior [ RunTime:0.001324s ]
NOTIC: [8] Undefined index: db_dsn C:\wnmp\wwwroot\weixin\lib\ThinkPHP\Lib\Core\Db.class.php 第 129 行.
NOTIC: [8] Undefined index: db_params C:\wnmp\wwwroot\weixin\lib\ThinkPHP\Lib\Core\Db.class.php 第 130 行.
SQL: SHOW COLUMNS FROM `zx_tb_userinfo` [ RunTime:0.004358s ]
SQL: SELECT * FROM `zx_tb_userinfo` WHERE ( uid = 25519 ) LIMIT 1   [ RunTime:0.000748s ]
INFO: [ view_template ] --START--
INFO: Run LocationTemplate Behavior [ RunTime:0.001469s ]
INFO: [ view_template ] --END-- [ RunTime:0.001542s ]
INFO: [ view_parse ] --START--
NOTIC: [8] Undefined index: blood_type C:\wnmp\wwwroot\weixin\DataSource\Runtime\Temp\52183c10c030deba17cd13c5c511db0c5d28fbcd.file.userinfo.html.php 第 311 行.
NOTIC: [8] Undefined index: blood_type C:\wnmp\wwwroot\weixin\DataSource\Runtime\Temp\52183c10c030deba17cd13c5c511db0c5d28fbcd.file.userinfo.html.php 第 312 行.
NOTIC: [8] Undefined index: blood_type C:\wnmp\wwwroot\weixin\DataSource\Runtime\Temp\52183c10c030deba17cd13c5c511db0c5d28fbcd.file.userinfo.html.php 第 313 行.
NOTIC: [8] Undefined index: blood_type C:\wnmp\wwwroot\weixin\DataSource\Runtime\Temp\52183c10c030deba17cd13c5c511db0c5d28fbcd.file.userinfo.html.php 第 314 行.
NOTIC: [8] Undefined index: blood_type C:\wnmp\wwwroot\weixin\DataSource\Runtime\Temp\52183c10c030deba17cd13c5c511db0c5d28fbcd.file.userinfo.html.php 第 570 行.
INFO: Run ParseTemplate Behavior [ RunTime:0.415128s ]
INFO: [ view_parse ] --END-- [ RunTime:0.415178s ]
INFO: [ view_filter ] --START--
INFO: Run ContentReplace Behavior [ RunTime:0.001229s ]
INFO: Run TokenBuild Behavior [ RunTime:0.000713s ]
INFO: Run WriteHtmlCache Behavior [ RunTime:0.000614s ]
INFO: Run ShowRuntime Behavior [ RunTime:0.000770s ]
INFO: [ view_filter ] --END-- [ RunTime:0.003476s ]
INFO: [ view_end ] --START--
INFO: Run ShowPageTrace Behavior [ RunTime:0.000882s ]
INFO: [ view_end ] --END-- [ RunTime:0.000935s ]

[ 2016-11-16T12:41:45+08:00 ] /weixin/getJsTk?url=http%3A%2F%2F192.168.1.118%3A8091%2FUser%2Fuserinfo
INFO: [ route_check ] --START--
INFO: Run CheckRoute Behavior [ RunTime:0.001228s ]
INFO: [ route_check ] --END-- [ RunTime:0.001427s ]
INFO: [ app_begin ] --START--
INFO: Run ReadHtmlCache Behavior [ RunTime:0.000763s ]
INFO: [ app_begin ] --END-- [ RunTime:0.000833s ]
NOTIC: [2] Missing argument 2 for WeixinAcessTokenModel::Jstoken(), called in C:\wnmp\wwwroot\weixin\DataSource\Lib\Action\WeixinAction.class.php on line 113 and defined C:\wnmp\wwwroot\weixin\DataSource\Lib\Model\WeixinAcessTokenModel.class.php 第 24 行.

[ 2016-11-16T12:41:45+08:00 ] /static/images/icon_shield.png
INFO: [ route_check ] --START--
INFO: Run CheckRoute Behavior [ RunTime:0.001048s ]
INFO: [ route_check ] --END-- [ RunTime:0.001144s ]
INFO: [ app_begin ] --START--
INFO: Run ReadHtmlCache Behavior [ RunTime:0.000693s ]
INFO: [ app_begin ] --END-- [ RunTime:0.000767s ]
ERR: 无法加载模块:Static

[ 2016-11-16T12:42:24+08:00 ] /User/userinfo
INFO: [ route_check ] --START--
INFO: Run CheckRoute Behavior [ RunTime:0.001373s ]
INFO: [ route_check ] --END-- [ RunTime:0.001472s ]
INFO: [ app_begin ] --START--
INFO: Run ReadHtmlCache Behavior [ RunTime:0.001359s ]
INFO: [ app_begin ] --END-- [ RunTime:0.001431s ]
NOTIC: [2048] Declaration of UserAction::success() should be compatible with that of Action::success() C:\wnmp\wwwroot\weixin\DataSource\Lib\Action\UserAction.class.php 第 506 行.
INFO: Run AuthCheck Behavior [ RunTime:0.001793s ]
NOTIC: [8] Undefined index: db_dsn C:\wnmp\wwwroot\weixin\lib\ThinkPHP\Lib\Core\Db.class.php 第 129 行.
NOTIC: [8] Undefined index: db_params C:\wnmp\wwwroot\weixin\lib\ThinkPHP\Lib\Core\Db.class.php 第 130 行.
SQL: SHOW COLUMNS FROM `zx_tb_userinfo` [ RunTime:0.004272s ]
SQL: SELECT * FROM `zx_tb_userinfo` WHERE ( uid = 25519 ) LIMIT 1   [ RunTime:0.000513s ]
INFO: [ view_template ] --START--
INFO: Run LocationTemplate Behavior [ RunTime:0.001177s ]
INFO: [ view_template ] --END-- [ RunTime:0.001235s ]
INFO: [ view_parse ] --START--
NOTIC: [8] Undefined index: blood_type C:\wnmp\wwwroot\weixin\DataSource\Runtime\Temp\52183c10c030deba17cd13c5c511db0c5d28fbcd.file.userinfo.html.php 第 311 行.
NOTIC: [8] Undefined index: blood_type C:\wnmp\wwwroot\weixin\DataSource\Runtime\Temp\52183c10c030deba17cd13c5c511db0c5d28fbcd.file.userinfo.html.php 第 312 行.
NOTIC: [8] Undefined index: blood_type C:\wnmp\wwwroot\weixin\DataSource\Runtime\Temp\52183c10c030deba17cd13c5c511db0c5d28fbcd.file.userinfo.html.php 第 313 行.
NOTIC: [8] Undefined index: blood_type C:\wnmp\wwwroot\weixin\DataSource\Runtime\Temp\52183c10c030deba17cd13c5c511db0c5d28fbcd.file.userinfo.html.php 第 314 行.
NOTIC: [8] Undefined index: blood_type C:\wnmp\wwwroot\weixin\DataSource\Runtime\Temp\52183c10c030deba17cd13c5c511db0c5d28fbcd.file.userinfo.html.php 第 570 行.
INFO: Run ParseTemplate Behavior [ RunTime:0.411407s ]
INFO: [ view_parse ] --END-- [ RunTime:0.411477s ]
INFO: [ view_filter ] --START--
INFO: Run ContentReplace Behavior [ RunTime:0.000937s ]
INFO: Run TokenBuild Behavior [ RunTime:0.000571s ]
INFO: Run WriteHtmlCache Behavior [ RunTime:0.000553s ]
INFO: Run ShowRuntime Behavior [ RunTime:0.000699s ]
INFO: [ view_filter ] --END-- [ RunTime:0.002915s ]
INFO: [ view_end ] --START--
INFO: Run ShowPageTrace Behavior [ RunTime:0.000872s ]
INFO: [ view_end ] --END-- [ RunTime:0.000946s ]

[ 2016-11-16T12:42:24+08:00 ] /weixin/getJsTk?url=http%3A%2F%2F192.168.1.118%3A8091%2FUser%2Fuserinfo
INFO: [ route_check ] --START--
INFO: Run CheckRoute Behavior [ RunTime:0.001465s ]
INFO: [ route_check ] --END-- [ RunTime:0.001610s ]
INFO: [ app_begin ] --START--
INFO: Run ReadHtmlCache Behavior [ RunTime:0.000951s ]
INFO: [ app_begin ] --END-- [ RunTime:0.001013s ]
NOTIC: [2] Missing argument 2 for WeixinAcessTokenModel::Jstoken(), called in C:\wnmp\wwwroot\weixin\DataSource\Lib\Action\WeixinAction.class.php on line 113 and defined C:\wnmp\wwwroot\weixin\DataSource\Lib\Model\WeixinAcessTokenModel.class.php 第 24 行.

[ 2016-11-16T12:42:24+08:00 ] /static/images/icon_shield.png
INFO: [ route_check ] --START--
INFO: Run CheckRoute Behavior [ RunTime:0.002166s ]
INFO: [ route_check ] --END-- [ RunTime:0.002827s ]
INFO: [ app_begin ] --START--
INFO: Run ReadHtmlCache Behavior [ RunTime:0.000630s ]
INFO: [ app_begin ] --END-- [ RunTime:0.000701s ]
ERR: 无法加载模块:Static

[ 2016-11-16T12:45:07+08:00 ] /User/userinfo
INFO: [ route_check ] --START--
INFO: Run CheckRoute Behavior [ RunTime:0.004020s ]
INFO: [ route_check ] --END-- [ RunTime:0.004127s ]
INFO: [ app_begin ] --START--
INFO: Run ReadHtmlCache Behavior [ RunTime:0.001213s ]
INFO: [ app_begin ] --END-- [ RunTime:0.001291s ]
NOTIC: [2048] Declaration of UserAction::success() should be compatible with that of Action::success() C:\wnmp\wwwroot\weixin\DataSource\Lib\Action\UserAction.class.php 第 506 行.
INFO: Run AuthCheck Behavior [ RunTime:0.001291s ]
NOTIC: [8] Undefined index: db_dsn C:\wnmp\wwwroot\weixin\lib\ThinkPHP\Lib\Core\Db.class.php 第 129 行.
NOTIC: [8] Undefined index: db_params C:\wnmp\wwwroot\weixin\lib\ThinkPHP\Lib\Core\Db.class.php 第 130 行.
SQL: SHOW COLUMNS FROM `zx_tb_userinfo` [ RunTime:0.004353s ]
SQL: SELECT * FROM `zx_tb_userinfo` WHERE ( uid = 25519 ) LIMIT 1   [ RunTime:0.000748s ]
INFO: [ view_template ] --START--
INFO: Run LocationTemplate Behavior [ RunTime:0.001086s ]
INFO: [ view_template ] --END-- [ RunTime:0.001144s ]
INFO: [ view_parse ] --START--
NOTIC: [8] Undefined index: blood_type C:\wnmp\wwwroot\weixin\DataSource\Runtime\Temp\52183c10c030deba17cd13c5c511db0c5d28fbcd.file.userinfo.html.php 第 311 行.
NOTIC: [8] Undefined index: blood_type C:\wnmp\wwwroot\weixin\DataSource\Runtime\Temp\52183c10c030deba17cd13c5c511db0c5d28fbcd.file.userinfo.html.php 第 312 行.
NOTIC: [8] Undefined index: blood_type C:\wnmp\wwwroot\weixin\DataSource\Runtime\Temp\52183c10c030deba17cd13c5c511db0c5d28fbcd.file.userinfo.html.php 第 313 行.
NOTIC: [8] Undefined index: blood_type C:\wnmp\wwwroot\weixin\DataSource\Runtime\Temp\52183c10c030deba17cd13c5c511db0c5d28fbcd.file.userinfo.html.php 第 314 行.
NOTIC: [8] Undefined index: blood_type C:\wnmp\wwwroot\weixin\DataSource\Runtime\Temp\52183c10c030deba17cd13c5c511db0c5d28fbcd.file.userinfo.html.php 第 570 行.
INFO: Run ParseTemplate Behavior [ RunTime:0.365306s ]
INFO: [ view_parse ] --END-- [ RunTime:0.365354s ]
INFO: [ view_filter ] --START--
INFO: Run ContentReplace Behavior [ RunTime:0.000940s ]
INFO: Run TokenBuild Behavior [ RunTime:0.000689s ]
INFO: Run WriteHtmlCache Behavior [ RunTime:0.000560s ]
INFO: Run ShowRuntime Behavior [ RunTime:0.000676s ]
INFO: [ view_filter ] --END-- [ RunTime:0.002999s ]
INFO: [ view_end ] --START--
INFO: Run ShowPageTrace Behavior [ RunTime:0.000809s ]
INFO: [ view_end ] --END-- [ RunTime:0.000856s ]

[ 2016-11-16T12:45:08+08:00 ] /weixin/getJsTk?url=http%3A%2F%2F192.168.1.118%3A8091%2FUser%2Fuserinfo
INFO: [ route_check ] --START--
INFO: Run CheckRoute Behavior [ RunTime:0.001893s ]
INFO: [ route_check ] --END-- [ RunTime:0.002002s ]
INFO: [ app_begin ] --START--
INFO: Run ReadHtmlCache Behavior [ RunTime:0.000819s ]
INFO: [ app_begin ] --END-- [ RunTime:0.000895s ]
NOTIC: [2] Missing argument 2 for WeixinAcessTokenModel::Jstoken(), called in C:\wnmp\wwwroot\weixin\DataSource\Lib\Action\WeixinAction.class.php on line 113 and defined C:\wnmp\wwwroot\weixin\DataSource\Lib\Model\WeixinAcessTokenModel.class.php 第 24 行.

[ 2016-11-16T12:45:08+08:00 ] /static/images/icon_shield.png
INFO: [ route_check ] --START--
INFO: Run CheckRoute Behavior [ RunTime:0.000975s ]
INFO: [ route_check ] --END-- [ RunTime:0.001069s ]
INFO: [ app_begin ] --START--
INFO: Run ReadHtmlCache Behavior [ RunTime:0.000521s ]
INFO: [ app_begin ] --END-- [ RunTime:0.000571s ]
ERR: 无法加载模块:Static

[ 2016-11-16T12:45:42+08:00 ] /User/userinfo
INFO: [ route_check ] --START--
INFO: Run CheckRoute Behavior [ RunTime:0.001591s ]
INFO: [ route_check ] --END-- [ RunTime:0.001656s ]
INFO: [ app_begin ] --START--
INFO: Run ReadHtmlCache Behavior [ RunTime:0.001080s ]
INFO: [ app_begin ] --END-- [ RunTime:0.001133s ]
NOTIC: [2048] Declaration of UserAction::success() should be compatible with that of Action::success() C:\wnmp\wwwroot\weixin\DataSource\Lib\Action\UserAction.class.php 第 506 行.
INFO: Run AuthCheck Behavior [ RunTime:0.001427s ]
NOTIC: [8] Undefined index: db_dsn C:\wnmp\wwwroot\weixin\lib\ThinkPHP\Lib\Core\Db.class.php 第 129 行.
NOTIC: [8] Undefined index: db_params C:\wnmp\wwwroot\weixin\lib\ThinkPHP\Lib\Core\Db.class.php 第 130 行.
SQL: SHOW COLUMNS FROM `zx_tb_userinfo` [ RunTime:0.004507s ]
SQL: SELECT * FROM `zx_tb_userinfo` WHERE ( uid = 25519 ) LIMIT 1   [ RunTime:0.000550s ]
INFO: [ view_template ] --START--
INFO: Run LocationTemplate Behavior [ RunTime:0.013333s ]
INFO: [ view_template ] --END-- [ RunTime:0.013418s ]
INFO: [ view_parse ] --START--
NOTIC: [8] Undefined index: blood_type C:\wnmp\wwwroot\weixin\DataSource\Runtime\Temp\52183c10c030deba17cd13c5c511db0c5d28fbcd.file.userinfo.html.php 第 311 行.
NOTIC: [8] Undefined index: blood_type C:\wnmp\wwwroot\weixin\DataSource\Runtime\Temp\52183c10c030deba17cd13c5c511db0c5d28fbcd.file.userinfo.html.php 第 312 行.
NOTIC: [8] Undefined index: blood_type C:\wnmp\wwwroot\weixin\DataSource\Runtime\Temp\52183c10c030deba17cd13c5c511db0c5d28fbcd.file.userinfo.html.php 第 313 行.
NOTIC: [8] Undefined index: blood_type C:\wnmp\wwwroot\weixin\DataSource\Runtime\Temp\52183c10c030deba17cd13c5c511db0c5d28fbcd.file.userinfo.html.php 第 314 行.
NOTIC: [8] Undefined index: blood_type C:\wnmp\wwwroot\weixin\DataSource\Runtime\Temp\52183c10c030deba17cd13c5c511db0c5d28fbcd.file.userinfo.html.php 第 570 行.
INFO: Run ParseTemplate Behavior [ RunTime:0.281132s ]
INFO: [ view_parse ] --END-- [ RunTime:0.281181s ]
INFO: [ view_filter ] --START--
INFO: Run ContentReplace Behavior [ RunTime:0.001523s ]
INFO: Run TokenBuild Behavior [ RunTime:0.001049s ]
INFO: Run WriteHtmlCache Behavior [ RunTime:0.000696s ]
INFO: Run ShowRuntime Behavior [ RunTime:0.000971s ]
INFO: [ view_filter ] --END-- [ RunTime:0.004403s ]
INFO: [ view_end ] --START--
INFO: Run ShowPageTrace Behavior [ RunTime:0.000987s ]
INFO: [ view_end ] --END-- [ RunTime:0.001042s ]

[ 2016-11-16T12:45:42+08:00 ] /weixin/getJsTk?url=http%3A%2F%2F192.168.1.118%3A8091%2FUser%2Fuserinfo
INFO: [ route_check ] --START--
INFO: Run CheckRoute Behavior [ RunTime:0.001060s ]
INFO: [ route_check ] --END-- [ RunTime:0.001147s ]
INFO: [ app_begin ] --START--
INFO: Run ReadHtmlCache Behavior [ RunTime:0.000802s ]
INFO: [ app_begin ] --END-- [ RunTime:0.000891s ]
NOTIC: [2] Missing argument 2 for WeixinAcessTokenModel::Jstoken(), called in C:\wnmp\wwwroot\weixin\DataSource\Lib\Action\WeixinAction.class.php on line 113 and defined C:\wnmp\wwwroot\weixin\DataSource\Lib\Model\WeixinAcessTokenModel.class.php 第 24 行.

[ 2016-11-16T12:45:42+08:00 ] /static/images/icon_shield.png
INFO: [ route_check ] --START--
INFO: Run CheckRoute Behavior [ RunTime:0.002520s ]
INFO: [ route_check ] --END-- [ RunTime:0.002684s ]
INFO: [ app_begin ] --START--
INFO: Run ReadHtmlCache Behavior [ RunTime:0.000832s ]
INFO: [ app_begin ] --END-- [ RunTime:0.000912s ]
ERR: 无法加载模块:Static

[ 2016-11-16T12:46:12+08:00 ] /User/userinfo
INFO: [ route_check ] --START--
INFO: Run CheckRoute Behavior [ RunTime:0.000597s ]
INFO: [ route_check ] --END-- [ RunTime:0.000664s ]
INFO: [ app_begin ] --START--
INFO: Run ReadHtmlCache Behavior [ RunTime:0.000548s ]
INFO: [ app_begin ] --END-- [ RunTime:0.000599s ]
NOTIC: [2048] Declaration of UserAction::success() should be compatible with that of Action::success() C:\wnmp\wwwroot\weixin\DataSource\Lib\Action\UserAction.class.php 第 506 行.
INFO: Run AuthCheck Behavior [ RunTime:0.001352s ]
NOTIC: [8] Undefined index: db_dsn C:\wnmp\wwwroot\weixin\lib\ThinkPHP\Lib\Core\Db.class.php 第 129 行.
NOTIC: [8] Undefined index: db_params C:\wnmp\wwwroot\weixin\lib\ThinkPHP\Lib\Core\Db.class.php 第 130 行.
SQL: SHOW COLUMNS FROM `zx_tb_userinfo` [ RunTime:0.007780s ]
SQL: SELECT * FROM `zx_tb_userinfo` WHERE ( uid = 25519 ) LIMIT 1   [ RunTime:0.000745s ]
INFO: [ view_template ] --START--
INFO: Run LocationTemplate Behavior [ RunTime:0.001053s ]
INFO: [ view_template ] --END-- [ RunTime:0.001131s ]
INFO: [ view_parse ] --START--
NOTIC: [8] Undefined index: blood_type C:\wnmp\wwwroot\weixin\DataSource\Runtime\Temp\52183c10c030deba17cd13c5c511db0c5d28fbcd.file.userinfo.html.php 第 311 行.
NOTIC: [8] Undefined index: blood_type C:\wnmp\wwwroot\weixin\DataSource\Runtime\Temp\52183c10c030deba17cd13c5c511db0c5d28fbcd.file.userinfo.html.php 第 312 行.
NOTIC: [8] Undefined index: blood_type C:\wnmp\wwwroot\weixin\DataSource\Runtime\Temp\52183c10c030deba17cd13c5c511db0c5d28fbcd.file.userinfo.html.php 第 313 行.
NOTIC: [8] Undefined index: blood_type C:\wnmp\wwwroot\weixin\DataSource\Runtime\Temp\52183c10c030deba17cd13c5c511db0c5d28fbcd.file.userinfo.html.php 第 314 行.
NOTIC: [8] Undefined index: blood_type C:\wnmp\wwwroot\weixin\DataSource\Runtime\Temp\52183c10c030deba17cd13c5c511db0c5d28fbcd.file.userinfo.html.php 第 570 行.
INFO: Run ParseTemplate Behavior [ RunTime:0.347310s ]
INFO: [ view_parse ] --END-- [ RunTime:0.347361s ]
INFO: [ view_filter ] --START--
INFO: Run ContentReplace Behavior [ RunTime:0.000740s ]
INFO: Run TokenBuild Behavior [ RunTime:0.000406s ]
INFO: Run WriteHtmlCache Behavior [ RunTime:0.000301s ]
INFO: Run ShowRuntime Behavior [ RunTime:0.000485s ]
INFO: [ view_filter ] --END-- [ RunTime:0.002075s ]
INFO: [ view_end ] --START--
INFO: Run ShowPageTrace Behavior [ RunTime:0.000594s ]
INFO: [ view_end ] --END-- [ RunTime:0.000660s ]

[ 2016-11-16T12:46:12+08:00 ] /weixin/getJsTk?url=http%3A%2F%2F192.168.1.118%3A8091%2FUser%2Fuserinfo
INFO: [ route_check ] --START--
INFO: Run CheckRoute Behavior [ RunTime:0.002279s ]
INFO: [ route_check ] --END-- [ RunTime:0.002483s ]
INFO: [ app_begin ] --START--
INFO: Run ReadHtmlCache Behavior [ RunTime:0.001077s ]
INFO: [ app_begin ] --END-- [ RunTime:0.001193s ]
NOTIC: [2] Missing argument 2 for WeixinAcessTokenModel::Jstoken(), called in C:\wnmp\wwwroot\weixin\DataSource\Lib\Action\WeixinAction.class.php on line 113 and defined C:\wnmp\wwwroot\weixin\DataSource\Lib\Model\WeixinAcessTokenModel.class.php 第 24 行.

[ 2016-11-16T12:46:12+08:00 ] /static/images/icon_shield.png
INFO: [ route_check ] --START--
INFO: Run CheckRoute Behavior [ RunTime:0.000924s ]
INFO: [ route_check ] --END-- [ RunTime:0.001025s ]
INFO: [ app_begin ] --START--
INFO: Run ReadHtmlCache Behavior [ RunTime:0.000748s ]
INFO: [ app_begin ] --END-- [ RunTime:0.000820s ]
ERR: 无法加载模块:Static

[ 2016-11-16T12:46:49+08:00 ] /User/userinfo
INFO: [ route_check ] --START--
INFO: Run CheckRoute Behavior [ RunTime:0.000911s ]
INFO: [ route_check ] --END-- [ RunTime:0.001004s ]
INFO: [ app_begin ] --START--
INFO: Run ReadHtmlCache Behavior [ RunTime:0.000649s ]
INFO: [ app_begin ] --END-- [ RunTime:0.000751s ]
NOTIC: [2048] Declaration of UserAction::success() should be compatible with that of Action::success() C:\wnmp\wwwroot\weixin\DataSource\Lib\Action\UserAction.class.php 第 506 行.
INFO: Run AuthCheck Behavior [ RunTime:0.001081s ]
NOTIC: [8] Undefined index: db_dsn C:\wnmp\wwwroot\weixin\lib\ThinkPHP\Lib\Core\Db.class.php 第 129 行.
NOTIC: [8] Undefined index: db_params C:\wnmp\wwwroot\weixin\lib\ThinkPHP\Lib\Core\Db.class.php 第 130 行.
SQL: SHOW COLUMNS FROM `zx_tb_userinfo` [ RunTime:0.003926s ]
SQL: SELECT * FROM `zx_tb_userinfo` WHERE ( uid = 25519 ) LIMIT 1   [ RunTime:0.000484s ]
INFO: [ view_template ] --START--
INFO: Run LocationTemplate Behavior [ RunTime:0.001372s ]
INFO: [ view_template ] --END-- [ RunTime:0.001478s ]
INFO: [ view_parse ] --START--
NOTIC: [8] Undefined index: blood_type C:\wnmp\wwwroot\weixin\DataSource\Runtime\Temp\52183c10c030deba17cd13c5c511db0c5d28fbcd.file.userinfo.html.php 第 311 行.
NOTIC: [8] Undefined index: blood_type C:\wnmp\wwwroot\weixin\DataSource\Runtime\Temp\52183c10c030deba17cd13c5c511db0c5d28fbcd.file.userinfo.html.php 第 312 行.
NOTIC: [8] Undefined index: blood_type C:\wnmp\wwwroot\weixin\DataSource\Runtime\Temp\52183c10c030deba17cd13c5c511db0c5d28fbcd.file.userinfo.html.php 第 313 行.
NOTIC: [8] Undefined index: blood_type C:\wnmp\wwwroot\weixin\DataSource\Runtime\Temp\52183c10c030deba17cd13c5c511db0c5d28fbcd.file.userinfo.html.php 第 314 行.
NOTIC: [8] Undefined index: blood_type C:\wnmp\wwwroot\weixin\DataSource\Runtime\Temp\52183c10c030deba17cd13c5c511db0c5d28fbcd.file.userinfo.html.php 第 570 行.
INFO: Run ParseTemplate Behavior [ RunTime:0.318754s ]
INFO: [ view_parse ] --END-- [ RunTime:0.318804s ]
INFO: [ view_filter ] --START--
INFO: Run ContentReplace Behavior [ RunTime:0.000783s ]
INFO: Run TokenBuild Behavior [ RunTime:0.000401s ]
INFO: Run WriteHtmlCache Behavior [ RunTime:0.000306s ]
INFO: Run ShowRuntime Behavior [ RunTime:0.000443s ]
INFO: [ view_filter ] --END-- [ RunTime:0.002066s ]
INFO: [ view_end ] --START--
INFO: Run ShowPageTrace Behavior [ RunTime:0.000576s ]
INFO: [ view_end ] --END-- [ RunTime:0.000640s ]

[ 2016-11-16T12:46:49+08:00 ] /weixin/getJsTk?url=http%3A%2F%2F192.168.1.118%3A8091%2FUser%2Fuserinfo
INFO: [ route_check ] --START--
INFO: Run CheckRoute Behavior [ RunTime:0.001109s ]
INFO: [ route_check ] --END-- [ RunTime:0.001204s ]
INFO: [ app_begin ] --START--
INFO: Run ReadHtmlCache Behavior [ RunTime:0.000730s ]
INFO: [ app_begin ] --END-- [ RunTime:0.000802s ]
NOTIC: [2] Missing argument 2 for WeixinAcessTokenModel::Jstoken(), called in C:\wnmp\wwwroot\weixin\DataSource\Lib\Action\WeixinAction.class.php on line 113 and defined C:\wnmp\wwwroot\weixin\DataSource\Lib\Model\WeixinAcessTokenModel.class.php 第 24 行.

[ 2016-11-16T12:46:49+08:00 ] /static/images/icon_shield.png
INFO: [ route_check ] --START--
INFO: Run CheckRoute Behavior [ RunTime:0.000964s ]
INFO: [ route_check ] --END-- [ RunTime:0.001063s ]
INFO: [ app_begin ] --START--
INFO: Run ReadHtmlCache Behavior [ RunTime:0.000499s ]
INFO: [ app_begin ] --END-- [ RunTime:0.000557s ]
ERR: 无法加载模块:Static

[ 2016-11-16T12:48:04+08:00 ] /User/userinfo
INFO: [ route_check ] --START--
INFO: Run CheckRoute Behavior [ RunTime:0.001961s ]
INFO: [ route_check ] --END-- [ RunTime:0.002045s ]
INFO: [ app_begin ] --START--
INFO: Run ReadHtmlCache Behavior [ RunTime:0.001153s ]
INFO: [ app_begin ] --END-- [ RunTime:0.001219s ]
NOTIC: [2048] Declaration of UserAction::success() should be compatible with that of Action::success() C:\wnmp\wwwroot\weixin\DataSource\Lib\Action\UserAction.class.php 第 506 行.
INFO: Run AuthCheck Behavior [ RunTime:0.001296s ]
NOTIC: [8] Undefined index: db_dsn C:\wnmp\wwwroot\weixin\lib\ThinkPHP\Lib\Core\Db.class.php 第 129 行.
NOTIC: [8] Undefined index: db_params C:\wnmp\wwwroot\weixin\lib\ThinkPHP\Lib\Core\Db.class.php 第 130 行.
SQL: SHOW COLUMNS FROM `zx_tb_userinfo` [ RunTime:0.007123s ]
SQL: SELECT * FROM `zx_tb_userinfo` WHERE ( uid = 25519 ) LIMIT 1   [ RunTime:0.030638s ]
INFO: [ view_template ] --START--
INFO: Run LocationTemplate Behavior [ RunTime:0.001408s ]
INFO: [ view_template ] --END-- [ RunTime:0.001511s ]
INFO: [ view_parse ] --START--
NOTIC: [8] Undefined index: blood_type C:\wnmp\wwwroot\weixin\DataSource\Runtime\Temp\52183c10c030deba17cd13c5c511db0c5d28fbcd.file.userinfo.html.php 第 311 行.
NOTIC: [8] Undefined index: blood_type C:\wnmp\wwwroot\weixin\DataSource\Runtime\Temp\52183c10c030deba17cd13c5c511db0c5d28fbcd.file.userinfo.html.php 第 312 行.
NOTIC: [8] Undefined index: blood_type C:\wnmp\wwwroot\weixin\DataSource\Runtime\Temp\52183c10c030deba17cd13c5c511db0c5d28fbcd.file.userinfo.html.php 第 313 行.
NOTIC: [8] Undefined index: blood_type C:\wnmp\wwwroot\weixin\DataSource\Runtime\Temp\52183c10c030deba17cd13c5c511db0c5d28fbcd.file.userinfo.html.php 第 314 行.
NOTIC: [8] Undefined index: blood_type C:\wnmp\wwwroot\weixin\DataSource\Runtime\Temp\52183c10c030deba17cd13c5c511db0c5d28fbcd.file.userinfo.html.php 第 571 行.
INFO: Run ParseTemplate Behavior [ RunTime:0.312489s ]
INFO: [ view_parse ] --END-- [ RunTime:0.312571s ]
INFO: [ view_filter ] --START--
INFO: Run ContentReplace Behavior [ RunTime:0.001310s ]
INFO: Run TokenBuild Behavior [ RunTime:0.000843s ]
INFO: Run WriteHtmlCache Behavior [ RunTime:0.000648s ]
INFO: Run ShowRuntime Behavior [ RunTime:0.000906s ]
INFO: [ view_filter ] --END-- [ RunTime:0.003867s ]
INFO: [ view_end ] --START--
INFO: Run ShowPageTrace Behavior [ RunTime:0.001110s ]
INFO: [ view_end ] --END-- [ RunTime:0.001171s ]

[ 2016-11-16T12:48:04+08:00 ] /weixin/getJsTk?url=http%3A%2F%2F192.168.1.118%3A8091%2FUser%2Fuserinfo
INFO: [ route_check ] --START--
INFO: Run CheckRoute Behavior [ RunTime:0.001012s ]
INFO: [ route_check ] --END-- [ RunTime:0.001104s ]
INFO: [ app_begin ] --START--
INFO: Run ReadHtmlCache Behavior [ RunTime:0.000625s ]
INFO: [ app_begin ] --END-- [ RunTime:0.000687s ]
NOTIC: [2] Missing argument 2 for WeixinAcessTokenModel::Jstoken(), called in C:\wnmp\wwwroot\weixin\DataSource\Lib\Action\WeixinAction.class.php on line 113 and defined C:\wnmp\wwwroot\weixin\DataSource\Lib\Model\WeixinAcessTokenModel.class.php 第 24 行.

[ 2016-11-16T12:48:04+08:00 ] /static/images/icon_shield.png
INFO: [ route_check ] --START--
INFO: Run CheckRoute Behavior [ RunTime:0.000658s ]
INFO: [ route_check ] --END-- [ RunTime:0.000746s ]
INFO: [ app_begin ] --START--
INFO: Run ReadHtmlCache Behavior [ RunTime:0.000639s ]
INFO: [ app_begin ] --END-- [ RunTime:0.000725s ]
ERR: 无法加载模块:Static

[ 2016-11-16T12:48:38+08:00 ] /User/userinfo
INFO: [ route_check ] --START--
INFO: Run CheckRoute Behavior [ RunTime:0.001573s ]
INFO: [ route_check ] --END-- [ RunTime:0.001689s ]
INFO: [ app_begin ] --START--
INFO: Run ReadHtmlCache Behavior [ RunTime:0.001198s ]
INFO: [ app_begin ] --END-- [ RunTime:0.001274s ]
NOTIC: [2048] Declaration of UserAction::success() should be compatible with that of Action::success() C:\wnmp\wwwroot\weixin\DataSource\Lib\Action\UserAction.class.php 第 506 行.
INFO: Run AuthCheck Behavior [ RunTime:0.001447s ]
NOTIC: [8] Undefined index: db_dsn C:\wnmp\wwwroot\weixin\lib\ThinkPHP\Lib\Core\Db.class.php 第 129 行.
NOTIC: [8] Undefined index: db_params C:\wnmp\wwwroot\weixin\lib\ThinkPHP\Lib\Core\Db.class.php 第 130 行.
SQL: SHOW COLUMNS FROM `zx_tb_userinfo` [ RunTime:0.005084s ]
SQL: SELECT * FROM `zx_tb_userinfo` WHERE ( uid = 25519 ) LIMIT 1   [ RunTime:0.000597s ]
INFO: [ view_template ] --START--
INFO: Run LocationTemplate Behavior [ RunTime:0.013401s ]
INFO: [ view_template ] --END-- [ RunTime:0.013499s ]
INFO: [ view_parse ] --START--
NOTIC: [8] Undefined index: blood_type C:\wnmp\wwwroot\weixin\DataSource\Runtime\Temp\52183c10c030deba17cd13c5c511db0c5d28fbcd.file.userinfo.html.php 第 311 行.
NOTIC: [8] Undefined index: blood_type C:\wnmp\wwwroot\weixin\DataSource\Runtime\Temp\52183c10c030deba17cd13c5c511db0c5d28fbcd.file.userinfo.html.php 第 312 行.
NOTIC: [8] Undefined index: blood_type C:\wnmp\wwwroot\weixin\DataSource\Runtime\Temp\52183c10c030deba17cd13c5c511db0c5d28fbcd.file.userinfo.html.php 第 313 行.
NOTIC: [8] Undefined index: blood_type C:\wnmp\wwwroot\weixin\DataSource\Runtime\Temp\52183c10c030deba17cd13c5c511db0c5d28fbcd.file.userinfo.html.php 第 314 行.
NOTIC: [8] Undefined index: blood_type C:\wnmp\wwwroot\weixin\DataSource\Runtime\Temp\52183c10c030deba17cd13c5c511db0c5d28fbcd.file.userinfo.html.php 第 571 行.
INFO: Run ParseTemplate Behavior [ RunTime:0.372038s ]
INFO: [ view_parse ] --END-- [ RunTime:0.372136s ]
INFO: [ view_filter ] --START--
INFO: Run ContentReplace Behavior [ RunTime:0.001321s ]
INFO: Run TokenBuild Behavior [ RunTime:0.000717s ]
INFO: Run WriteHtmlCache Behavior [ RunTime:0.000501s ]
INFO: Run ShowRuntime Behavior [ RunTime:0.000630s ]
INFO: [ view_filter ] --END-- [ RunTime:0.003312s ]
INFO: [ view_end ] --START--
INFO: Run ShowPageTrace Behavior [ RunTime:0.000985s ]
INFO: [ view_end ] --END-- [ RunTime:0.001046s ]

[ 2016-11-16T12:48:38+08:00 ] /weixin/getJsTk?url=http%3A%2F%2F192.168.1.118%3A8091%2FUser%2Fuserinfo
INFO: [ route_check ] --START--
INFO: Run CheckRoute Behavior [ RunTime:0.000978s ]
INFO: [ route_check ] --END-- [ RunTime:0.001070s ]
INFO: [ app_begin ] --START--
INFO: Run ReadHtmlCache Behavior [ RunTime:0.001156s ]
INFO: [ app_begin ] --END-- [ RunTime:0.001246s ]
NOTIC: [2] Missing argument 2 for WeixinAcessTokenModel::Jstoken(), called in C:\wnmp\wwwroot\weixin\DataSource\Lib\Action\WeixinAction.class.php on line 113 and defined C:\wnmp\wwwroot\weixin\DataSource\Lib\Model\WeixinAcessTokenModel.class.php 第 24 行.

[ 2016-11-16T12:48:38+08:00 ] /static/images/icon_shield.png
INFO: [ route_check ] --START--
INFO: Run CheckRoute Behavior [ RunTime:0.000976s ]
INFO: [ route_check ] --END-- [ RunTime:0.001178s ]
INFO: [ app_begin ] --START--
INFO: Run ReadHtmlCache Behavior [ RunTime:0.000637s ]
INFO: [ app_begin ] --END-- [ RunTime:0.000704s ]
ERR: 无法加载模块:Static

[ 2016-11-16T12:48:52+08:00 ] /User/userinfo
INFO: [ route_check ] --START--
INFO: Run CheckRoute Behavior [ RunTime:0.001349s ]
INFO: [ route_check ] --END-- [ RunTime:0.001448s ]
INFO: [ app_begin ] --START--
INFO: Run ReadHtmlCache Behavior [ RunTime:0.001046s ]
INFO: [ app_begin ] --END-- [ RunTime:0.001112s ]
NOTIC: [2048] Declaration of UserAction::success() should be compatible with that of Action::success() C:\wnmp\wwwroot\weixin\DataSource\Lib\Action\UserAction.class.php 第 506 行.
INFO: Run AuthCheck Behavior [ RunTime:0.001516s ]
NOTIC: [8] Undefined index: db_dsn C:\wnmp\wwwroot\weixin\lib\ThinkPHP\Lib\Core\Db.class.php 第 129 行.
NOTIC: [8] Undefined index: db_params C:\wnmp\wwwroot\weixin\lib\ThinkPHP\Lib\Core\Db.class.php 第 130 行.
SQL: SHOW COLUMNS FROM `zx_tb_userinfo` [ RunTime:0.016345s ]
SQL: SELECT * FROM `zx_tb_userinfo` WHERE ( uid = 25519 ) LIMIT 1   [ RunTime:0.000530s ]
INFO: [ view_template ] --START--
INFO: Run LocationTemplate Behavior [ RunTime:0.013071s ]
INFO: [ view_template ] --END-- [ RunTime:0.013136s ]
INFO: [ view_parse ] --START--
NOTIC: [8] Undefined index: blood_type C:\wnmp\wwwroot\weixin\DataSource\Runtime\Temp\52183c10c030deba17cd13c5c511db0c5d28fbcd.file.userinfo.html.php 第 311 行.
NOTIC: [8] Undefined index: blood_type C:\wnmp\wwwroot\weixin\DataSource\Runtime\Temp\52183c10c030deba17cd13c5c511db0c5d28fbcd.file.userinfo.html.php 第 312 行.
NOTIC: [8] Undefined index: blood_type C:\wnmp\wwwroot\weixin\DataSource\Runtime\Temp\52183c10c030deba17cd13c5c511db0c5d28fbcd.file.userinfo.html.php 第 313 行.
NOTIC: [8] Undefined index: blood_type C:\wnmp\wwwroot\weixin\DataSource\Runtime\Temp\52183c10c030deba17cd13c5c511db0c5d28fbcd.file.userinfo.html.php 第 314 行.
NOTIC: [8] Undefined index: blood_type C:\wnmp\wwwroot\weixin\DataSource\Runtime\Temp\52183c10c030deba17cd13c5c511db0c5d28fbcd.file.userinfo.html.php 第 571 行.
INFO: Run ParseTemplate Behavior [ RunTime:0.282817s ]
INFO: [ view_parse ] --END-- [ RunTime:0.282863s ]
INFO: [ view_filter ] --START--
INFO: Run ContentReplace Behavior [ RunTime:0.001239s ]
INFO: Run TokenBuild Behavior [ RunTime:0.000867s ]
INFO: Run WriteHtmlCache Behavior [ RunTime:0.000817s ]
INFO: Run ShowRuntime Behavior [ RunTime:0.000829s ]
INFO: [ view_filter ] --END-- [ RunTime:0.003969s ]
INFO: [ view_end ] --START--
INFO: Run ShowPageTrace Behavior [ RunTime:0.000982s ]
INFO: [ view_end ] --END-- [ RunTime:0.001042s ]

[ 2016-11-16T12:48:52+08:00 ] /weixin/getJsTk?url=http%3A%2F%2F192.168.1.118%3A8091%2FUser%2Fuserinfo
INFO: [ route_check ] --START--
INFO: Run CheckRoute Behavior [ RunTime:0.001228s ]
INFO: [ route_check ] --END-- [ RunTime:0.001379s ]
INFO: [ app_begin ] --START--
INFO: Run ReadHtmlCache Behavior [ RunTime:0.000757s ]
INFO: [ app_begin ] --END-- [ RunTime:0.000826s ]
NOTIC: [2] Missing argument 2 for WeixinAcessTokenModel::Jstoken(), called in C:\wnmp\wwwroot\weixin\DataSource\Lib\Action\WeixinAction.class.php on line 113 and defined C:\wnmp\wwwroot\weixin\DataSource\Lib\Model\WeixinAcessTokenModel.class.php 第 24 行.

[ 2016-11-16T12:48:52+08:00 ] /static/images/icon_shield.png
INFO: [ route_check ] --START--
INFO: Run CheckRoute Behavior [ RunTime:0.000800s ]
INFO: [ route_check ] --END-- [ RunTime:0.000878s ]
INFO: [ app_begin ] --START--
INFO: Run ReadHtmlCache Behavior [ RunTime:0.000577s ]
INFO: [ app_begin ] --END-- [ RunTime:0.000640s ]
ERR: 无法加载模块:Static

[ 2016-11-16T12:49:11+08:00 ] /User/userinfo
INFO: [ route_check ] --START--
INFO: Run CheckRoute Behavior [ RunTime:0.001207s ]
INFO: [ route_check ] --END-- [ RunTime:0.001277s ]
INFO: [ app_begin ] --START--
INFO: Run ReadHtmlCache Behavior [ RunTime:0.000818s ]
INFO: [ app_begin ] --END-- [ RunTime:0.000867s ]
NOTIC: [2048] Declaration of UserAction::success() should be compatible with that of Action::success() C:\wnmp\wwwroot\weixin\DataSource\Lib\Action\UserAction.class.php 第 506 行.
INFO: Run AuthCheck Behavior [ RunTime:0.002122s ]
NOTIC: [8] Undefined index: db_dsn C:\wnmp\wwwroot\weixin\lib\ThinkPHP\Lib\Core\Db.class.php 第 129 行.
NOTIC: [8] Undefined index: db_params C:\wnmp\wwwroot\weixin\lib\ThinkPHP\Lib\Core\Db.class.php 第 130 行.
SQL: SHOW COLUMNS FROM `zx_tb_userinfo` [ RunTime:0.005441s ]
SQL: SELECT * FROM `zx_tb_userinfo` WHERE ( uid = 25519 ) LIMIT 1   [ RunTime:0.000404s ]
INFO: [ view_template ] --START--
INFO: Run LocationTemplate Behavior [ RunTime:0.001091s ]
INFO: [ view_template ] --END-- [ RunTime:0.001149s ]
INFO: [ view_parse ] --START--
NOTIC: [8] Undefined index: blood_type C:\wnmp\wwwroot\weixin\DataSource\Runtime\Temp\52183c10c030deba17cd13c5c511db0c5d28fbcd.file.userinfo.html.php 第 311 行.
NOTIC: [8] Undefined index: blood_type C:\wnmp\wwwroot\weixin\DataSource\Runtime\Temp\52183c10c030deba17cd13c5c511db0c5d28fbcd.file.userinfo.html.php 第 312 行.
NOTIC: [8] Undefined index: blood_type C:\wnmp\wwwroot\weixin\DataSource\Runtime\Temp\52183c10c030deba17cd13c5c511db0c5d28fbcd.file.userinfo.html.php 第 313 行.
NOTIC: [8] Undefined index: blood_type C:\wnmp\wwwroot\weixin\DataSource\Runtime\Temp\52183c10c030deba17cd13c5c511db0c5d28fbcd.file.userinfo.html.php 第 314 行.
NOTIC: [8] Undefined index: blood_type C:\wnmp\wwwroot\weixin\DataSource\Runtime\Temp\52183c10c030deba17cd13c5c511db0c5d28fbcd.file.userinfo.html.php 第 571 行.
INFO: Run ParseTemplate Behavior [ RunTime:0.444343s ]
INFO: [ view_parse ] --END-- [ RunTime:0.444425s ]
INFO: [ view_filter ] --START--
INFO: Run ContentReplace Behavior [ RunTime:0.001208s ]
INFO: Run TokenBuild Behavior [ RunTime:0.000662s ]
INFO: Run WriteHtmlCache Behavior [ RunTime:0.000533s ]
INFO: Run ShowRuntime Behavior [ RunTime:0.000675s ]
INFO: [ view_filter ] --END-- [ RunTime:0.003220s ]
INFO: [ view_end ] --START--
INFO: Run ShowPageTrace Behavior [ RunTime:0.000858s ]
INFO: [ view_end ] --END-- [ RunTime:0.000907s ]

[ 2016-11-16T12:49:12+08:00 ] /weixin/getJsTk?url=http%3A%2F%2F192.168.1.118%3A8091%2FUser%2Fuserinfo
INFO: [ route_check ] --START--
INFO: Run CheckRoute Behavior [ RunTime:0.000962s ]
INFO: [ route_check ] --END-- [ RunTime:0.001047s ]
INFO: [ app_begin ] --START--
INFO: Run ReadHtmlCache Behavior [ RunTime:0.001012s ]
INFO: [ app_begin ] --END-- [ RunTime:0.001131s ]
NOTIC: [2] Missing argument 2 for WeixinAcessTokenModel::Jstoken(), called in C:\wnmp\wwwroot\weixin\DataSource\Lib\Action\WeixinAction.class.php on line 113 and defined C:\wnmp\wwwroot\weixin\DataSource\Lib\Model\WeixinAcessTokenModel.class.php 第 24 行.

[ 2016-11-16T12:49:12+08:00 ] /static/images/icon_shield.png
INFO: [ route_check ] --START--
INFO: Run CheckRoute Behavior [ RunTime:0.000999s ]
INFO: [ route_check ] --END-- [ RunTime:0.001168s ]
INFO: [ app_begin ] --START--
INFO: Run ReadHtmlCache Behavior [ RunTime:0.000707s ]
INFO: [ app_begin ] --END-- [ RunTime:0.000781s ]
ERR: 无法加载模块:Static

[ 2016-11-16T12:49:40+08:00 ] /User/userinfo
INFO: [ route_check ] --START--
INFO: Run CheckRoute Behavior [ RunTime:0.001145s ]
INFO: [ route_check ] --END-- [ RunTime:0.001234s ]
INFO: [ app_begin ] --START--
INFO: Run ReadHtmlCache Behavior [ RunTime:0.000787s ]
INFO: [ app_begin ] --END-- [ RunTime:0.000976s ]
NOTIC: [2048] Declaration of UserAction::success() should be compatible with that of Action::success() C:\wnmp\wwwroot\weixin\DataSource\Lib\Action\UserAction.class.php 第 506 行.
INFO: Run AuthCheck Behavior [ RunTime:0.000861s ]
NOTIC: [8] Undefined index: db_dsn C:\wnmp\wwwroot\weixin\lib\ThinkPHP\Lib\Core\Db.class.php 第 129 行.
NOTIC: [8] Undefined index: db_params C:\wnmp\wwwroot\weixin\lib\ThinkPHP\Lib\Core\Db.class.php 第 130 行.
SQL: SHOW COLUMNS FROM `zx_tb_userinfo` [ RunTime:0.004791s ]
SQL: SELECT * FROM `zx_tb_userinfo` WHERE ( uid = 25519 ) LIMIT 1   [ RunTime:0.000535s ]
INFO: [ view_template ] --START--
INFO: Run LocationTemplate Behavior [ RunTime:0.000714s ]
INFO: [ view_template ] --END-- [ RunTime:0.000763s ]
INFO: [ view_parse ] --START--
NOTIC: [8] Undefined index: blood_type C:\wnmp\wwwroot\weixin\DataSource\Runtime\Temp\52183c10c030deba17cd13c5c511db0c5d28fbcd.file.userinfo.html.php 第 311 行.
NOTIC: [8] Undefined index: blood_type C:\wnmp\wwwroot\weixin\DataSource\Runtime\Temp\52183c10c030deba17cd13c5c511db0c5d28fbcd.file.userinfo.html.php 第 312 行.
NOTIC: [8] Undefined index: blood_type C:\wnmp\wwwroot\weixin\DataSource\Runtime\Temp\52183c10c030deba17cd13c5c511db0c5d28fbcd.file.userinfo.html.php 第 313 行.
NOTIC: [8] Undefined index: blood_type C:\wnmp\wwwroot\weixin\DataSource\Runtime\Temp\52183c10c030deba17cd13c5c511db0c5d28fbcd.file.userinfo.html.php 第 314 行.
NOTIC: [8] Undefined index: blood_type C:\wnmp\wwwroot\weixin\DataSource\Runtime\Temp\52183c10c030deba17cd13c5c511db0c5d28fbcd.file.userinfo.html.php 第 571 行.
INFO: Run ParseTemplate Behavior [ RunTime:0.319554s ]
INFO: [ view_parse ] --END-- [ RunTime:0.319611s ]
INFO: [ view_filter ] --START--
INFO: Run ContentReplace Behavior [ RunTime:0.001018s ]
INFO: Run TokenBuild Behavior [ RunTime:0.000587s ]
INFO: Run WriteHtmlCache Behavior [ RunTime:0.000551s ]
INFO: Run ShowRuntime Behavior [ RunTime:0.000671s ]
INFO: [ view_filter ] --END-- [ RunTime:0.002954s ]
INFO: [ view_end ] --START--
INFO: Run ShowPageTrace Behavior [ RunTime:0.000850s ]
INFO: [ view_end ] --END-- [ RunTime:0.000920s ]

[ 2016-11-16T12:49:40+08:00 ] /weixin/getJsTk?url=http%3A%2F%2F192.168.1.118%3A8091%2FUser%2Fuserinfo
INFO: [ route_check ] --START--
INFO: Run CheckRoute Behavior [ RunTime:0.000904s ]
INFO: [ route_check ] --END-- [ RunTime:0.000992s ]
INFO: [ app_begin ] --START--
INFO: Run ReadHtmlCache Behavior [ RunTime:0.000705s ]
INFO: [ app_begin ] --END-- [ RunTime:0.000802s ]
NOTIC: [2] Missing argument 2 for WeixinAcessTokenModel::Jstoken(), called in C:\wnmp\wwwroot\weixin\DataSource\Lib\Action\WeixinAction.class.php on line 113 and defined C:\wnmp\wwwroot\weixin\DataSource\Lib\Model\WeixinAcessTokenModel.class.php 第 24 行.

[ 2016-11-16T12:49:41+08:00 ] /static/images/icon_shield.png
INFO: [ route_check ] --START--
INFO: Run CheckRoute Behavior [ RunTime:0.000630s ]
INFO: [ route_check ] --END-- [ RunTime:0.000702s ]
INFO: [ app_begin ] --START--
INFO: Run ReadHtmlCache Behavior [ RunTime:0.000480s ]
INFO: [ app_begin ] --END-- [ RunTime:0.000526s ]
ERR: 无法加载模块:Static

[ 2016-11-16T12:50:47+08:00 ] /User/userinfo
INFO: [ route_check ] --START--
INFO: Run CheckRoute Behavior [ RunTime:0.001138s ]
INFO: [ route_check ] --END-- [ RunTime:0.001223s ]
INFO: [ app_begin ] --START--
INFO: Run ReadHtmlCache Behavior [ RunTime:0.000904s ]
INFO: [ app_begin ] --END-- [ RunTime:0.000955s ]
NOTIC: [2048] Declaration of UserAction::success() should be compatible with that of Action::success() C:\wnmp\wwwroot\weixin\DataSource\Lib\Action\UserAction.class.php 第 506 行.
INFO: Run AuthCheck Behavior [ RunTime:0.001808s ]
NOTIC: [8] Undefined index: db_dsn C:\wnmp\wwwroot\weixin\lib\ThinkPHP\Lib\Core\Db.class.php 第 129 行.
NOTIC: [8] Undefined index: db_params C:\wnmp\wwwroot\weixin\lib\ThinkPHP\Lib\Core\Db.class.php 第 130 行.
SQL: SHOW COLUMNS FROM `zx_tb_userinfo` [ RunTime:0.007917s ]
SQL: SELECT * FROM `zx_tb_userinfo` WHERE ( uid = 25519 ) LIMIT 1   [ RunTime:0.000454s ]
INFO: [ view_template ] --START--
INFO: Run LocationTemplate Behavior [ RunTime:0.013116s ]
INFO: [ view_template ] --END-- [ RunTime:0.013180s ]
INFO: [ view_parse ] --START--
NOTIC: [8] Undefined index: blood_type C:\wnmp\wwwroot\weixin\DataSource\Runtime\Temp\52183c10c030deba17cd13c5c511db0c5d28fbcd.file.userinfo.html.php 第 311 行.
NOTIC: [8] Undefined index: blood_type C:\wnmp\wwwroot\weixin\DataSource\Runtime\Temp\52183c10c030deba17cd13c5c511db0c5d28fbcd.file.userinfo.html.php 第 312 行.
NOTIC: [8] Undefined index: blood_type C:\wnmp\wwwroot\weixin\DataSource\Runtime\Temp\52183c10c030deba17cd13c5c511db0c5d28fbcd.file.userinfo.html.php 第 313 行.
NOTIC: [8] Undefined index: blood_type C:\wnmp\wwwroot\weixin\DataSource\Runtime\Temp\52183c10c030deba17cd13c5c511db0c5d28fbcd.file.userinfo.html.php 第 314 行.
NOTIC: [8] Undefined index: blood_type C:\wnmp\wwwroot\weixin\DataSource\Runtime\Temp\52183c10c030deba17cd13c5c511db0c5d28fbcd.file.userinfo.html.php 第 571 行.
INFO: Run ParseTemplate Behavior [ RunTime:0.326874s ]
INFO: [ view_parse ] --END-- [ RunTime:0.326926s ]
INFO: [ view_filter ] --START--
INFO: Run ContentReplace Behavior [ RunTime:0.001107s ]
INFO: Run TokenBuild Behavior [ RunTime:0.000711s ]
INFO: Run WriteHtmlCache Behavior [ RunTime:0.000646s ]
INFO: Run ShowRuntime Behavior [ RunTime:0.000983s ]
INFO: [ view_filter ] --END-- [ RunTime:0.003616s ]
INFO: [ view_end ] --START--
INFO: Run ShowPageTrace Behavior [ RunTime:0.001082s ]
INFO: [ view_end ] --END-- [ RunTime:0.001147s ]

[ 2016-11-16T12:50:47+08:00 ] /weixin/getJsTk?url=http%3A%2F%2F192.168.1.118%3A8091%2FUser%2Fuserinfo
INFO: [ route_check ] --START--
INFO: Run CheckRoute Behavior [ RunTime:0.001005s ]
INFO: [ route_check ] --END-- [ RunTime:0.001102s ]
INFO: [ app_begin ] --START--
INFO: Run ReadHtmlCache Behavior [ RunTime:0.001393s ]
INFO: [ app_begin ] --END-- [ RunTime:0.001493s ]
NOTIC: [2] Missing argument 2 for WeixinAcessTokenModel::Jstoken(), called in C:\wnmp\wwwroot\weixin\DataSource\Lib\Action\WeixinAction.class.php on line 113 and defined C:\wnmp\wwwroot\weixin\DataSource\Lib\Model\WeixinAcessTokenModel.class.php 第 24 行.

[ 2016-11-16T12:50:47+08:00 ] /static/images/icon_shield.png
INFO: [ route_check ] --START--
INFO: Run CheckRoute Behavior [ RunTime:0.000628s ]
INFO: [ route_check ] --END-- [ RunTime:0.000693s ]
INFO: [ app_begin ] --START--
INFO: Run ReadHtmlCache Behavior [ RunTime:0.000444s ]
INFO: [ app_begin ] --END-- [ RunTime:0.000491s ]
ERR: 无法加载模块:Static

[ 2016-11-16T12:52:11+08:00 ] /User/userinfo
INFO: [ route_check ] --START--
INFO: Run CheckRoute Behavior [ RunTime:0.001479s ]
INFO: [ route_check ] --END-- [ RunTime:0.001563s ]
INFO: [ app_begin ] --START--
INFO: Run ReadHtmlCache Behavior [ RunTime:0.000960s ]
INFO: [ app_begin ] --END-- [ RunTime:0.001014s ]
NOTIC: [2048] Declaration of UserAction::success() should be compatible with that of Action::success() C:\wnmp\wwwroot\weixin\DataSource\Lib\Action\UserAction.class.php 第 506 行.
INFO: Run AuthCheck Behavior [ RunTime:0.002195s ]
NOTIC: [8] Undefined index: db_dsn C:\wnmp\wwwroot\weixin\lib\ThinkPHP\Lib\Core\Db.class.php 第 129 行.
NOTIC: [8] Undefined index: db_params C:\wnmp\wwwroot\weixin\lib\ThinkPHP\Lib\Core\Db.class.php 第 130 行.
SQL: SHOW COLUMNS FROM `zx_tb_userinfo` [ RunTime:0.005196s ]
SQL: SELECT * FROM `zx_tb_userinfo` WHERE ( uid = 25519 ) LIMIT 1   [ RunTime:0.000656s ]
INFO: [ view_template ] --START--
INFO: Run LocationTemplate Behavior [ RunTime:0.001069s ]
INFO: [ view_template ] --END-- [ RunTime:0.001126s ]
INFO: [ view_parse ] --START--
NOTIC: [8] Undefined index: blood_type C:\wnmp\wwwroot\weixin\DataSource\Runtime\Temp\52183c10c030deba17cd13c5c511db0c5d28fbcd.file.userinfo.html.php 第 313 行.
NOTIC: [8] Undefined index: blood_type C:\wnmp\wwwroot\weixin\DataSource\Runtime\Temp\52183c10c030deba17cd13c5c511db0c5d28fbcd.file.userinfo.html.php 第 314 行.
NOTIC: [8] Undefined index: blood_type C:\wnmp\wwwroot\weixin\DataSource\Runtime\Temp\52183c10c030deba17cd13c5c511db0c5d28fbcd.file.userinfo.html.php 第 315 行.
NOTIC: [8] Undefined index: blood_type C:\wnmp\wwwroot\weixin\DataSource\Runtime\Temp\52183c10c030deba17cd13c5c511db0c5d28fbcd.file.userinfo.html.php 第 316 行.
NOTIC: [8] Undefined index: blood_type C:\wnmp\wwwroot\weixin\DataSource\Runtime\Temp\52183c10c030deba17cd13c5c511db0c5d28fbcd.file.userinfo.html.php 第 573 行.
INFO: Run ParseTemplate Behavior [ RunTime:0.327947s ]
INFO: [ view_parse ] --END-- [ RunTime:0.327997s ]
INFO: [ view_filter ] --START--
INFO: Run ContentReplace Behavior [ RunTime:0.001336s ]
INFO: Run TokenBuild Behavior [ RunTime:0.001357s ]
INFO: Run WriteHtmlCache Behavior [ RunTime:0.000748s ]
INFO: Run ShowRuntime Behavior [ RunTime:0.001198s ]
INFO: [ view_filter ] --END-- [ RunTime:0.004917s ]
INFO: [ view_end ] --START--
INFO: Run ShowPageTrace Behavior [ RunTime:0.001148s ]
INFO: [ view_end ] --END-- [ RunTime:0.001218s ]

[ 2016-11-16T12:52:11+08:00 ] /weixin/getJsTk?url=http%3A%2F%2F192.168.1.118%3A8091%2FUser%2Fuserinfo
INFO: [ route_check ] --START--
INFO: Run CheckRoute Behavior [ RunTime:0.001015s ]
INFO: [ route_check ] --END-- [ RunTime:0.001113s ]
INFO: [ app_begin ] --START--
INFO: Run ReadHtmlCache Behavior [ RunTime:0.000902s ]
INFO: [ app_begin ] --END-- [ RunTime:0.001029s ]
NOTIC: [2] Missing argument 2 for WeixinAcessTokenModel::Jstoken(), called in C:\wnmp\wwwroot\weixin\DataSource\Lib\Action\WeixinAction.class.php on line 113 and defined C:\wnmp\wwwroot\weixin\DataSource\Lib\Model\WeixinAcessTokenModel.class.php 第 24 行.

[ 2016-11-16T12:52:11+08:00 ] /static/images/icon_shield.png
INFO: [ route_check ] --START--
INFO: Run CheckRoute Behavior [ RunTime:0.000620s ]
INFO: [ route_check ] --END-- [ RunTime:0.000689s ]
INFO: [ app_begin ] --START--
INFO: Run ReadHtmlCache Behavior [ RunTime:0.000576s ]
INFO: [ app_begin ] --END-- [ RunTime:0.000633s ]
ERR: 无法加载模块:Static

[ 2016-11-16T12:53:06+08:00 ] /User/userinfo
INFO: [ route_check ] --START--
INFO: Run CheckRoute Behavior [ RunTime:0.001255s ]
INFO: [ route_check ] --END-- [ RunTime:0.001372s ]
INFO: [ app_begin ] --START--
INFO: Run ReadHtmlCache Behavior [ RunTime:0.025205s ]
INFO: [ app_begin ] --END-- [ RunTime:0.025267s ]
NOTIC: [2048] Declaration of UserAction::success() should be compatible with that of Action::success() C:\wnmp\wwwroot\weixin\DataSource\Lib\Action\UserAction.class.php 第 506 行.
INFO: Run AuthCheck Behavior [ RunTime:0.001863s ]
NOTIC: [8] Undefined index: db_dsn C:\wnmp\wwwroot\weixin\lib\ThinkPHP\Lib\Core\Db.class.php 第 129 行.
NOTIC: [8] Undefined index: db_params C:\wnmp\wwwroot\weixin\lib\ThinkPHP\Lib\Core\Db.class.php 第 130 行.
SQL: SHOW COLUMNS FROM `zx_tb_userinfo` [ RunTime:0.005142s ]
SQL: SELECT * FROM `zx_tb_userinfo` WHERE ( uid = 25519 ) LIMIT 1   [ RunTime:0.000806s ]
INFO: [ view_template ] --START--
INFO: Run LocationTemplate Behavior [ RunTime:0.001245s ]
INFO: [ view_template ] --END-- [ RunTime:0.001303s ]
INFO: [ view_parse ] --START--
NOTIC: [8] Undefined index: blood_type C:\wnmp\wwwroot\weixin\DataSource\Runtime\Temp\52183c10c030deba17cd13c5c511db0c5d28fbcd.file.userinfo.html.php 第 313 行.
NOTIC: [8] Undefined index: blood_type C:\wnmp\wwwroot\weixin\DataSource\Runtime\Temp\52183c10c030deba17cd13c5c511db0c5d28fbcd.file.userinfo.html.php 第 314 行.
NOTIC: [8] Undefined index: blood_type C:\wnmp\wwwroot\weixin\DataSource\Runtime\Temp\52183c10c030deba17cd13c5c511db0c5d28fbcd.file.userinfo.html.php 第 315 行.
NOTIC: [8] Undefined index: blood_type C:\wnmp\wwwroot\weixin\DataSource\Runtime\Temp\52183c10c030deba17cd13c5c511db0c5d28fbcd.file.userinfo.html.php 第 316 行.
NOTIC: [8] Undefined index: blood_type C:\wnmp\wwwroot\weixin\DataSource\Runtime\Temp\52183c10c030deba17cd13c5c511db0c5d28fbcd.file.userinfo.html.php 第 573 行.
INFO: Run ParseTemplate Behavior [ RunTime:0.323014s ]
INFO: [ view_parse ] --END-- [ RunTime:0.323084s ]
INFO: [ view_filter ] --START--
INFO: Run ContentReplace Behavior [ RunTime:0.001034s ]
INFO: Run TokenBuild Behavior [ RunTime:0.000719s ]
INFO: Run WriteHtmlCache Behavior [ RunTime:0.000780s ]
INFO: Run ShowRuntime Behavior [ RunTime:0.000828s ]
INFO: [ view_filter ] --END-- [ RunTime:0.003514s ]
INFO: [ view_end ] --START--
INFO: Run ShowPageTrace Behavior [ RunTime:0.001186s ]
INFO: [ view_end ] --END-- [ RunTime:0.001255s ]

[ 2016-11-16T12:53:06+08:00 ] /weixin/getJsTk?url=http%3A%2F%2F192.168.1.118%3A8091%2FUser%2Fuserinfo
INFO: [ route_check ] --START--
INFO: Run CheckRoute Behavior [ RunTime:0.001065s ]
INFO: [ route_check ] --END-- [ RunTime:0.001179s ]
INFO: [ app_begin ] --START--
INFO: Run ReadHtmlCache Behavior [ RunTime:0.000738s ]
INFO: [ app_begin ] --END-- [ RunTime:0.000803s ]
NOTIC: [2] Missing argument 2 for WeixinAcessTokenModel::Jstoken(), called in C:\wnmp\wwwroot\weixin\DataSource\Lib\Action\WeixinAction.class.php on line 113 and defined C:\wnmp\wwwroot\weixin\DataSource\Lib\Model\WeixinAcessTokenModel.class.php 第 24 行.

[ 2016-11-16T12:53:06+08:00 ] /static/images/icon_shield.png
INFO: [ route_check ] --START--
INFO: Run CheckRoute Behavior [ RunTime:0.000605s ]
INFO: [ route_check ] --END-- [ RunTime:0.000671s ]
INFO: [ app_begin ] --START--
INFO: Run ReadHtmlCache Behavior [ RunTime:0.000454s ]
INFO: [ app_begin ] --END-- [ RunTime:0.000501s ]
ERR: 无法加载模块:Static

[ 2016-11-16T12:53:18+08:00 ] /User/userinfo
INFO: [ route_check ] --START--
INFO: Run CheckRoute Behavior [ RunTime:0.001802s ]
INFO: [ route_check ] --END-- [ RunTime:0.001874s ]
INFO: [ app_begin ] --START--
INFO: Run ReadHtmlCache Behavior [ RunTime:0.001150s ]
INFO: [ app_begin ] --END-- [ RunTime:0.001240s ]
NOTIC: [2048] Declaration of UserAction::success() should be compatible with that of Action::success() C:\wnmp\wwwroot\weixin\DataSource\Lib\Action\UserAction.class.php 第 506 行.
INFO: Run AuthCheck Behavior [ RunTime:0.001963s ]
NOTIC: [8] Undefined index: db_dsn C:\wnmp\wwwroot\weixin\lib\ThinkPHP\Lib\Core\Db.class.php 第 129 行.
NOTIC: [8] Undefined index: db_params C:\wnmp\wwwroot\weixin\lib\ThinkPHP\Lib\Core\Db.class.php 第 130 行.
SQL: SHOW COLUMNS FROM `zx_tb_userinfo` [ RunTime:0.005455s ]
SQL: SELECT * FROM `zx_tb_userinfo` WHERE ( uid = 25519 ) LIMIT 1   [ RunTime:0.000574s ]
INFO: [ view_template ] --START--
INFO: Run LocationTemplate Behavior [ RunTime:0.001108s ]
INFO: [ view_template ] --END-- [ RunTime:0.001158s ]
INFO: [ view_parse ] --START--
NOTIC: [8] Undefined index: blood_type C:\wnmp\wwwroot\weixin\DataSource\Runtime\Temp\52183c10c030deba17cd13c5c511db0c5d28fbcd.file.userinfo.html.php 第 313 行.
NOTIC: [8] Undefined index: blood_type C:\wnmp\wwwroot\weixin\DataSource\Runtime\Temp\52183c10c030deba17cd13c5c511db0c5d28fbcd.file.userinfo.html.php 第 314 行.
NOTIC: [8] Undefined index: blood_type C:\wnmp\wwwroot\weixin\DataSource\Runtime\Temp\52183c10c030deba17cd13c5c511db0c5d28fbcd.file.userinfo.html.php 第 315 行.
NOTIC: [8] Undefined index: blood_type C:\wnmp\wwwroot\weixin\DataSource\Runtime\Temp\52183c10c030deba17cd13c5c511db0c5d28fbcd.file.userinfo.html.php 第 316 行.
NOTIC: [8] Undefined index: blood_type C:\wnmp\wwwroot\weixin\DataSource\Runtime\Temp\52183c10c030deba17cd13c5c511db0c5d28fbcd.file.userinfo.html.php 第 573 行.
INFO: Run ParseTemplate Behavior [ RunTime:0.320182s ]
INFO: [ view_parse ] --END-- [ RunTime:0.320227s ]
INFO: [ view_filter ] --START--
INFO: Run ContentReplace Behavior [ RunTime:0.001198s ]
INFO: Run TokenBuild Behavior [ RunTime:0.000769s ]
INFO: Run WriteHtmlCache Behavior [ RunTime:0.000686s ]
INFO: Run ShowRuntime Behavior [ RunTime:0.000871s ]
INFO: [ view_filter ] --END-- [ RunTime:0.003685s ]
INFO: [ view_end ] --START--
INFO: Run ShowPageTrace Behavior [ RunTime:0.001076s ]
INFO: [ view_end ] --END-- [ RunTime:0.001144s ]

[ 2016-11-16T12:53:18+08:00 ] /weixin/getJsTk?url=http%3A%2F%2F192.168.1.118%3A8091%2FUser%2Fuserinfo
INFO: [ route_check ] --START--
INFO: Run CheckRoute Behavior [ RunTime:0.001092s ]
INFO: [ route_check ] --END-- [ RunTime:0.001189s ]
INFO: [ app_begin ] --START--
INFO: Run ReadHtmlCache Behavior [ RunTime:0.001420s ]
INFO: [ app_begin ] --END-- [ RunTime:0.001511s ]
NOTIC: [2] Missing argument 2 for WeixinAcessTokenModel::Jstoken(), called in C:\wnmp\wwwroot\weixin\DataSource\Lib\Action\WeixinAction.class.php on line 113 and defined C:\wnmp\wwwroot\weixin\DataSource\Lib\Model\WeixinAcessTokenModel.class.php 第 24 行.

[ 2016-11-16T12:53:18+08:00 ] /static/images/icon_shield.png
INFO: [ route_check ] --START--
INFO: Run CheckRoute Behavior [ RunTime:0.002259s ]
INFO: [ route_check ] --END-- [ RunTime:0.002490s ]
INFO: [ app_begin ] --START--
INFO: Run ReadHtmlCache Behavior [ RunTime:0.000773s ]
INFO: [ app_begin ] --END-- [ RunTime:0.000846s ]
ERR: 无法加载模块:Static

[ 2016-11-16T12:53:34+08:00 ] /User/userinfo
INFO: [ route_check ] --START--
INFO: Run CheckRoute Behavior [ RunTime:0.000762s ]
INFO: [ route_check ] --END-- [ RunTime:0.000843s ]
INFO: [ app_begin ] --START--
INFO: Run ReadHtmlCache Behavior [ RunTime:0.000617s ]
INFO: [ app_begin ] --END-- [ RunTime:0.000737s ]
NOTIC: [2048] Declaration of UserAction::success() should be compatible with that of Action::success() C:\wnmp\wwwroot\weixin\DataSource\Lib\Action\UserAction.class.php 第 506 行.
INFO: Run AuthCheck Behavior [ RunTime:0.000538s ]
NOTIC: [8] Undefined index: db_dsn C:\wnmp\wwwroot\weixin\lib\ThinkPHP\Lib\Core\Db.class.php 第 129 行.
NOTIC: [8] Undefined index: db_params C:\wnmp\wwwroot\weixin\lib\ThinkPHP\Lib\Core\Db.class.php 第 130 行.
SQL: SHOW COLUMNS FROM `zx_tb_userinfo` [ RunTime:0.011624s ]
SQL: SELECT * FROM `zx_tb_userinfo` WHERE ( uid = 25519 ) LIMIT 1   [ RunTime:0.000487s ]
INFO: [ view_template ] --START--
INFO: Run LocationTemplate Behavior [ RunTime:0.000653s ]
INFO: [ view_template ] --END-- [ RunTime:0.000700s ]
INFO: [ view_parse ] --START--
NOTIC: [8] Undefined index: broad_country C:\wnmp\wwwroot\weixin\DataSource\Runtime\Temp\52183c10c030deba17cd13c5c511db0c5d28fbcd.file.userinfo.html.php 第 105 行.
NOTIC: [8] Undefined index: blood_type C:\wnmp\wwwroot\weixin\DataSource\Runtime\Temp\52183c10c030deba17cd13c5c511db0c5d28fbcd.file.userinfo.html.php 第 136 行.
NOTIC: [8] Undefined index: blood_type C:\wnmp\wwwroot\weixin\DataSource\Runtime\Temp\52183c10c030deba17cd13c5c511db0c5d28fbcd.file.userinfo.html.php 第 137 行.
NOTIC: [8] Undefined index: blood_type C:\wnmp\wwwroot\weixin\DataSource\Runtime\Temp\52183c10c030deba17cd13c5c511db0c5d28fbcd.file.userinfo.html.php 第 138 行.
NOTIC: [8] Undefined index: blood_type C:\wnmp\wwwroot\weixin\DataSource\Runtime\Temp\52183c10c030deba17cd13c5c511db0c5d28fbcd.file.userinfo.html.php 第 139 行.
NOTIC: [8] Undefined index: blood_type C:\wnmp\wwwroot\weixin\DataSource\Runtime\Temp\52183c10c030deba17cd13c5c511db0c5d28fbcd.file.userinfo.html.php 第 573 行.
INFO: Run ParseTemplate Behavior [ RunTime:0.335588s ]
INFO: [ view_parse ] --END-- [ RunTime:0.335653s ]
INFO: [ view_filter ] --START--
INFO: Run ContentReplace Behavior [ RunTime:0.000741s ]
INFO: Run TokenBuild Behavior [ RunTime:0.000418s ]
INFO: Run WriteHtmlCache Behavior [ RunTime:0.000320s ]
INFO: Run ShowRuntime Behavior [ RunTime:0.000441s ]
INFO: [ view_filter ] --END-- [ RunTime:0.002051s ]
INFO: [ view_end ] --START--
INFO: Run ShowPageTrace Behavior [ RunTime:0.000558s ]
INFO: [ view_end ] --END-- [ RunTime:0.000605s ]

[ 2016-11-16T12:53:34+08:00 ] /weixin/getJsTk?url=http%3A%2F%2F192.168.1.118%3A8091%2FUser%2Fuserinfo
INFO: [ route_check ] --START--
INFO: Run CheckRoute Behavior [ RunTime:0.001086s ]
INFO: [ route_check ] --END-- [ RunTime:0.001180s ]
INFO: [ app_begin ] --START--
INFO: Run ReadHtmlCache Behavior [ RunTime:0.000535s ]
INFO: [ app_begin ] --END-- [ RunTime:0.000586s ]
NOTIC: [2] Missing argument 2 for WeixinAcessTokenModel::Jstoken(), called in C:\wnmp\wwwroot\weixin\DataSource\Lib\Action\WeixinAction.class.php on line 113 and defined C:\wnmp\wwwroot\weixin\DataSource\Lib\Model\WeixinAcessTokenModel.class.php 第 24 行.

[ 2016-11-16T12:53:34+08:00 ] /static/images/icon_shield.png
INFO: [ route_check ] --START--
INFO: Run CheckRoute Behavior [ RunTime:0.001143s ]
INFO: [ route_check ] --END-- [ RunTime:0.001270s ]
INFO: [ app_begin ] --START--
INFO: Run ReadHtmlCache Behavior [ RunTime:0.004297s ]
INFO: [ app_begin ] --END-- [ RunTime:0.004422s ]
ERR: 无法加载模块:Static

[ 2016-11-16T12:53:43+08:00 ] /User/userinfo
INFO: [ route_check ] --START--
INFO: Run CheckRoute Behavior [ RunTime:0.001004s ]
INFO: [ route_check ] --END-- [ RunTime:0.001113s ]
INFO: [ app_begin ] --START--
INFO: Run ReadHtmlCache Behavior [ RunTime:0.000741s ]
INFO: [ app_begin ] --END-- [ RunTime:0.000816s ]
NOTIC: [2048] Declaration of UserAction::success() should be compatible with that of Action::success() C:\wnmp\wwwroot\weixin\DataSource\Lib\Action\UserAction.class.php 第 506 行.
INFO: Run AuthCheck Behavior [ RunTime:0.000928s ]
NOTIC: [8] Undefined index: db_dsn C:\wnmp\wwwroot\weixin\lib\ThinkPHP\Lib\Core\Db.class.php 第 129 行.
NOTIC: [8] Undefined index: db_params C:\wnmp\wwwroot\weixin\lib\ThinkPHP\Lib\Core\Db.class.php 第 130 行.
SQL: SHOW COLUMNS FROM `zx_tb_userinfo` [ RunTime:0.006506s ]
SQL: SELECT * FROM `zx_tb_userinfo` WHERE ( uid = 25519 ) LIMIT 1   [ RunTime:0.000510s ]
INFO: [ view_template ] --START--
INFO: Run LocationTemplate Behavior [ RunTime:0.000874s ]
INFO: [ view_template ] --END-- [ RunTime:0.000944s ]
INFO: [ view_parse ] --START--
NOTIC: [8] Undefined index: blood_type C:\wnmp\wwwroot\weixin\DataSource\Runtime\Temp\52183c10c030deba17cd13c5c511db0c5d28fbcd.file.userinfo.html.php 第 313 行.
NOTIC: [8] Undefined index: blood_type C:\wnmp\wwwroot\weixin\DataSource\Runtime\Temp\52183c10c030deba17cd13c5c511db0c5d28fbcd.file.userinfo.html.php 第 314 行.
NOTIC: [8] Undefined index: blood_type C:\wnmp\wwwroot\weixin\DataSource\Runtime\Temp\52183c10c030deba17cd13c5c511db0c5d28fbcd.file.userinfo.html.php 第 315 行.
NOTIC: [8] Undefined index: blood_type C:\wnmp\wwwroot\weixin\DataSource\Runtime\Temp\52183c10c030deba17cd13c5c511db0c5d28fbcd.file.userinfo.html.php 第 316 行.
NOTIC: [8] Undefined index: blood_type C:\wnmp\wwwroot\weixin\DataSource\Runtime\Temp\52183c10c030deba17cd13c5c511db0c5d28fbcd.file.userinfo.html.php 第 573 行.
INFO: Run ParseTemplate Behavior [ RunTime:0.348752s ]
INFO: [ view_parse ] --END-- [ RunTime:0.348799s ]
INFO: [ view_filter ] --START--
INFO: Run ContentReplace Behavior [ RunTime:0.001122s ]
INFO: Run TokenBuild Behavior [ RunTime:0.000515s ]
INFO: Run WriteHtmlCache Behavior [ RunTime:0.000539s ]
INFO: Run ShowRuntime Behavior [ RunTime:0.000428s ]
INFO: [ view_filter ] --END-- [ RunTime:0.002842s ]
INFO: [ view_end ] --START--
INFO: Run ShowPageTrace Behavior [ RunTime:0.000561s ]
INFO: [ view_end ] --END-- [ RunTime:0.000623s ]

[ 2016-11-16T12:53:45+08:00 ] /weixin/getJsTk?url=http%3A%2F%2F192.168.1.118%3A8091%2FUser%2Fuserinfo
INFO: [ route_check ] --START--
INFO: Run CheckRoute Behavior [ RunTime:0.002083s ]
INFO: [ route_check ] --END-- [ RunTime:0.002200s ]
INFO: [ app_begin ] --START--
INFO: Run ReadHtmlCache Behavior [ RunTime:0.001250s ]
INFO: [ app_begin ] --END-- [ RunTime:0.001334s ]
NOTIC: [2] Missing argument 2 for WeixinAcessTokenModel::Jstoken(), called in C:\wnmp\wwwroot\weixin\DataSource\Lib\Action\WeixinAction.class.php on line 113 and defined C:\wnmp\wwwroot\weixin\DataSource\Lib\Model\WeixinAcessTokenModel.class.php 第 24 行.

[ 2016-11-16T12:53:45+08:00 ] /static/images/icon_shield.png
INFO: [ route_check ] --START--
INFO: Run CheckRoute Behavior [ RunTime:0.000880s ]
INFO: [ route_check ] --END-- [ RunTime:0.000972s ]
INFO: [ app_begin ] --START--
INFO: Run ReadHtmlCache Behavior [ RunTime:0.000671s ]
INFO: [ app_begin ] --END-- [ RunTime:0.000772s ]
ERR: 无法加载模块:Static

[ 2016-11-16T12:55:08+08:00 ] /User/userinfo
INFO: [ route_check ] --START--
INFO: Run CheckRoute Behavior [ RunTime:0.001744s ]
INFO: [ route_check ] --END-- [ RunTime:0.001833s ]
INFO: [ app_begin ] --START--
INFO: Run ReadHtmlCache Behavior [ RunTime:0.001151s ]
INFO: [ app_begin ] --END-- [ RunTime:0.001259s ]
NOTIC: [2048] Declaration of UserAction::success() should be compatible with that of Action::success() C:\wnmp\wwwroot\weixin\DataSource\Lib\Action\UserAction.class.php 第 506 行.
INFO: Run AuthCheck Behavior [ RunTime:0.001469s ]
NOTIC: [8] Undefined index: db_dsn C:\wnmp\wwwroot\weixin\lib\ThinkPHP\Lib\Core\Db.class.php 第 129 行.
NOTIC: [8] Undefined index: db_params C:\wnmp\wwwroot\weixin\lib\ThinkPHP\Lib\Core\Db.class.php 第 130 行.
SQL: SHOW COLUMNS FROM `zx_tb_userinfo` [ RunTime:0.005822s ]
SQL: SELECT * FROM `zx_tb_userinfo` WHERE ( uid = 25519 ) LIMIT 1   [ RunTime:0.000581s ]
INFO: [ view_template ] --START--
INFO: Run LocationTemplate Behavior [ RunTime:0.001342s ]
INFO: [ view_template ] --END-- [ RunTime:0.001412s ]
INFO: [ view_parse ] --START--
NOTIC: [8] Undefined index: blood_type C:\wnmp\wwwroot\weixin\DataSource\Runtime\Temp\52183c10c030deba17cd13c5c511db0c5d28fbcd.file.userinfo.html.php 第 313 行.
NOTIC: [8] Undefined index: blood_type C:\wnmp\wwwroot\weixin\DataSource\Runtime\Temp\52183c10c030deba17cd13c5c511db0c5d28fbcd.file.userinfo.html.php 第 314 行.
NOTIC: [8] Undefined index: blood_type C:\wnmp\wwwroot\weixin\DataSource\Runtime\Temp\52183c10c030deba17cd13c5c511db0c5d28fbcd.file.userinfo.html.php 第 315 行.
NOTIC: [8] Undefined index: blood_type C:\wnmp\wwwroot\weixin\DataSource\Runtime\Temp\52183c10c030deba17cd13c5c511db0c5d28fbcd.file.userinfo.html.php 第 316 行.
NOTIC: [8] Undefined index: blood_type C:\wnmp\wwwroot\weixin\DataSource\Runtime\Temp\52183c10c030deba17cd13c5c511db0c5d28fbcd.file.userinfo.html.php 第 573 行.
INFO: Run ParseTemplate Behavior [ RunTime:0.025966s ]
INFO: [ view_parse ] --END-- [ RunTime:0.026014s ]
INFO: [ view_filter ] --START--
INFO: Run ContentReplace Behavior [ RunTime:0.000832s ]
INFO: Run TokenBuild Behavior [ RunTime:0.000772s ]
INFO: Run WriteHtmlCache Behavior [ RunTime:0.000968s ]
INFO: Run ShowRuntime Behavior [ RunTime:0.000901s ]
INFO: [ view_filter ] --END-- [ RunTime:0.003737s ]
INFO: [ view_end ] --START--
INFO: Run ShowPageTrace Behavior [ RunTime:0.001244s ]
INFO: [ view_end ] --END-- [ RunTime:0.001331s ]

[ 2016-11-16T12:55:09+08:00 ] /weixin/getJsTk?url=http%3A%2F%2F192.168.1.118%3A8091%2FUser%2Fuserinfo
INFO: [ route_check ] --START--
INFO: Run CheckRoute Behavior [ RunTime:0.000868s ]
INFO: [ route_check ] --END-- [ RunTime:0.000959s ]
INFO: [ app_begin ] --START--
INFO: Run ReadHtmlCache Behavior [ RunTime:0.000677s ]
INFO: [ app_begin ] --END-- [ RunTime:0.000739s ]
NOTIC: [2] Missing argument 2 for WeixinAcessTokenModel::Jstoken(), called in C:\wnmp\wwwroot\weixin\DataSource\Lib\Action\WeixinAction.class.php on line 113 and defined C:\wnmp\wwwroot\weixin\DataSource\Lib\Model\WeixinAcessTokenModel.class.php 第 24 行.

[ 2016-11-16T12:55:09+08:00 ] /static/images/icon_shield.png
INFO: [ route_check ] --START--
INFO: Run CheckRoute Behavior [ RunTime:0.000940s ]
INFO: [ route_check ] --END-- [ RunTime:0.001131s ]
INFO: [ app_begin ] --START--
INFO: Run ReadHtmlCache Behavior [ RunTime:0.000855s ]
INFO: [ app_begin ] --END-- [ RunTime:0.000935s ]
ERR: 无法加载模块:Static

[ 2016-11-16T12:55:25+08:00 ] /User/userinfo
INFO: [ route_check ] --START--
INFO: Run CheckRoute Behavior [ RunTime:0.000758s ]
INFO: [ route_check ] --END-- [ RunTime:0.000856s ]
INFO: [ app_begin ] --START--
INFO: Run ReadHtmlCache Behavior [ RunTime:0.001033s ]
INFO: [ app_begin ] --END-- [ RunTime:0.001129s ]
NOTIC: [2048] Declaration of UserAction::success() should be compatible with that of Action::success() C:\wnmp\wwwroot\weixin\DataSource\Lib\Action\UserAction.class.php 第 506 行.
INFO: Run AuthCheck Behavior [ RunTime:0.000947s ]
NOTIC: [8] Undefined index: db_dsn C:\wnmp\wwwroot\weixin\lib\ThinkPHP\Lib\Core\Db.class.php 第 129 行.
NOTIC: [8] Undefined index: db_params C:\wnmp\wwwroot\weixin\lib\ThinkPHP\Lib\Core\Db.class.php 第 130 行.
SQL: SHOW COLUMNS FROM `zx_tb_userinfo` [ RunTime:0.006702s ]
SQL: SELECT * FROM `zx_tb_userinfo` WHERE ( uid = 25519 ) LIMIT 1   [ RunTime:0.000571s ]
INFO: [ view_template ] --START--
INFO: Run LocationTemplate Behavior [ RunTime:0.000420s ]
INFO: [ view_template ] --END-- [ RunTime:0.000466s ]
INFO: [ view_parse ] --START--
NOTIC: [8] Undefined index: blood_type C:\wnmp\wwwroot\weixin\DataSource\Runtime\Temp\52183c10c030deba17cd13c5c511db0c5d28fbcd.file.userinfo.html.php 第 313 行.
NOTIC: [8] Undefined index: blood_type C:\wnmp\wwwroot\weixin\DataSource\Runtime\Temp\52183c10c030deba17cd13c5c511db0c5d28fbcd.file.userinfo.html.php 第 314 行.
NOTIC: [8] Undefined index: blood_type C:\wnmp\wwwroot\weixin\DataSource\Runtime\Temp\52183c10c030deba17cd13c5c511db0c5d28fbcd.file.userinfo.html.php 第 315 行.
NOTIC: [8] Undefined index: blood_type C:\wnmp\wwwroot\weixin\DataSource\Runtime\Temp\52183c10c030deba17cd13c5c511db0c5d28fbcd.file.userinfo.html.php 第 316 行.
NOTIC: [8] Undefined index: blood_type C:\wnmp\wwwroot\weixin\DataSource\Runtime\Temp\52183c10c030deba17cd13c5c511db0c5d28fbcd.file.userinfo.html.php 第 573 行.
INFO: Run ParseTemplate Behavior [ RunTime:0.010598s ]
INFO: [ view_parse ] --END-- [ RunTime:0.010643s ]
INFO: [ view_filter ] --START--
INFO: Run ContentReplace Behavior [ RunTime:0.000422s ]
INFO: Run TokenBuild Behavior [ RunTime:0.000386s ]
INFO: Run WriteHtmlCache Behavior [ RunTime:0.000226s ]
INFO: Run ShowRuntime Behavior [ RunTime:0.000363s ]
INFO: [ view_filter ] --END-- [ RunTime:0.001510s ]
INFO: [ view_end ] --START--
INFO: Run ShowPageTrace Behavior [ RunTime:0.000492s ]
INFO: [ view_end ] --END-- [ RunTime:0.000598s ]

[ 2016-11-16T12:55:25+08:00 ] /weixin/getJsTk?url=http%3A%2F%2F192.168.1.118%3A8091%2FUser%2Fuserinfo
INFO: [ route_check ] --START--
INFO: Run CheckRoute Behavior [ RunTime:0.001683s ]
INFO: [ route_check ] --END-- [ RunTime:0.001800s ]
INFO: [ app_begin ] --START--
INFO: Run ReadHtmlCache Behavior [ RunTime:0.000942s ]
INFO: [ app_begin ] --END-- [ RunTime:0.001011s ]
NOTIC: [2] Missing argument 2 for WeixinAcessTokenModel::Jstoken(), called in C:\wnmp\wwwroot\weixin\DataSource\Lib\Action\WeixinAction.class.php on line 113 and defined C:\wnmp\wwwroot\weixin\DataSource\Lib\Model\WeixinAcessTokenModel.class.php 第 24 行.

[ 2016-11-16T12:55:25+08:00 ] /static/images/icon_shield.png
INFO: [ route_check ] --START--
INFO: Run CheckRoute Behavior [ RunTime:0.002541s ]
INFO: [ route_check ] --END-- [ RunTime:0.003259s ]
INFO: [ app_begin ] --START--
INFO: Run ReadHtmlCache Behavior [ RunTime:0.000753s ]
INFO: [ app_begin ] --END-- [ RunTime:0.000819s ]
ERR: 无法加载模块:Static

[ 2016-11-16T12:55:48+08:00 ] /User/userinfo
INFO: [ route_check ] --START--
INFO: Run CheckRoute Behavior [ RunTime:0.000746s ]
INFO: [ route_check ] --END-- [ RunTime:0.000810s ]
INFO: [ app_begin ] --START--
INFO: Run ReadHtmlCache Behavior [ RunTime:0.000504s ]
INFO: [ app_begin ] --END-- [ RunTime:0.000548s ]
NOTIC: [2048] Declaration of UserAction::success() should be compatible with that of Action::success() C:\wnmp\wwwroot\weixin\DataSource\Lib\Action\UserAction.class.php 第 506 行.
INFO: Run AuthCheck Behavior [ RunTime:0.000493s ]
NOTIC: [8] Undefined index: db_dsn C:\wnmp\wwwroot\weixin\lib\ThinkPHP\Lib\Core\Db.class.php 第 129 行.
NOTIC: [8] Undefined index: db_params C:\wnmp\wwwroot\weixin\lib\ThinkPHP\Lib\Core\Db.class.php 第 130 行.
SQL: SHOW COLUMNS FROM `zx_tb_userinfo` [ RunTime:0.005140s ]
SQL: SELECT * FROM `zx_tb_userinfo` WHERE ( uid = 25519 ) LIMIT 1   [ RunTime:0.000485s ]
INFO: [ view_template ] --START--
INFO: Run LocationTemplate Behavior [ RunTime:0.000423s ]
INFO: [ view_template ] --END-- [ RunTime:0.000470s ]
INFO: [ view_parse ] --START--
NOTIC: [8] Undefined index: blood_type C:\wnmp\wwwroot\weixin\DataSource\Runtime\Temp\52183c10c030deba17cd13c5c511db0c5d28fbcd.file.userinfo.html.php 第 313 行.
NOTIC: [8] Undefined index: blood_type C:\wnmp\wwwroot\weixin\DataSource\Runtime\Temp\52183c10c030deba17cd13c5c511db0c5d28fbcd.file.userinfo.html.php 第 314 行.
NOTIC: [8] Undefined index: blood_type C:\wnmp\wwwroot\weixin\DataSource\Runtime\Temp\52183c10c030deba17cd13c5c511db0c5d28fbcd.file.userinfo.html.php 第 315 行.
NOTIC: [8] Undefined index: blood_type C:\wnmp\wwwroot\weixin\DataSource\Runtime\Temp\52183c10c030deba17cd13c5c511db0c5d28fbcd.file.userinfo.html.php 第 316 行.
NOTIC: [8] Undefined index: blood_type C:\wnmp\wwwroot\weixin\DataSource\Runtime\Temp\52183c10c030deba17cd13c5c511db0c5d28fbcd.file.userinfo.html.php 第 573 行.
INFO: Run ParseTemplate Behavior [ RunTime:0.326211s ]
INFO: [ view_parse ] --END-- [ RunTime:0.326257s ]
INFO: [ view_filter ] --START--
INFO: Run ContentReplace Behavior [ RunTime:0.000664s ]
INFO: Run TokenBuild Behavior [ RunTime:0.000429s ]
INFO: Run WriteHtmlCache Behavior [ RunTime:0.000280s ]
INFO: Run ShowRuntime Behavior [ RunTime:0.000467s ]
INFO: [ view_filter ] --END-- [ RunTime:0.001959s ]
INFO: [ view_end ] --START--
INFO: Run ShowPageTrace Behavior [ RunTime:0.000556s ]
INFO: [ view_end ] --END-- [ RunTime:0.000620s ]

[ 2016-11-16T12:55:48+08:00 ] /weixin/getJsTk?url=http%3A%2F%2F192.168.1.118%3A8091%2FUser%2Fuserinfo
INFO: [ route_check ] --START--
INFO: Run CheckRoute Behavior [ RunTime:0.002559s ]
INFO: [ route_check ] --END-- [ RunTime:0.002676s ]
INFO: [ app_begin ] --START--
INFO: Run ReadHtmlCache Behavior [ RunTime:0.000617s ]
INFO: [ app_begin ] --END-- [ RunTime:0.000680s ]
NOTIC: [2] Missing argument 2 for WeixinAcessTokenModel::Jstoken(), called in C:\wnmp\wwwroot\weixin\DataSource\Lib\Action\WeixinAction.class.php on line 113 and defined C:\wnmp\wwwroot\weixin\DataSource\Lib\Model\WeixinAcessTokenModel.class.php 第 24 行.

[ 2016-11-16T12:55:48+08:00 ] /static/images/icon_shield.png
INFO: [ route_check ] --START--
INFO: Run CheckRoute Behavior [ RunTime:0.001530s ]
INFO: [ route_check ] --END-- [ RunTime:0.001638s ]
INFO: [ app_begin ] --START--
INFO: Run ReadHtmlCache Behavior [ RunTime:0.000992s ]
INFO: [ app_begin ] --END-- [ RunTime:0.001095s ]
ERR: 无法加载模块:Static

[ 2016-11-16T12:55:51+08:00 ] /User/userinfo
INFO: [ route_check ] --START--
INFO: Run CheckRoute Behavior [ RunTime:0.000541s ]
INFO: [ route_check ] --END-- [ RunTime:0.000600s ]
INFO: [ app_begin ] --START--
INFO: Run ReadHtmlCache Behavior [ RunTime:0.000395s ]
INFO: [ app_begin ] --END-- [ RunTime:0.000436s ]
NOTIC: [2048] Declaration of UserAction::success() should be compatible with that of Action::success() C:\wnmp\wwwroot\weixin\DataSource\Lib\Action\UserAction.class.php 第 506 行.

[ 2016-11-16T12:55:52+08:00 ] /Account/login
INFO: [ route_check ] --START--
INFO: Run CheckRoute Behavior [ RunTime:0.000548s ]
INFO: [ route_check ] --END-- [ RunTime:0.000613s ]
INFO: [ app_begin ] --START--
INFO: Run ReadHtmlCache Behavior [ RunTime:0.000400s ]
INFO: [ app_begin ] --END-- [ RunTime:0.000442s ]
NOTIC: [8] Undefined index: type C:\wnmp\wwwroot\weixin\DataSource\Lib\Action\AccountAction.class.php 第 112 行.
INFO: [ view_template ] --START--
INFO: Run LocationTemplate Behavior [ RunTime:0.001451s ]
INFO: [ view_template ] --END-- [ RunTime:0.001516s ]
INFO: [ view_parse ] --START--
NOTIC: [8] Undefined index: phone_error C:\wnmp\wwwroot\weixin\DataSource\Runtime\Temp\22487da300e9d88f77e7c31805b0b0b672038c3d.file.login.html.php 第 81 行.
NOTIC: [8] Trying to get property of non-object C:\wnmp\wwwroot\weixin\DataSource\Runtime\Temp\22487da300e9d88f77e7c31805b0b0b672038c3d.file.login.html.php 第 81 行.
NOTIC: [8] Undefined index: phone C:\wnmp\wwwroot\weixin\DataSource\Runtime\Temp\22487da300e9d88f77e7c31805b0b0b672038c3d.file.login.html.php 第 84 行.
NOTIC: [8] Trying to get property of non-object C:\wnmp\wwwroot\weixin\DataSource\Runtime\Temp\22487da300e9d88f77e7c31805b0b0b672038c3d.file.login.html.php 第 84 行.
NOTIC: [8] Undefined index: code_error C:\wnmp\wwwroot\weixin\DataSource\Runtime\Temp\22487da300e9d88f77e7c31805b0b0b672038c3d.file.login.html.php 第 89 行.
NOTIC: [8] Trying to get property of non-object C:\wnmp\wwwroot\weixin\DataSource\Runtime\Temp\22487da300e9d88f77e7c31805b0b0b672038c3d.file.login.html.php 第 89 行.
NOTIC: [8] Undefined index: error C:\wnmp\wwwroot\weixin\DataSource\Runtime\Temp\22487da300e9d88f77e7c31805b0b0b672038c3d.file.login.html.php 第 100 行.
NOTIC: [8] Trying to get property of non-object C:\wnmp\wwwroot\weixin\DataSource\Runtime\Temp\22487da300e9d88f77e7c31805b0b0b672038c3d.file.login.html.php 第 100 行.
INFO: Run ParseTemplate Behavior [ RunTime:0.011432s ]
INFO: [ view_parse ] --END-- [ RunTime:0.011475s ]
INFO: [ view_filter ] --START--
INFO: Run ContentReplace Behavior [ RunTime:0.000380s ]
INFO: Run TokenBuild Behavior [ RunTime:0.000383s ]
INFO: Run WriteHtmlCache Behavior [ RunTime:0.000226s ]
INFO: Run ShowRuntime Behavior [ RunTime:0.000346s ]
INFO: [ view_filter ] --END-- [ RunTime:0.001446s ]
INFO: [ view_end ] --START--
INFO: Run ShowPageTrace Behavior [ RunTime:0.000467s ]
INFO: [ view_end ] --END-- [ RunTime:0.000510s ]

[ 2016-11-16T12:55:52+08:00 ] /Account/imgverify?width=150&height=45
INFO: [ route_check ] --START--
INFO: Run CheckRoute Behavior [ RunTime:0.000618s ]
INFO: [ route_check ] --END-- [ RunTime:0.000699s ]
INFO: [ app_begin ] --START--
INFO: Run ReadHtmlCache Behavior [ RunTime:0.000620s ]
INFO: [ app_begin ] --END-- [ RunTime:0.000682s ]

[ 2016-11-16T12:55:54+08:00 ] /weixin/getJsTk?url=http%3A%2F%2F192.168.1.118%3A8091%2FAccount%2Flogin
INFO: [ route_check ] --START--
INFO: Run CheckRoute Behavior [ RunTime:0.000608s ]
INFO: [ route_check ] --END-- [ RunTime:0.000671s ]
INFO: [ app_begin ] --START--
INFO: Run ReadHtmlCache Behavior [ RunTime:0.000449s ]
INFO: [ app_begin ] --END-- [ RunTime:0.000490s ]
NOTIC: [2] Missing argument 2 for WeixinAcessTokenModel::Jstoken(), called in C:\wnmp\wwwroot\weixin\DataSource\Lib\Action\WeixinAction.class.php on line 113 and defined C:\wnmp\wwwroot\weixin\DataSource\Lib\Model\WeixinAcessTokenModel.class.php 第 24 行.

[ 2016-11-16T12:56:15+08:00 ] /Account/verify
INFO: [ route_check ] --START--
INFO: Run CheckRoute Behavior [ RunTime:0.000642s ]
INFO: [ route_check ] --END-- [ RunTime:0.000706s ]
INFO: [ app_begin ] --START--
INFO: Run ReadHtmlCache Behavior [ RunTime:0.000456s ]
INFO: [ app_begin ] --END-- [ RunTime:0.000495s ]
NOTIC: [8] Use of undefined constant MODE_NAME - assumed 'MODE_NAME' C:\wnmp\wwwroot\weixin\DataSource\Common\common.php 第 61 行.

[ 2016-11-16T12:56:30+08:00 ] /Account/verify
INFO: [ route_check ] --START--
INFO: Run CheckRoute Behavior [ RunTime:0.000550s ]
INFO: [ route_check ] --END-- [ RunTime:0.000610s ]
INFO: [ app_begin ] --START--
INFO: Run ReadHtmlCache Behavior [ RunTime:0.000417s ]
INFO: [ app_begin ] --END-- [ RunTime:0.000461s ]
NOTIC: [8] Use of undefined constant MODE_NAME - assumed 'MODE_NAME' C:\wnmp\wwwroot\weixin\DataSource\Common\common.php 第 61 行.

[ 2016-11-16T12:56:34+08:00 ] /Account/verify
INFO: [ route_check ] --START--
INFO: Run CheckRoute Behavior [ RunTime:0.000621s ]
INFO: [ route_check ] --END-- [ RunTime:0.000690s ]
INFO: [ app_begin ] --START--
INFO: Run ReadHtmlCache Behavior [ RunTime:0.000451s ]
INFO: [ app_begin ] --END-- [ RunTime:0.000543s ]
NOTIC: [8] Use of undefined constant MODE_NAME - assumed 'MODE_NAME' C:\wnmp\wwwroot\weixin\DataSource\Common\common.php 第 61 行.

[ 2016-11-16T12:57:03+08:00 ] /Account/login?type=
INFO: [ route_check ] --START--
INFO: Run CheckRoute Behavior [ RunTime:0.000533s ]
INFO: [ route_check ] --END-- [ RunTime:0.000591s ]
INFO: [ app_begin ] --START--
INFO: Run ReadHtmlCache Behavior [ RunTime:0.000397s ]
INFO: [ app_begin ] --END-- [ RunTime:0.000440s ]
NOTIC: [8] Undefined index: db_dsn C:\wnmp\wwwroot\weixin\lib\ThinkPHP\Lib\Core\Db.class.php 第 129 行.
NOTIC: [8] Undefined index: db_params C:\wnmp\wwwroot\weixin\lib\ThinkPHP\Lib\Core\Db.class.php 第 130 行.
SQL: SHOW COLUMNS FROM `zx_tb_user` [ RunTime:0.004441s ]
SQL: SELECT * FROM `zx_tb_user` WHERE ( phone = '18311410712' ) LIMIT 1   [ RunTime:0.027943s ]

[ 2016-11-16T12:57:03+08:00 ] /User/userinfo
INFO: [ route_check ] --START--
INFO: Run CheckRoute Behavior [ RunTime:0.000600s ]
INFO: [ route_check ] --END-- [ RunTime:0.000660s ]
INFO: [ app_begin ] --START--
INFO: Run ReadHtmlCache Behavior [ RunTime:0.000396s ]
INFO: [ app_begin ] --END-- [ RunTime:0.000438s ]
NOTIC: [2048] Declaration of UserAction::success() should be compatible with that of Action::success() C:\wnmp\wwwroot\weixin\DataSource\Lib\Action\UserAction.class.php 第 506 行.
INFO: Run AuthCheck Behavior [ RunTime:0.000462s ]
NOTIC: [8] Undefined index: db_dsn C:\wnmp\wwwroot\weixin\lib\ThinkPHP\Lib\Core\Db.class.php 第 129 行.
NOTIC: [8] Undefined index: db_params C:\wnmp\wwwroot\weixin\lib\ThinkPHP\Lib\Core\Db.class.php 第 130 行.
SQL: SHOW COLUMNS FROM `zx_tb_userinfo` [ RunTime:0.006874s ]
SQL: SELECT * FROM `zx_tb_userinfo` WHERE ( uid = 25519 ) LIMIT 1   [ RunTime:0.000464s ]
INFO: [ view_template ] --START--
INFO: Run LocationTemplate Behavior [ RunTime:0.000623s ]
INFO: [ view_template ] --END-- [ RunTime:0.000676s ]
INFO: [ view_parse ] --START--
NOTIC: [8] Undefined index: blood_type C:\wnmp\wwwroot\weixin\DataSource\Runtime\Temp\52183c10c030deba17cd13c5c511db0c5d28fbcd.file.userinfo.html.php 第 313 行.
NOTIC: [8] Undefined index: blood_type C:\wnmp\wwwroot\weixin\DataSource\Runtime\Temp\52183c10c030deba17cd13c5c511db0c5d28fbcd.file.userinfo.html.php 第 314 行.
NOTIC: [8] Undefined index: blood_type C:\wnmp\wwwroot\weixin\DataSource\Runtime\Temp\52183c10c030deba17cd13c5c511db0c5d28fbcd.file.userinfo.html.php 第 315 行.
NOTIC: [8] Undefined index: blood_type C:\wnmp\wwwroot\weixin\DataSource\Runtime\Temp\52183c10c030deba17cd13c5c511db0c5d28fbcd.file.userinfo.html.php 第 316 行.
NOTIC: [8] Undefined index: blood_type C:\wnmp\wwwroot\weixin\DataSource\Runtime\Temp\52183c10c030deba17cd13c5c511db0c5d28fbcd.file.userinfo.html.php 第 573 行.
INFO: Run ParseTemplate Behavior [ RunTime:0.008739s ]
INFO: [ view_parse ] --END-- [ RunTime:0.008781s ]
INFO: [ view_filter ] --START--
INFO: Run ContentReplace Behavior [ RunTime:0.000414s ]
INFO: Run TokenBuild Behavior [ RunTime:0.000361s ]
INFO: Run WriteHtmlCache Behavior [ RunTime:0.000227s ]
INFO: Run ShowRuntime Behavior [ RunTime:0.000390s ]
INFO: [ view_filter ] --END-- [ RunTime:0.001504s ]
INFO: [ view_end ] --START--
INFO: Run ShowPageTrace Behavior [ RunTime:0.000494s ]
INFO: [ view_end ] --END-- [ RunTime:0.000558s ]

[ 2016-11-16T12:57:03+08:00 ] /weixin/getJsTk?url=http%3A%2F%2F192.168.1.118%3A8091%2FUser%2Fuserinfo
INFO: [ route_check ] --START--
INFO: Run CheckRoute Behavior [ RunTime:0.000944s ]
INFO: [ route_check ] --END-- [ RunTime:0.001052s ]
INFO: [ app_begin ] --START--
INFO: Run ReadHtmlCache Behavior [ RunTime:0.000421s ]
INFO: [ app_begin ] --END-- [ RunTime:0.000460s ]
NOTIC: [2] Missing argument 2 for WeixinAcessTokenModel::Jstoken(), called in C:\wnmp\wwwroot\weixin\DataSource\Lib\Action\WeixinAction.class.php on line 113 and defined C:\wnmp\wwwroot\weixin\DataSource\Lib\Model\WeixinAcessTokenModel.class.php 第 24 行.

[ 2016-11-16T12:57:03+08:00 ] /static/images/icon_shield.png
INFO: [ route_check ] --START--
INFO: Run CheckRoute Behavior [ RunTime:0.000576s ]
INFO: [ route_check ] --END-- [ RunTime:0.000673s ]
INFO: [ app_begin ] --START--
INFO: Run ReadHtmlCache Behavior [ RunTime:0.000463s ]
INFO: [ app_begin ] --END-- [ RunTime:0.000509s ]
ERR: 无法加载模块:Static

[ 2016-11-16T12:58:30+08:00 ] /User/userinfo
INFO: [ route_check ] --START--
INFO: Run CheckRoute Behavior [ RunTime:0.001077s ]
INFO: [ route_check ] --END-- [ RunTime:0.001205s ]
INFO: [ app_begin ] --START--
INFO: Run ReadHtmlCache Behavior [ RunTime:0.000698s ]
INFO: [ app_begin ] --END-- [ RunTime:0.000762s ]
NOTIC: [2048] Declaration of UserAction::success() should be compatible with that of Action::success() C:\wnmp\wwwroot\weixin\DataSource\Lib\Action\UserAction.class.php 第 506 行.
INFO: Run AuthCheck Behavior [ RunTime:0.000764s ]
NOTIC: [8] Undefined index: db_dsn C:\wnmp\wwwroot\weixin\lib\ThinkPHP\Lib\Core\Db.class.php 第 129 行.
NOTIC: [8] Undefined index: db_params C:\wnmp\wwwroot\weixin\lib\ThinkPHP\Lib\Core\Db.class.php 第 130 行.
SQL: SHOW COLUMNS FROM `zx_tb_userinfo` [ RunTime:0.005371s ]
SQL: SELECT * FROM `zx_tb_userinfo` WHERE ( uid = 25519 ) LIMIT 1   [ RunTime:0.000491s ]
INFO: [ view_template ] --START--
INFO: Run LocationTemplate Behavior [ RunTime:0.000699s ]
INFO: [ view_template ] --END-- [ RunTime:0.000788s ]
INFO: [ view_parse ] --START--
NOTIC: [8] Undefined index: blood_type C:\wnmp\wwwroot\weixin\DataSource\Runtime\Temp\52183c10c030deba17cd13c5c511db0c5d28fbcd.file.userinfo.html.php 第 313 行.
NOTIC: [8] Undefined index: blood_type C:\wnmp\wwwroot\weixin\DataSource\Runtime\Temp\52183c10c030deba17cd13c5c511db0c5d28fbcd.file.userinfo.html.php 第 314 行.
NOTIC: [8] Undefined index: blood_type C:\wnmp\wwwroot\weixin\DataSource\Runtime\Temp\52183c10c030deba17cd13c5c511db0c5d28fbcd.file.userinfo.html.php 第 315 行.
NOTIC: [8] Undefined index: blood_type C:\wnmp\wwwroot\weixin\DataSource\Runtime\Temp\52183c10c030deba17cd13c5c511db0c5d28fbcd.file.userinfo.html.php 第 316 行.
NOTIC: [8] Undefined index: blood_type C:\wnmp\wwwroot\weixin\DataSource\Runtime\Temp\52183c10c030deba17cd13c5c511db0c5d28fbcd.file.userinfo.html.php 第 573 行.
INFO: Run ParseTemplate Behavior [ RunTime:0.302172s ]
INFO: [ view_parse ] --END-- [ RunTime:0.302222s ]
INFO: [ view_filter ] --START--
INFO: Run ContentReplace Behavior [ RunTime:0.000842s ]
INFO: Run TokenBuild Behavior [ RunTime:0.000439s ]
INFO: Run WriteHtmlCache Behavior [ RunTime:0.000374s ]
INFO: Run ShowRuntime Behavior [ RunTime:0.000592s ]
INFO: [ view_filter ] --END-- [ RunTime:0.002388s ]
INFO: [ view_end ] --START--
INFO: Run ShowPageTrace Behavior [ RunTime:0.000866s ]
INFO: [ view_end ] --END-- [ RunTime:0.000925s ]

[ 2016-11-16T12:58:33+08:00 ] /static/images/icon_shield.png
INFO: [ route_check ] --START--
INFO: Run CheckRoute Behavior [ RunTime:0.000697s ]
INFO: [ route_check ] --END-- [ RunTime:0.000761s ]
INFO: [ app_begin ] --START--
INFO: Run ReadHtmlCache Behavior [ RunTime:0.000586s ]
INFO: [ app_begin ] --END-- [ RunTime:0.000639s ]
ERR: 无法加载模块:Static

[ 2016-11-16T12:59:24+08:00 ] /User/userinfo
INFO: [ route_check ] --START--
INFO: Run CheckRoute Behavior [ RunTime:0.000698s ]
INFO: [ route_check ] --END-- [ RunTime:0.000799s ]
INFO: [ app_begin ] --START--
INFO: Run ReadHtmlCache Behavior [ RunTime:0.000910s ]
INFO: [ app_begin ] --END-- [ RunTime:0.001042s ]
NOTIC: [2048] Declaration of UserAction::success() should be compatible with that of Action::success() C:\wnmp\wwwroot\weixin\DataSource\Lib\Action\UserAction.class.php 第 506 行.
INFO: Run AuthCheck Behavior [ RunTime:0.000573s ]
NOTIC: [8] Undefined index: db_dsn C:\wnmp\wwwroot\weixin\lib\ThinkPHP\Lib\Core\Db.class.php 第 129 行.
NOTIC: [8] Undefined index: db_params C:\wnmp\wwwroot\weixin\lib\ThinkPHP\Lib\Core\Db.class.php 第 130 行.
SQL: SHOW COLUMNS FROM `zx_tb_userinfo` [ RunTime:0.009070s ]
SQL: SELECT * FROM `zx_tb_userinfo` WHERE ( uid = 25519 ) LIMIT 1   [ RunTime:0.000597s ]
INFO: [ view_template ] --START--
INFO: Run LocationTemplate Behavior [ RunTime:0.000694s ]
INFO: [ view_template ] --END-- [ RunTime:0.000743s ]
INFO: [ view_parse ] --START--
NOTIC: [8] Undefined index: blood_type C:\wnmp\wwwroot\weixin\DataSource\Runtime\Temp\52183c10c030deba17cd13c5c511db0c5d28fbcd.file.userinfo.html.php 第 313 行.
NOTIC: [8] Undefined index: blood_type C:\wnmp\wwwroot\weixin\DataSource\Runtime\Temp\52183c10c030deba17cd13c5c511db0c5d28fbcd.file.userinfo.html.php 第 314 行.
NOTIC: [8] Undefined index: blood_type C:\wnmp\wwwroot\weixin\DataSource\Runtime\Temp\52183c10c030deba17cd13c5c511db0c5d28fbcd.file.userinfo.html.php 第 315 行.
NOTIC: [8] Undefined index: blood_type C:\wnmp\wwwroot\weixin\DataSource\Runtime\Temp\52183c10c030deba17cd13c5c511db0c5d28fbcd.file.userinfo.html.php 第 316 行.
NOTIC: [8] Undefined index: blood_type C:\wnmp\wwwroot\weixin\DataSource\Runtime\Temp\52183c10c030deba17cd13c5c511db0c5d28fbcd.file.userinfo.html.php 第 573 行.
INFO: Run ParseTemplate Behavior [ RunTime:0.010615s ]
INFO: [ view_parse ] --END-- [ RunTime:0.010693s ]
INFO: [ view_filter ] --START--
INFO: Run ContentReplace Behavior [ RunTime:0.001173s ]
INFO: Run TokenBuild Behavior [ RunTime:0.000378s ]
INFO: Run WriteHtmlCache Behavior [ RunTime:0.000267s ]
INFO: Run ShowRuntime Behavior [ RunTime:0.000532s ]
INFO: [ view_filter ] --END-- [ RunTime:0.002508s ]
INFO: [ view_end ] --START--
INFO: Run ShowPageTrace Behavior [ RunTime:0.000583s ]
INFO: [ view_end ] --END-- [ RunTime:0.000629s ]

[ 2016-11-16T12:59:24+08:00 ] /weixin/getJsTk?url=http%3A%2F%2F192.168.1.118%3A8091%2FUser%2Fuserinfo
INFO: [ route_check ] --START--
INFO: Run CheckRoute Behavior [ RunTime:0.000916s ]
INFO: [ route_check ] --END-- [ RunTime:0.001044s ]
INFO: [ app_begin ] --START--
INFO: Run ReadHtmlCache Behavior [ RunTime:0.000892s ]
INFO: [ app_begin ] --END-- [ RunTime:0.000986s ]
NOTIC: [2] Missing argument 2 for WeixinAcessTokenModel::Jstoken(), called in C:\wnmp\wwwroot\weixin\DataSource\Lib\Action\WeixinAction.class.php on line 113 and defined C:\wnmp\wwwroot\weixin\DataSource\Lib\Model\WeixinAcessTokenModel.class.php 第 24 行.

[ 2016-11-16T12:59:24+08:00 ] /static/images/icon_shield.png
INFO: [ route_check ] --START--
INFO: Run CheckRoute Behavior [ RunTime:0.002812s ]
INFO: [ route_check ] --END-- [ RunTime:0.002932s ]
INFO: [ app_begin ] --START--
INFO: Run ReadHtmlCache Behavior [ RunTime:0.000819s ]
INFO: [ app_begin ] --END-- [ RunTime:0.000900s ]
ERR: 无法加载模块:Static

[ 2016-11-16T13:00:12+08:00 ] /User/userinfo
INFO: [ route_check ] --START--
INFO: Run CheckRoute Behavior [ RunTime:0.000656s ]
INFO: [ route_check ] --END-- [ RunTime:0.000729s ]
INFO: [ app_begin ] --START--
INFO: Run ReadHtmlCache Behavior [ RunTime:0.000679s ]
INFO: [ app_begin ] --END-- [ RunTime:0.000728s ]
NOTIC: [2048] Declaration of UserAction::success() should be compatible with that of Action::success() C:\wnmp\wwwroot\weixin\DataSource\Lib\Action\UserAction.class.php 第 506 行.
INFO: Run AuthCheck Behavior [ RunTime:0.000433s ]
NOTIC: [8] Undefined index: db_dsn C:\wnmp\wwwroot\weixin\lib\ThinkPHP\Lib\Core\Db.class.php 第 129 行.
NOTIC: [8] Undefined index: db_params C:\wnmp\wwwroot\weixin\lib\ThinkPHP\Lib\Core\Db.class.php 第 130 行.
SQL: SHOW COLUMNS FROM `zx_tb_userinfo` [ RunTime:0.006135s ]
SQL: SELECT * FROM `zx_tb_userinfo` WHERE ( uid = 25519 ) LIMIT 1   [ RunTime:0.000938s ]
INFO: [ view_template ] --START--
INFO: Run LocationTemplate Behavior [ RunTime:0.000476s ]
INFO: [ view_template ] --END-- [ RunTime:0.000524s ]
INFO: [ view_parse ] --START--
NOTIC: [8] Undefined index: blood_type C:\wnmp\wwwroot\weixin\DataSource\Runtime\Temp\52183c10c030deba17cd13c5c511db0c5d28fbcd.file.userinfo.html.php 第 313 行.
NOTIC: [8] Undefined index: blood_type C:\wnmp\wwwroot\weixin\DataSource\Runtime\Temp\52183c10c030deba17cd13c5c511db0c5d28fbcd.file.userinfo.html.php 第 314 行.
NOTIC: [8] Undefined index: blood_type C:\wnmp\wwwroot\weixin\DataSource\Runtime\Temp\52183c10c030deba17cd13c5c511db0c5d28fbcd.file.userinfo.html.php 第 315 行.
NOTIC: [8] Undefined index: blood_type C:\wnmp\wwwroot\weixin\DataSource\Runtime\Temp\52183c10c030deba17cd13c5c511db0c5d28fbcd.file.userinfo.html.php 第 316 行.
NOTIC: [8] Undefined index: blood_type C:\wnmp\wwwroot\weixin\DataSource\Runtime\Temp\52183c10c030deba17cd13c5c511db0c5d28fbcd.file.userinfo.html.php 第 573 行.
INFO: Run ParseTemplate Behavior [ RunTime:0.010393s ]
INFO: [ view_parse ] --END-- [ RunTime:0.010452s ]
INFO: [ view_filter ] --START--
INFO: Run ContentReplace Behavior [ RunTime:0.000520s ]
INFO: Run TokenBuild Behavior [ RunTime:0.000320s ]
INFO: Run WriteHtmlCache Behavior [ RunTime:0.000227s ]
INFO: Run ShowRuntime Behavior [ RunTime:0.000404s ]
INFO: [ view_filter ] --END-- [ RunTime:0.001587s ]
INFO: [ view_end ] --START--
INFO: Run ShowPageTrace Behavior [ RunTime:0.000593s ]
INFO: [ view_end ] --END-- [ RunTime:0.000639s ]

[ 2016-11-16T13:00:12+08:00 ] /weixin/getJsTk?url=http%3A%2F%2F192.168.1.118%3A8091%2FUser%2Fuserinfo
INFO: [ route_check ] --START--
INFO: Run CheckRoute Behavior [ RunTime:0.000794s ]
INFO: [ route_check ] --END-- [ RunTime:0.000868s ]
INFO: [ app_begin ] --START--
INFO: Run ReadHtmlCache Behavior [ RunTime:0.000540s ]
INFO: [ app_begin ] --END-- [ RunTime:0.000593s ]
NOTIC: [2] Missing argument 2 for WeixinAcessTokenModel::Jstoken(), called in C:\wnmp\wwwroot\weixin\DataSource\Lib\Action\WeixinAction.class.php on line 113 and defined C:\wnmp\wwwroot\weixin\DataSource\Lib\Model\WeixinAcessTokenModel.class.php 第 24 行.

[ 2016-11-16T13:00:12+08:00 ] /static/images/icon_shield.png
INFO: [ route_check ] --START--
INFO: Run CheckRoute Behavior [ RunTime:0.000629s ]
INFO: [ route_check ] --END-- [ RunTime:0.000694s ]
INFO: [ app_begin ] --START--
INFO: Run ReadHtmlCache Behavior [ RunTime:0.000642s ]
INFO: [ app_begin ] --END-- [ RunTime:0.000701s ]
ERR: 无法加载模块:Static

[ 2016-11-16T13:04:46+08:00 ] /User/userinfo
INFO: [ route_check ] --START--
INFO: Run CheckRoute Behavior [ RunTime:0.000771s ]
INFO: [ route_check ] --END-- [ RunTime:0.000842s ]
INFO: [ app_begin ] --START--
INFO: Run ReadHtmlCache Behavior [ RunTime:0.000508s ]
INFO: [ app_begin ] --END-- [ RunTime:0.000554s ]
NOTIC: [2048] Declaration of UserAction::success() should be compatible with that of Action::success() C:\wnmp\wwwroot\weixin\DataSource\Lib\Action\UserAction.class.php 第 506 行.

[ 2016-11-16T13:04:46+08:00 ] /Account/login
INFO: [ route_check ] --START--
INFO: Run CheckRoute Behavior [ RunTime:0.000594s ]
INFO: [ route_check ] --END-- [ RunTime:0.000701s ]
INFO: [ app_begin ] --START--
INFO: Run ReadHtmlCache Behavior [ RunTime:0.000400s ]
INFO: [ app_begin ] --END-- [ RunTime:0.000444s ]
NOTIC: [8] Undefined index: type C:\wnmp\wwwroot\weixin\DataSource\Lib\Action\AccountAction.class.php 第 112 行.
INFO: [ view_template ] --START--
INFO: Run LocationTemplate Behavior [ RunTime:0.000739s ]
INFO: [ view_template ] --END-- [ RunTime:0.000797s ]
INFO: [ view_parse ] --START--
NOTIC: [8] Undefined index: phone_error C:\wnmp\wwwroot\weixin\DataSource\Runtime\Temp\22487da300e9d88f77e7c31805b0b0b672038c3d.file.login.html.php 第 81 行.
NOTIC: [8] Trying to get property of non-object C:\wnmp\wwwroot\weixin\DataSource\Runtime\Temp\22487da300e9d88f77e7c31805b0b0b672038c3d.file.login.html.php 第 81 行.
NOTIC: [8] Undefined index: phone C:\wnmp\wwwroot\weixin\DataSource\Runtime\Temp\22487da300e9d88f77e7c31805b0b0b672038c3d.file.login.html.php 第 84 行.
NOTIC: [8] Trying to get property of non-object C:\wnmp\wwwroot\weixin\DataSource\Runtime\Temp\22487da300e9d88f77e7c31805b0b0b672038c3d.file.login.html.php 第 84 行.
NOTIC: [8] Undefined index: code_error C:\wnmp\wwwroot\weixin\DataSource\Runtime\Temp\22487da300e9d88f77e7c31805b0b0b672038c3d.file.login.html.php 第 89 行.
NOTIC: [8] Trying to get property of non-object C:\wnmp\wwwroot\weixin\DataSource\Runtime\Temp\22487da300e9d88f77e7c31805b0b0b672038c3d.file.login.html.php 第 89 行.
NOTIC: [8] Undefined index: error C:\wnmp\wwwroot\weixin\DataSource\Runtime\Temp\22487da300e9d88f77e7c31805b0b0b672038c3d.file.login.html.php 第 100 行.
NOTIC: [8] Trying to get property of non-object C:\wnmp\wwwroot\weixin\DataSource\Runtime\Temp\22487da300e9d88f77e7c31805b0b0b672038c3d.file.login.html.php 第 100 行.
INFO: Run ParseTemplate Behavior [ RunTime:0.012468s ]
INFO: [ view_parse ] --END-- [ RunTime:0.012516s ]
INFO: [ view_filter ] --START--
INFO: Run ContentReplace Behavior [ RunTime:0.000516s ]
INFO: Run TokenBuild Behavior [ RunTime:0.000429s ]
INFO: Run WriteHtmlCache Behavior [ RunTime:0.000325s ]
INFO: Run ShowRuntime Behavior [ RunTime:0.000433s ]
INFO: [ view_filter ] --END-- [ RunTime:0.001874s ]
INFO: [ view_end ] --START--
INFO: Run ShowPageTrace Behavior [ RunTime:0.000543s ]
INFO: [ view_end ] --END-- [ RunTime:0.000588s ]

[ 2016-11-16T13:04:47+08:00 ] /Account/imgverify?width=150&height=45
INFO: [ route_check ] --START--
INFO: Run CheckRoute Behavior [ RunTime:0.000590s ]
INFO: [ route_check ] --END-- [ RunTime:0.000650s ]
INFO: [ app_begin ] --START--
INFO: Run ReadHtmlCache Behavior [ RunTime:0.000512s ]
INFO: [ app_begin ] --END-- [ RunTime:0.000647s ]

[ 2016-11-16T13:04:47+08:00 ] /weixin/getJsTk?url=http%3A%2F%2F192.168.1.118%3A8091%2FAccount%2Flogin
INFO: [ route_check ] --START--
INFO: Run CheckRoute Behavior [ RunTime:0.000535s ]
INFO: [ route_check ] --END-- [ RunTime:0.000594s ]
INFO: [ app_begin ] --START--
INFO: Run ReadHtmlCache Behavior [ RunTime:0.000401s ]
INFO: [ app_begin ] --END-- [ RunTime:0.000439s ]
NOTIC: [2] Missing argument 2 for WeixinAcessTokenModel::Jstoken(), called in C:\wnmp\wwwroot\weixin\DataSource\Lib\Action\WeixinAction.class.php on line 113 and defined C:\wnmp\wwwroot\weixin\DataSource\Lib\Model\WeixinAcessTokenModel.class.php 第 24 行.

[ 2016-11-16T13:04:54+08:00 ] /User/userinfo
INFO: [ route_check ] --START--
INFO: Run CheckRoute Behavior [ RunTime:0.000872s ]
INFO: [ route_check ] --END-- [ RunTime:0.000995s ]
INFO: [ app_begin ] --START--
INFO: Run ReadHtmlCache Behavior [ RunTime:0.000615s ]
INFO: [ app_begin ] --END-- [ RunTime:0.000677s ]
NOTIC: [2048] Declaration of UserAction::success() should be compatible with that of Action::success() C:\wnmp\wwwroot\weixin\DataSource\Lib\Action\UserAction.class.php 第 506 行.
INFO: Run AuthCheck Behavior [ RunTime:0.000443s ]
NOTIC: [8] Undefined index: db_dsn C:\wnmp\wwwroot\weixin\lib\ThinkPHP\Lib\Core\Db.class.php 第 129 行.
NOTIC: [8] Undefined index: db_params C:\wnmp\wwwroot\weixin\lib\ThinkPHP\Lib\Core\Db.class.php 第 130 行.
SQL: SHOW COLUMNS FROM `zx_tb_userinfo` [ RunTime:0.007900s ]
SQL: SELECT * FROM `zx_tb_userinfo` WHERE ( uid = 25519 ) LIMIT 1   [ RunTime:0.001211s ]
INFO: [ view_template ] --START--
INFO: Run LocationTemplate Behavior [ RunTime:0.000619s ]
INFO: [ view_template ] --END-- [ RunTime:0.000689s ]
INFO: [ view_parse ] --START--
NOTIC: [8] Undefined index: blood_type C:\wnmp\wwwroot\weixin\DataSource\Runtime\Temp\52183c10c030deba17cd13c5c511db0c5d28fbcd.file.userinfo.html.php 第 313 行.
NOTIC: [8] Undefined index: blood_type C:\wnmp\wwwroot\weixin\DataSource\Runtime\Temp\52183c10c030deba17cd13c5c511db0c5d28fbcd.file.userinfo.html.php 第 314 行.
NOTIC: [8] Undefined index: blood_type C:\wnmp\wwwroot\weixin\DataSource\Runtime\Temp\52183c10c030deba17cd13c5c511db0c5d28fbcd.file.userinfo.html.php 第 315 行.
NOTIC: [8] Undefined index: blood_type C:\wnmp\wwwroot\weixin\DataSource\Runtime\Temp\52183c10c030deba17cd13c5c511db0c5d28fbcd.file.userinfo.html.php 第 316 行.
NOTIC: [8] Undefined index: blood_type C:\wnmp\wwwroot\weixin\DataSource\Runtime\Temp\52183c10c030deba17cd13c5c511db0c5d28fbcd.file.userinfo.html.php 第 573 行.
INFO: Run ParseTemplate Behavior [ RunTime:0.322116s ]
INFO: [ view_parse ] --END-- [ RunTime:0.322165s ]
INFO: [ view_filter ] --START--
INFO: Run ContentReplace Behavior [ RunTime:0.000725s ]
INFO: Run TokenBuild Behavior [ RunTime:0.000401s ]
INFO: Run WriteHtmlCache Behavior [ RunTime:0.000336s ]
INFO: Run ShowRuntime Behavior [ RunTime:0.000559s ]
INFO: [ view_filter ] --END-- [ RunTime:0.002176s ]
INFO: [ view_end ] --START--
INFO: Run ShowPageTrace Behavior [ RunTime:0.000620s ]
INFO: [ view_end ] --END-- [ RunTime:0.000732s ]

[ 2016-11-16T13:04:55+08:00 ] /weixin/getJsTk?url=http%3A%2F%2F192.168.1.118%3A8091%2FUser%2Fuserinfo
INFO: [ route_check ] --START--
INFO: Run CheckRoute Behavior [ RunTime:0.001212s ]
INFO: [ route_check ] --END-- [ RunTime:0.001315s ]
INFO: [ app_begin ] --START--
INFO: Run ReadHtmlCache Behavior [ RunTime:0.001050s ]
INFO: [ app_begin ] --END-- [ RunTime:0.001187s ]
NOTIC: [2] Missing argument 2 for WeixinAcessTokenModel::Jstoken(), called in C:\wnmp\wwwroot\weixin\DataSource\Lib\Action\WeixinAction.class.php on line 113 and defined C:\wnmp\wwwroot\weixin\DataSource\Lib\Model\WeixinAcessTokenModel.class.php 第 24 行.

[ 2016-11-16T13:04:55+08:00 ] /static/images/icon_shield.png
INFO: [ route_check ] --START--
INFO: Run CheckRoute Behavior [ RunTime:0.000613s ]
INFO: [ route_check ] --END-- [ RunTime:0.000690s ]
INFO: [ app_begin ] --START--
INFO: Run ReadHtmlCache Behavior [ RunTime:0.000529s ]
INFO: [ app_begin ] --END-- [ RunTime:0.000579s ]
ERR: 无法加载模块:Static

[ 2016-11-16T13:05:00+08:00 ] /Account/verify
INFO: [ route_check ] --START--
INFO: Run CheckRoute Behavior [ RunTime:0.000826s ]
INFO: [ route_check ] --END-- [ RunTime:0.000898s ]
INFO: [ app_begin ] --START--
INFO: Run ReadHtmlCache Behavior [ RunTime:0.000406s ]
INFO: [ app_begin ] --END-- [ RunTime:0.000446s ]

[ 2016-11-16T13:05:07+08:00 ] /Account/verify
INFO: [ route_check ] --START--
INFO: Run CheckRoute Behavior [ RunTime:0.000568s ]
INFO: [ route_check ] --END-- [ RunTime:0.000627s ]
INFO: [ app_begin ] --START--
INFO: Run ReadHtmlCache Behavior [ RunTime:0.000617s ]
INFO: [ app_begin ] --END-- [ RunTime:0.000659s ]
NOTIC: [8] Use of undefined constant MODE_NAME - assumed 'MODE_NAME' C:\wnmp\wwwroot\weixin\DataSource\Common\common.php 第 61 行.

[ 2016-11-16T13:05:33+08:00 ] /User/userinfo
INFO: [ route_check ] --START--
INFO: Run CheckRoute Behavior [ RunTime:0.000718s ]
INFO: [ route_check ] --END-- [ RunTime:0.000796s ]
INFO: [ app_begin ] --START--
INFO: Run ReadHtmlCache Behavior [ RunTime:0.000569s ]
INFO: [ app_begin ] --END-- [ RunTime:0.000663s ]
NOTIC: [2048] Declaration of UserAction::success() should be compatible with that of Action::success() C:\wnmp\wwwroot\weixin\DataSource\Lib\Action\UserAction.class.php 第 506 行.
INFO: Run AuthCheck Behavior [ RunTime:0.000851s ]
NOTIC: [8] Undefined index: db_dsn C:\wnmp\wwwroot\weixin\lib\ThinkPHP\Lib\Core\Db.class.php 第 129 行.
NOTIC: [8] Undefined index: db_params C:\wnmp\wwwroot\weixin\lib\ThinkPHP\Lib\Core\Db.class.php 第 130 行.
SQL: SHOW COLUMNS FROM `zx_tb_userinfo` [ RunTime:0.005840s ]
SQL: SELECT * FROM `zx_tb_userinfo` WHERE ( uid = 25519 ) LIMIT 1   [ RunTime:0.000569s ]
INFO: [ view_template ] --START--
INFO: Run LocationTemplate Behavior [ RunTime:0.000633s ]
INFO: [ view_template ] --END-- [ RunTime:0.000681s ]
INFO: [ view_parse ] --START--
NOTIC: [8] Undefined index: blood_type C:\wnmp\wwwroot\weixin\DataSource\Runtime\Temp\52183c10c030deba17cd13c5c511db0c5d28fbcd.file.userinfo.html.php 第 313 行.
NOTIC: [8] Undefined index: blood_type C:\wnmp\wwwroot\weixin\DataSource\Runtime\Temp\52183c10c030deba17cd13c5c511db0c5d28fbcd.file.userinfo.html.php 第 314 行.
NOTIC: [8] Undefined index: blood_type C:\wnmp\wwwroot\weixin\DataSource\Runtime\Temp\52183c10c030deba17cd13c5c511db0c5d28fbcd.file.userinfo.html.php 第 315 行.
NOTIC: [8] Undefined index: blood_type C:\wnmp\wwwroot\weixin\DataSource\Runtime\Temp\52183c10c030deba17cd13c5c511db0c5d28fbcd.file.userinfo.html.php 第 316 行.
NOTIC: [8] Undefined index: blood_type C:\wnmp\wwwroot\weixin\DataSource\Runtime\Temp\52183c10c030deba17cd13c5c511db0c5d28fbcd.file.userinfo.html.php 第 573 行.
INFO: Run ParseTemplate Behavior [ RunTime:0.305791s ]
INFO: [ view_parse ] --END-- [ RunTime:0.305837s ]
INFO: [ view_filter ] --START--
INFO: Run ContentReplace Behavior [ RunTime:0.000729s ]
INFO: Run TokenBuild Behavior [ RunTime:0.000366s ]
INFO: Run WriteHtmlCache Behavior [ RunTime:0.000707s ]
INFO: Run ShowRuntime Behavior [ RunTime:0.000555s ]
INFO: [ view_filter ] --END-- [ RunTime:0.002512s ]
INFO: [ view_end ] --START--
INFO: Run ShowPageTrace Behavior [ RunTime:0.000872s ]
INFO: [ view_end ] --END-- [ RunTime:0.000927s ]

[ 2016-11-16T13:05:34+08:00 ] /weixin/getJsTk?url=http%3A%2F%2F192.168.1.118%3A8091%2FUser%2Fuserinfo
INFO: [ route_check ] --START--
INFO: Run CheckRoute Behavior [ RunTime:0.001717s ]
INFO: [ route_check ] --END-- [ RunTime:0.002260s ]
INFO: [ app_begin ] --START--
INFO: Run ReadHtmlCache Behavior [ RunTime:0.000825s ]
INFO: [ app_begin ] --END-- [ RunTime:0.000908s ]
NOTIC: [2] Missing argument 2 for WeixinAcessTokenModel::Jstoken(), called in C:\wnmp\wwwroot\weixin\DataSource\Lib\Action\WeixinAction.class.php on line 113 and defined C:\wnmp\wwwroot\weixin\DataSource\Lib\Model\WeixinAcessTokenModel.class.php 第 24 行.

[ 2016-11-16T13:05:34+08:00 ] /static/images/icon_shield.png
INFO: [ route_check ] --START--
INFO: Run CheckRoute Behavior [ RunTime:0.001894s ]
INFO: [ route_check ] --END-- [ RunTime:0.002009s ]
INFO: [ app_begin ] --START--
INFO: Run ReadHtmlCache Behavior [ RunTime:0.000810s ]
INFO: [ app_begin ] --END-- [ RunTime:0.000880s ]
ERR: 无法加载模块:Static

[ 2016-11-16T13:10:42+08:00 ] /User/userinfo
INFO: [ route_check ] --START--
INFO: Run CheckRoute Behavior [ RunTime:0.001541s ]
INFO: [ route_check ] --END-- [ RunTime:0.001665s ]
INFO: [ app_begin ] --START--
INFO: Run ReadHtmlCache Behavior [ RunTime:0.001145s ]
INFO: [ app_begin ] --END-- [ RunTime:0.001201s ]
NOTIC: [2048] Declaration of UserAction::success() should be compatible with that of Action::success() C:\wnmp\wwwroot\weixin\DataSource\Lib\Action\UserAction.class.php 第 531 行.
INFO: Run AuthCheck Behavior [ RunTime:0.001194s ]
NOTIC: [8] Undefined index: db_dsn C:\wnmp\wwwroot\weixin\lib\ThinkPHP\Lib\Core\Db.class.php 第 129 行.
NOTIC: [8] Undefined index: db_params C:\wnmp\wwwroot\weixin\lib\ThinkPHP\Lib\Core\Db.class.php 第 130 行.
SQL: SHOW COLUMNS FROM `zx_tb_userinfo` [ RunTime:0.004706s ]
SQL: SELECT * FROM `zx_tb_userinfo` WHERE ( uid = 44 ) LIMIT 1   [ RunTime:0.001818s ]
INFO: [ view_template ] --START--
INFO: Run LocationTemplate Behavior [ RunTime:0.013218s ]
INFO: [ view_template ] --END-- [ RunTime:0.013318s ]
INFO: [ view_parse ] --START--
NOTIC: [8] Undefined index: blood_type C:\wnmp\wwwroot\weixin\DataSource\Runtime\Temp\52183c10c030deba17cd13c5c511db0c5d28fbcd.file.userinfo.html.php 第 313 行.
NOTIC: [8] Undefined index: blood_type C:\wnmp\wwwroot\weixin\DataSource\Runtime\Temp\52183c10c030deba17cd13c5c511db0c5d28fbcd.file.userinfo.html.php 第 314 行.
NOTIC: [8] Undefined index: blood_type C:\wnmp\wwwroot\weixin\DataSource\Runtime\Temp\52183c10c030deba17cd13c5c511db0c5d28fbcd.file.userinfo.html.php 第 315 行.
NOTIC: [8] Undefined index: blood_type C:\wnmp\wwwroot\weixin\DataSource\Runtime\Temp\52183c10c030deba17cd13c5c511db0c5d28fbcd.file.userinfo.html.php 第 316 行.
NOTIC: [8] Undefined index: blood_type C:\wnmp\wwwroot\weixin\DataSource\Runtime\Temp\52183c10c030deba17cd13c5c511db0c5d28fbcd.file.userinfo.html.php 第 573 行.
INFO: Run ParseTemplate Behavior [ RunTime:0.271285s ]
INFO: [ view_parse ] --END-- [ RunTime:0.271334s ]
INFO: [ view_filter ] --START--
INFO: Run ContentReplace Behavior [ RunTime:0.001181s ]
INFO: Run TokenBuild Behavior [ RunTime:0.000808s ]
INFO: Run WriteHtmlCache Behavior [ RunTime:0.000755s ]
INFO: Run ShowRuntime Behavior [ RunTime:0.000805s ]
INFO: [ view_filter ] --END-- [ RunTime:0.003681s ]
INFO: [ view_end ] --START--
INFO: Run ShowPageTrace Behavior [ RunTime:0.000986s ]
INFO: [ view_end ] --END-- [ RunTime:0.001033s ]

[ 2016-11-16T13:10:42+08:00 ] /weixin/getJsTk?url=http%3A%2F%2F192.168.1.118%3A8091%2FUser%2Fuserinfo
INFO: [ route_check ] --START--
INFO: Run CheckRoute Behavior [ RunTime:0.000653s ]
INFO: [ route_check ] --END-- [ RunTime:0.000716s ]
INFO: [ app_begin ] --START--
INFO: Run ReadHtmlCache Behavior [ RunTime:0.000448s ]
INFO: [ app_begin ] --END-- [ RunTime:0.000490s ]
NOTIC: [2] Missing argument 2 for WeixinAcessTokenModel::Jstoken(), called in C:\wnmp\wwwroot\weixin\DataSource\Lib\Action\WeixinAction.class.php on line 113 and defined C:\wnmp\wwwroot\weixin\DataSource\Lib\Model\WeixinAcessTokenModel.class.php 第 24 行.

[ 2016-11-16T13:10:42+08:00 ] /static/images/icon_shield.png
INFO: [ route_check ] --START--
INFO: Run CheckRoute Behavior [ RunTime:0.000593s ]
INFO: [ route_check ] --END-- [ RunTime:0.000661s ]
INFO: [ app_begin ] --START--
INFO: Run ReadHtmlCache Behavior [ RunTime:0.000663s ]
INFO: [ app_begin ] --END-- [ RunTime:0.000717s ]
ERR: 无法加载模块:Static

[ 2016-11-16T19:05:12+08:00 ] /User
INFO: [ route_check ] --START--
INFO: Run CheckRoute Behavior [ RunTime:0.002470s ]
INFO: [ route_check ] --END-- [ RunTime:0.002532s ]
INFO: [ app_begin ] --START--
INFO: Run ReadHtmlCache Behavior [ RunTime:0.001801s ]
INFO: [ app_begin ] --END-- [ RunTime:0.001864s ]
NOTIC: [2048] Declaration of UserAction::success() should be compatible with that of Action::success() C:\wnmp\wwwroot\weixin\DataSource\Lib\Action\UserAction.class.php 第 531 行.
INFO: Run AuthCheck Behavior [ RunTime:0.002080s ]
NOTIC: [8] Undefined index: db_dsn C:\wnmp\wwwroot\weixin\lib\ThinkPHP\Lib\Core\Db.class.php 第 129 行.
NOTIC: [8] Undefined index: db_params C:\wnmp\wwwroot\weixin\lib\ThinkPHP\Lib\Core\Db.class.php 第 130 行.
SQL: SHOW COLUMNS FROM `zx_tb_user` [ RunTime:0.004491s ]
SQL: SELECT * FROM `zx_tb_user` WHERE ( id=25519 ) LIMIT 1   [ RunTime:0.000470s ]
SQL: SHOW COLUMNS FROM `zx_tb_orders` [ RunTime:0.004037s ]
SQL: SELECT COUNT(*) AS tp_count FROM `zx_tb_orders` WHERE ( `uid` = 25519 ) AND ( `paystats` = 5 ) AND ( `pay_deadline` > '2016-11-16 19:05:12' ) LIMIT 1   [ RunTime:0.000456s ]
INFO: [ view_template ] --START--
INFO: Run LocationTemplate Behavior [ RunTime:0.002340s ]
INFO: [ view_template ] --END-- [ RunTime:0.002394s ]
INFO: [ view_parse ] --START--
INFO: Run ParseTemplate Behavior [ RunTime:0.028774s ]
INFO: [ view_parse ] --END-- [ RunTime:0.028831s ]
INFO: [ view_filter ] --START--
INFO: Run ContentReplace Behavior [ RunTime:0.001036s ]
INFO: Run TokenBuild Behavior [ RunTime:0.000875s ]
INFO: Run WriteHtmlCache Behavior [ RunTime:0.000801s ]
INFO: Run ShowRuntime Behavior [ RunTime:0.000888s ]
INFO: [ view_filter ] --END-- [ RunTime:0.003734s ]
INFO: [ view_end ] --START--
INFO: Run ShowPageTrace Behavior [ RunTime:0.001243s ]
INFO: [ view_end ] --END-- [ RunTime:0.001289s ]

[ 2016-11-16T19:05:12+08:00 ] /weixin/getJsTk?url=http%3A%2F%2F192.168.1.118%3A8091%2FUser
INFO: [ route_check ] --START--
INFO: Run CheckRoute Behavior [ RunTime:0.004074s ]
INFO: [ route_check ] --END-- [ RunTime:0.004223s ]
INFO: [ app_begin ] --START--
INFO: Run ReadHtmlCache Behavior [ RunTime:0.003646s ]
INFO: [ app_begin ] --END-- [ RunTime:0.003717s ]
NOTIC: [2] Missing argument 2 for WeixinAcessTokenModel::Jstoken(), called in C:\wnmp\wwwroot\weixin\DataSource\Lib\Action\WeixinAction.class.php on line 113 and defined C:\wnmp\wwwroot\weixin\DataSource\Lib\Model\WeixinAcessTokenModel.class.php 第 24 行.

[ 2016-11-16T19:05:14+08:00 ] /User/collection
INFO: [ route_check ] --START--
INFO: Run CheckRoute Behavior [ RunTime:0.000739s ]
INFO: [ route_check ] --END-- [ RunTime:0.000807s ]
INFO: [ app_begin ] --START--
INFO: Run ReadHtmlCache Behavior [ RunTime:0.000661s ]
INFO: [ app_begin ] --END-- [ RunTime:0.000711s ]
NOTIC: [2048] Declaration of UserAction::success() should be compatible with that of Action::success() C:\wnmp\wwwroot\weixin\DataSource\Lib\Action\UserAction.class.php 第 531 行.
INFO: Run AuthCheck Behavior [ RunTime:0.000958s ]
NOTIC: [8] Undefined index: db_dsn C:\wnmp\wwwroot\weixin\lib\ThinkPHP\Lib\Core\Db.class.php 第 129 行.
NOTIC: [8] Undefined index: db_params C:\wnmp\wwwroot\weixin\lib\ThinkPHP\Lib\Core\Db.class.php 第 130 行.
SQL: SHOW COLUMNS FROM `zx_tb_collect` [ RunTime:0.003368s ]
SQL: SELECT m.id,m.m_name,m.m_state,m.m_releaseTime,m.m_untilTime,m.m_offineTime,m.m_placesleft,m.m_img,m.m_GameTime,m.m_Mtypes,m.m_des,m.m_ptype FROM `zx_tb_collect` c LEFT JOIN `zx_tb_matchs` m ON m.id= c.match_id WHERE c.uid= 25519 [ RunTime:0.000405s ]
INFO: [ view_template ] --START--
INFO: Run LocationTemplate Behavior [ RunTime:0.001307s ]
INFO: [ view_template ] --END-- [ RunTime:0.001381s ]
INFO: [ view_parse ] --START--
NOTIC: [8] Undefined index: abroad C:\wnmp\wwwroot\weixin\DataSource\Runtime\Temp\911a5491a5f9e2657465be420974c6bf14adc566.file.collection.html.php 第 58 行.
NOTIC: [8] Trying to get property of non-object C:\wnmp\wwwroot\weixin\DataSource\Runtime\Temp\911a5491a5f9e2657465be420974c6bf14adc566.file.collection.html.php 第 58 行.
NOTIC: [8] Undefined index: domestic C:\wnmp\wwwroot\weixin\DataSource\Runtime\Temp\911a5491a5f9e2657465be420974c6bf14adc566.file.collection.html.php 第 58 行.
NOTIC: [8] Trying to get property of non-object C:\wnmp\wwwroot\weixin\DataSource\Runtime\Temp\911a5491a5f9e2657465be420974c6bf14adc566.file.collection.html.php 第 58 行.
INFO: Run ParseTemplate Behavior [ RunTime:0.018670s ]
INFO: [ view_parse ] --END-- [ RunTime:0.018746s ]
INFO: [ view_filter ] --START--
INFO: Run ContentReplace Behavior [ RunTime:0.000652s ]
INFO: Run TokenBuild Behavior [ RunTime:0.000456s ]
INFO: Run WriteHtmlCache Behavior [ RunTime:0.000350s ]
INFO: Run ShowRuntime Behavior [ RunTime:0.000688s ]
INFO: [ view_filter ] --END-- [ RunTime:0.002307s ]
INFO: [ view_end ] --START--
INFO: Run ShowPageTrace Behavior [ RunTime:0.000770s ]
INFO: [ view_end ] --END-- [ RunTime:0.000848s ]

[ 2016-11-16T19:05:14+08:00 ] /weixin/getJsTk?url=http%3A%2F%2F192.168.1.118%3A8091%2FUser%2Fcollection
INFO: [ route_check ] --START--
INFO: Run CheckRoute Behavior [ RunTime:0.001335s ]
INFO: [ route_check ] --END-- [ RunTime:0.001435s ]
INFO: [ app_begin ] --START--
INFO: Run ReadHtmlCache Behavior [ RunTime:0.000812s ]
INFO: [ app_begin ] --END-- [ RunTime:0.000880s ]
NOTIC: [2] Missing argument 2 for WeixinAcessTokenModel::Jstoken(), called in C:\wnmp\wwwroot\weixin\DataSource\Lib\Action\WeixinAction.class.php on line 113 and defined C:\wnmp\wwwroot\weixin\DataSource\Lib\Model\WeixinAcessTokenModel.class.php 第 24 行.

[ 2016-11-16T19:05:14+08:00 ] /Ajax/collection
INFO: [ route_check ] --START--
INFO: Run CheckRoute Behavior [ RunTime:0.004561s ]
INFO: [ route_check ] --END-- [ RunTime:0.004675s ]
INFO: [ app_begin ] --START--
INFO: Run ReadHtmlCache Behavior [ RunTime:0.000911s ]
INFO: [ app_begin ] --END-- [ RunTime:0.000995s ]
NOTIC: [8] Undefined index: db_dsn C:\wnmp\wwwroot\weixin\lib\ThinkPHP\Lib\Core\Db.class.php 第 129 行.
NOTIC: [8] Undefined index: db_params C:\wnmp\wwwroot\weixin\lib\ThinkPHP\Lib\Core\Db.class.php 第 130 行.
SQL: SHOW COLUMNS FROM `zx_tb_collect` [ RunTime:0.004728s ]
SQL: SELECT m.id,m_name,m_GameTime,m_untilTime,m_releaseTime,m_offineTime,m_city,m_Mtypes,m_ptype,m_sign,m_enterMode,m_placesleft,m_places,m_enterurl,m_state,m_img,m_order,m_country,m_area,m_signuptime,m_mtypes_class,m_des FROM `zx_tb_collect` c LEFT JOIN `zx_tb_matchs` m ON m.id= c.match_id WHERE c.uid= 25519 [ RunTime:0.001061s ]

[ 2016-11-16T19:05:16+08:00 ] /User
INFO: [ route_check ] --START--
INFO: Run CheckRoute Behavior [ RunTime:0.001036s ]
INFO: [ route_check ] --END-- [ RunTime:0.001116s ]
INFO: [ app_begin ] --START--
INFO: Run ReadHtmlCache Behavior [ RunTime:0.000762s ]
INFO: [ app_begin ] --END-- [ RunTime:0.000828s ]
NOTIC: [2048] Declaration of UserAction::success() should be compatible with that of Action::success() C:\wnmp\wwwroot\weixin\DataSource\Lib\Action\UserAction.class.php 第 531 行.
INFO: Run AuthCheck Behavior [ RunTime:0.001444s ]
NOTIC: [8] Undefined index: db_dsn C:\wnmp\wwwroot\weixin\lib\ThinkPHP\Lib\Core\Db.class.php 第 129 行.
NOTIC: [8] Undefined index: db_params C:\wnmp\wwwroot\weixin\lib\ThinkPHP\Lib\Core\Db.class.php 第 130 行.
SQL: SHOW COLUMNS FROM `zx_tb_user` [ RunTime:0.005723s ]
SQL: SELECT * FROM `zx_tb_user` WHERE ( id=25519 ) LIMIT 1   [ RunTime:0.000471s ]
SQL: SHOW COLUMNS FROM `zx_tb_orders` [ RunTime:0.004583s ]
SQL: SELECT COUNT(*) AS tp_count FROM `zx_tb_orders` WHERE ( `uid` = 25519 ) AND ( `paystats` = 5 ) AND ( `pay_deadline` > '2016-11-16 19:05:16' ) LIMIT 1   [ RunTime:0.000685s ]
INFO: [ view_template ] --START--
INFO: Run LocationTemplate Behavior [ RunTime:0.000885s ]
INFO: [ view_template ] --END-- [ RunTime:0.000959s ]
INFO: [ view_parse ] --START--
INFO: Run ParseTemplate Behavior [ RunTime:0.014686s ]
INFO: [ view_parse ] --END-- [ RunTime:0.014773s ]
INFO: [ view_filter ] --START--
INFO: Run ContentReplace Behavior [ RunTime:0.000629s ]
INFO: Run TokenBuild Behavior [ RunTime:0.000625s ]
INFO: Run WriteHtmlCache Behavior [ RunTime:0.000565s ]
INFO: Run ShowRuntime Behavior [ RunTime:0.001015s ]
INFO: [ view_filter ] --END-- [ RunTime:0.003016s ]
INFO: [ view_end ] --START--
INFO: Run ShowPageTrace Behavior [ RunTime:0.000864s ]
INFO: [ view_end ] --END-- [ RunTime:0.000949s ]

[ 2016-11-16T19:05:16+08:00 ] /weixin/getJsTk?url=http%3A%2F%2F192.168.1.118%3A8091%2FUser
INFO: [ route_check ] --START--
INFO: Run CheckRoute Behavior [ RunTime:0.002515s ]
INFO: [ route_check ] --END-- [ RunTime:0.002620s ]
INFO: [ app_begin ] --START--
INFO: Run ReadHtmlCache Behavior [ RunTime:0.000838s ]
INFO: [ app_begin ] --END-- [ RunTime:0.000911s ]
NOTIC: [2] Missing argument 2 for WeixinAcessTokenModel::Jstoken(), called in C:\wnmp\wwwroot\weixin\DataSource\Lib\Action\WeixinAction.class.php on line 113 and defined C:\wnmp\wwwroot\weixin\DataSource\Lib\Model\WeixinAcessTokenModel.class.php 第 24 行.

[ 2016-11-16T19:05:18+08:00 ] /Search?ws=%E6%B5%B7%E5%A4%96&type=1
INFO: [ route_check ] --START--
INFO: Run CheckRoute Behavior [ RunTime:0.000781s ]
INFO: [ route_check ] --END-- [ RunTime:0.000901s ]
INFO: [ app_begin ] --START--
INFO: Run ReadHtmlCache Behavior [ RunTime:0.000483s ]
INFO: [ app_begin ] --END-- [ RunTime:0.000528s ]
INFO: [ view_template ] --START--
INFO: Run LocationTemplate Behavior [ RunTime:0.000831s ]
INFO: [ view_template ] --END-- [ RunTime:0.000938s ]
INFO: [ view_parse ] --START--
NOTIC: [8] Undefined index: hotcitys C:\wnmp\wwwroot\weixin\DataSource\Runtime\Temp\139e5a03f767c9373af3d23625cae0b5de65c7a6.file.index.html.php 第 187 行.
NOTIC: [8] Trying to get property of non-object C:\wnmp\wwwroot\weixin\DataSource\Runtime\Temp\139e5a03f767c9373af3d23625cae0b5de65c7a6.file.index.html.php 第 187 行.
NOTIC: [8] Undefined index: list C:\wnmp\wwwroot\weixin\DataSource\Runtime\Temp\139e5a03f767c9373af3d23625cae0b5de65c7a6.file.index.html.php 第 190 行.
NOTIC: [8] Trying to get property of non-object C:\wnmp\wwwroot\weixin\DataSource\Runtime\Temp\139e5a03f767c9373af3d23625cae0b5de65c7a6.file.index.html.php 第 190 行.
INFO: Run ParseTemplate Behavior [ RunTime:0.243821s ]
INFO: [ view_parse ] --END-- [ RunTime:0.243871s ]
INFO: [ view_filter ] --START--
INFO: Run ContentReplace Behavior [ RunTime:0.001033s ]
INFO: Run TokenBuild Behavior [ RunTime:0.000736s ]
INFO: Run WriteHtmlCache Behavior [ RunTime:0.000488s ]
INFO: Run ShowRuntime Behavior [ RunTime:0.000626s ]
INFO: [ view_filter ] --END-- [ RunTime:0.003057s ]
INFO: [ view_end ] --START--
INFO: Run ShowPageTrace Behavior [ RunTime:0.000699s ]
INFO: [ view_end ] --END-- [ RunTime:0.000782s ]

[ 2016-11-16T19:05:18+08:00 ] /weixin/getJsTk?url=http%3A%2F%2F192.168.1.118%3A8091%2FSearch%3Fws%3D%25E6%25B5%25B7%25E5%25A4%2596%26type%3D1
INFO: [ route_check ] --START--
INFO: Run CheckRoute Behavior [ RunTime:0.000995s ]
INFO: [ route_check ] --END-- [ RunTime:0.001089s ]
INFO: [ app_begin ] --START--
INFO: Run ReadHtmlCache Behavior [ RunTime:0.000838s ]
INFO: [ app_begin ] --END-- [ RunTime:0.000997s ]
NOTIC: [2] Missing argument 2 for WeixinAcessTokenModel::Jstoken(), called in C:\wnmp\wwwroot\weixin\DataSource\Lib\Action\WeixinAction.class.php on line 113 and defined C:\wnmp\wwwroot\weixin\DataSource\Lib\Model\WeixinAcessTokenModel.class.php 第 24 行.

[ 2016-11-16T19:05:18+08:00 ] /Search/screenv2?ws=%E6%B5%B7%E5%A4%96
INFO: [ route_check ] --START--
INFO: Run CheckRoute Behavior [ RunTime:0.001191s ]
INFO: [ route_check ] --END-- [ RunTime:0.001755s ]
INFO: [ app_begin ] --START--
INFO: Run ReadHtmlCache Behavior [ RunTime:0.000705s ]
INFO: [ app_begin ] --END-- [ RunTime:0.000769s ]
NOTIC: [8] Undefined index: search_class_bar C:\wnmp\wwwroot\weixin\DataSource\Lib\Action\SearchAction.class.php 第 34 行.
NOTIC: [8] Undefined index: search_area_bar C:\wnmp\wwwroot\weixin\DataSource\Lib\Action\SearchAction.class.php 第 35 行.
NOTIC: [8] Undefined index: search_game_state_bar C:\wnmp\wwwroot\weixin\DataSource\Lib\Action\SearchAction.class.php 第 36 行.
NOTIC: [8] Undefined index: search_time_bar C:\wnmp\wwwroot\weixin\DataSource\Lib\Action\SearchAction.class.php 第 37 行.
NOTIC: [8] Undefined index: search_type_bar C:\wnmp\wwwroot\weixin\DataSource\Lib\Action\SearchAction.class.php 第 38 行.
NOTIC: [8] Undefined index: db_dsn C:\wnmp\wwwroot\weixin\lib\ThinkPHP\Lib\Core\Db.class.php 第 129 行.
NOTIC: [8] Undefined index: db_params C:\wnmp\wwwroot\weixin\lib\ThinkPHP\Lib\Core\Db.class.php 第 130 行.
SQL: SHOW COLUMNS FROM `zx_tb_matchs` [ RunTime:0.005369s ]
SQL:  select id,m_name,m_GameTime,m_untilTime,m_releaseTime,m_offineTime,m_city,m_Mtypes,m_ptype,m_sign,m_enterMode,m_placesleft,m_places,m_enterurl,m_state,m_img,m_order,m_country,m_area,m_signuptime,m_mtypes_class,m_des from zx_tb_matchs where   LOWER(m_name) like '%海外%' and  m_state = 0 and m_isshow=1 and m_releaseTime < NOW() and m_offineTime > NOW()  and m_sign=1  order by   m_order desc,m_GameTime asc,id desc   [ RunTime:0.027935s ]
SQL:  select id,m_name,m_GameTime,m_untilTime,m_releaseTime,m_offineTime,m_city,m_Mtypes,m_ptype,m_sign,m_enterMode,m_placesleft,m_places,m_enterurl,m_state,m_img,m_order,m_country,m_area,m_signuptime,m_mtypes_class,m_des from zx_tb_matchs where   LOWER(m_name) like '%海外%' and  m_state = 0 and m_isshow=1 and m_releaseTime < NOW() and m_offineTime > NOW()  and m_sign=0 and m_placesleft>0 and m_untilTime>NOW() and m_GameTime>NOW()  order by   m_GameTime asc,m_order desc,id desc   [ RunTime:0.003702s ]
SQL:  select id,m_name,m_GameTime,m_untilTime,m_releaseTime,m_offineTime,m_city,m_Mtypes,m_ptype,m_sign,m_enterMode,m_placesleft,m_places,m_enterurl,m_state,m_img,m_order,m_country,m_area,m_signuptime,m_mtypes_class,m_des from zx_tb_matchs where   LOWER(m_name) like '%海外%' and  m_state = 0 and m_isshow=1 and m_releaseTime < NOW() and m_offineTime > NOW()  and m_sign=0 and (m_placesleft<=0 or m_untilTime<=NOW() or m_GameTime<NOW())  order by   m_GameTime desc,m_order desc,id desc   [ RunTime:0.003109s ]

[ 2016-11-16T19:05:20+08:00 ] /User
INFO: [ route_check ] --START--
INFO: Run CheckRoute Behavior [ RunTime:0.000623s ]
INFO: [ route_check ] --END-- [ RunTime:0.000693s ]
INFO: [ app_begin ] --START--
INFO: Run ReadHtmlCache Behavior [ RunTime:0.000459s ]
INFO: [ app_begin ] --END-- [ RunTime:0.000506s ]
NOTIC: [2048] Declaration of UserAction::success() should be compatible with that of Action::success() C:\wnmp\wwwroot\weixin\DataSource\Lib\Action\UserAction.class.php 第 531 行.
INFO: Run AuthCheck Behavior [ RunTime:0.000776s ]
NOTIC: [8] Undefined index: db_dsn C:\wnmp\wwwroot\weixin\lib\ThinkPHP\Lib\Core\Db.class.php 第 129 行.
NOTIC: [8] Undefined index: db_params C:\wnmp\wwwroot\weixin\lib\ThinkPHP\Lib\Core\Db.class.php 第 130 行.
SQL: SHOW COLUMNS FROM `zx_tb_user` [ RunTime:0.003053s ]
SQL: SELECT * FROM `zx_tb_user` WHERE ( id=25519 ) LIMIT 1   [ RunTime:0.000379s ]
SQL: SHOW COLUMNS FROM `zx_tb_orders` [ RunTime:0.003256s ]
SQL: SELECT COUNT(*) AS tp_count FROM `zx_tb_orders` WHERE ( `uid` = 25519 ) AND ( `paystats` = 5 ) AND ( `pay_deadline` > '2016-11-16 19:05:20' ) LIMIT 1   [ RunTime:0.000570s ]
INFO: [ view_template ] --START--
INFO: Run LocationTemplate Behavior [ RunTime:0.001240s ]
INFO: [ view_template ] --END-- [ RunTime:0.001326s ]
INFO: [ view_parse ] --START--
INFO: Run ParseTemplate Behavior [ RunTime:0.014344s ]
INFO: [ view_parse ] --END-- [ RunTime:0.014423s ]
INFO: [ view_filter ] --START--
INFO: Run ContentReplace Behavior [ RunTime:0.000527s ]
INFO: Run TokenBuild Behavior [ RunTime:0.000639s ]
INFO: Run WriteHtmlCache Behavior [ RunTime:0.000276s ]
INFO: Run ShowRuntime Behavior [ RunTime:0.000699s ]
INFO: [ view_filter ] --END-- [ RunTime:0.002315s ]
INFO: [ view_end ] --START--
INFO: Run ShowPageTrace Behavior [ RunTime:0.000871s ]
INFO: [ view_end ] --END-- [ RunTime:0.000945s ]

[ 2016-11-16T19:05:20+08:00 ] /weixin/getJsTk?url=http%3A%2F%2F192.168.1.118%3A8091%2FUser
INFO: [ route_check ] --START--
INFO: Run CheckRoute Behavior [ RunTime:0.002310s ]
INFO: [ route_check ] --END-- [ RunTime:0.002768s ]
INFO: [ app_begin ] --START--
INFO: Run ReadHtmlCache Behavior [ RunTime:0.000863s ]
INFO: [ app_begin ] --END-- [ RunTime:0.001119s ]
NOTIC: [2] Missing argument 2 for WeixinAcessTokenModel::Jstoken(), called in C:\wnmp\wwwroot\weixin\DataSource\Lib\Action\WeixinAction.class.php on line 113 and defined C:\wnmp\wwwroot\weixin\DataSource\Lib\Model\WeixinAcessTokenModel.class.php 第 24 行.

[ 2016-11-16T19:05:23+08:00 ] /User/collection
INFO: [ route_check ] --START--
INFO: Run CheckRoute Behavior [ RunTime:0.000607s ]
INFO: [ route_check ] --END-- [ RunTime:0.000667s ]
INFO: [ app_begin ] --START--
INFO: Run ReadHtmlCache Behavior [ RunTime:0.000490s ]
INFO: [ app_begin ] --END-- [ RunTime:0.000535s ]
NOTIC: [2048] Declaration of UserAction::success() should be compatible with that of Action::success() C:\wnmp\wwwroot\weixin\DataSource\Lib\Action\UserAction.class.php 第 531 行.
INFO: Run AuthCheck Behavior [ RunTime:0.001671s ]
NOTIC: [8] Undefined index: db_dsn C:\wnmp\wwwroot\weixin\lib\ThinkPHP\Lib\Core\Db.class.php 第 129 行.
NOTIC: [8] Undefined index: db_params C:\wnmp\wwwroot\weixin\lib\ThinkPHP\Lib\Core\Db.class.php 第 130 行.
SQL: SHOW COLUMNS FROM `zx_tb_collect` [ RunTime:0.004772s ]
SQL: SELECT m.id,m.m_name,m.m_state,m.m_releaseTime,m.m_untilTime,m.m_offineTime,m.m_placesleft,m.m_img,m.m_GameTime,m.m_Mtypes,m.m_des,m.m_ptype FROM `zx_tb_collect` c LEFT JOIN `zx_tb_matchs` m ON m.id= c.match_id WHERE c.uid= 25519 [ RunTime:0.000920s ]
INFO: [ view_template ] --START--
INFO: Run LocationTemplate Behavior [ RunTime:0.001379s ]
INFO: [ view_template ] --END-- [ RunTime:0.001465s ]
INFO: [ view_parse ] --START--
NOTIC: [8] Undefined index: abroad C:\wnmp\wwwroot\weixin\DataSource\Runtime\Temp\911a5491a5f9e2657465be420974c6bf14adc566.file.collection.html.php 第 58 行.
NOTIC: [8] Trying to get property of non-object C:\wnmp\wwwroot\weixin\DataSource\Runtime\Temp\911a5491a5f9e2657465be420974c6bf14adc566.file.collection.html.php 第 58 行.
NOTIC: [8] Undefined index: domestic C:\wnmp\wwwroot\weixin\DataSource\Runtime\Temp\911a5491a5f9e2657465be420974c6bf14adc566.file.collection.html.php 第 58 行.
NOTIC: [8] Trying to get property of non-object C:\wnmp\wwwroot\weixin\DataSource\Runtime\Temp\911a5491a5f9e2657465be420974c6bf14adc566.file.collection.html.php 第 58 行.
INFO: Run ParseTemplate Behavior [ RunTime:0.010896s ]
INFO: [ view_parse ] --END-- [ RunTime:0.010951s ]
INFO: [ view_filter ] --START--
INFO: Run ContentReplace Behavior [ RunTime:0.000474s ]
INFO: Run TokenBuild Behavior [ RunTime:0.000338s ]
INFO: Run WriteHtmlCache Behavior [ RunTime:0.000357s ]
INFO: Run ShowRuntime Behavior [ RunTime:0.003841s ]
INFO: [ view_filter ] --END-- [ RunTime:0.005267s ]
INFO: [ view_end ] --START--
INFO: Run ShowPageTrace Behavior [ RunTime:0.000627s ]
INFO: [ view_end ] --END-- [ RunTime:0.000687s ]

[ 2016-11-16T19:05:23+08:00 ] /weixin/getJsTk?url=http%3A%2F%2F192.168.1.118%3A8091%2FUser%2Fcollection
INFO: [ route_check ] --START--
INFO: Run CheckRoute Behavior [ RunTime:0.000722s ]
INFO: [ route_check ] --END-- [ RunTime:0.000805s ]
INFO: [ app_begin ] --START--
INFO: Run ReadHtmlCache Behavior [ RunTime:0.000731s ]
INFO: [ app_begin ] --END-- [ RunTime:0.000798s ]
NOTIC: [2] Missing argument 2 for WeixinAcessTokenModel::Jstoken(), called in C:\wnmp\wwwroot\weixin\DataSource\Lib\Action\WeixinAction.class.php on line 113 and defined C:\wnmp\wwwroot\weixin\DataSource\Lib\Model\WeixinAcessTokenModel.class.php 第 24 行.

[ 2016-11-16T19:05:23+08:00 ] /Ajax/collection
INFO: [ route_check ] --START--
INFO: Run CheckRoute Behavior [ RunTime:0.000727s ]
INFO: [ route_check ] --END-- [ RunTime:0.000805s ]
INFO: [ app_begin ] --START--
INFO: Run ReadHtmlCache Behavior [ RunTime:0.000613s ]
INFO: [ app_begin ] --END-- [ RunTime:0.000673s ]
NOTIC: [8] Undefined index: db_dsn C:\wnmp\wwwroot\weixin\lib\ThinkPHP\Lib\Core\Db.class.php 第 129 行.
NOTIC: [8] Undefined index: db_params C:\wnmp\wwwroot\weixin\lib\ThinkPHP\Lib\Core\Db.class.php 第 130 行.
SQL: SHOW COLUMNS FROM `zx_tb_collect` [ RunTime:0.004635s ]
SQL: SELECT m.id,m_name,m_GameTime,m_untilTime,m_releaseTime,m_offineTime,m_city,m_Mtypes,m_ptype,m_sign,m_enterMode,m_placesleft,m_places,m_enterurl,m_state,m_img,m_order,m_country,m_area,m_signuptime,m_mtypes_class,m_des FROM `zx_tb_collect` c LEFT JOIN `zx_tb_matchs` m ON m.id= c.match_id WHERE c.uid= 25519 [ RunTime:0.000478s ]

[ 2016-11-16T19:05:24+08:00 ] /User
INFO: [ route_check ] --START--
INFO: Run CheckRoute Behavior [ RunTime:0.000609s ]
INFO: [ route_check ] --END-- [ RunTime:0.000674s ]
INFO: [ app_begin ] --START--
INFO: Run ReadHtmlCache Behavior [ RunTime:0.000437s ]
INFO: [ app_begin ] --END-- [ RunTime:0.000483s ]
NOTIC: [2048] Declaration of UserAction::success() should be compatible with that of Action::success() C:\wnmp\wwwroot\weixin\DataSource\Lib\Action\UserAction.class.php 第 531 行.
INFO: Run AuthCheck Behavior [ RunTime:0.000477s ]
NOTIC: [8] Undefined index: db_dsn C:\wnmp\wwwroot\weixin\lib\ThinkPHP\Lib\Core\Db.class.php 第 129 行.
NOTIC: [8] Undefined index: db_params C:\wnmp\wwwroot\weixin\lib\ThinkPHP\Lib\Core\Db.class.php 第 130 行.
SQL: SHOW COLUMNS FROM `zx_tb_user` [ RunTime:0.005144s ]
SQL: SELECT * FROM `zx_tb_user` WHERE ( id=25519 ) LIMIT 1   [ RunTime:0.000351s ]
SQL: SHOW COLUMNS FROM `zx_tb_orders` [ RunTime:0.004125s ]
SQL: SELECT COUNT(*) AS tp_count FROM `zx_tb_orders` WHERE ( `uid` = 25519 ) AND ( `paystats` = 5 ) AND ( `pay_deadline` > '2016-11-16 19:05:24' ) LIMIT 1   [ RunTime:0.000533s ]
INFO: [ view_template ] --START--
INFO: Run LocationTemplate Behavior [ RunTime:0.000492s ]
INFO: [ view_template ] --END-- [ RunTime:0.000541s ]
INFO: [ view_parse ] --START--
INFO: Run ParseTemplate Behavior [ RunTime:0.010125s ]
INFO: [ view_parse ] --END-- [ RunTime:0.010192s ]
INFO: [ view_filter ] --START--
INFO: Run ContentReplace Behavior [ RunTime:0.000398s ]
INFO: Run TokenBuild Behavior [ RunTime:0.000334s ]
INFO: Run WriteHtmlCache Behavior [ RunTime:0.000246s ]
INFO: Run ShowRuntime Behavior [ RunTime:0.000377s ]
INFO: [ view_filter ] --END-- [ RunTime:0.001478s ]
INFO: [ view_end ] --START--
INFO: Run ShowPageTrace Behavior [ RunTime:0.000727s ]
INFO: [ view_end ] --END-- [ RunTime:0.000785s ]

[ 2016-11-16T19:05:24+08:00 ] /weixin/getJsTk?url=http%3A%2F%2F192.168.1.118%3A8091%2FUser
INFO: [ route_check ] --START--
INFO: Run CheckRoute Behavior [ RunTime:0.001024s ]
INFO: [ route_check ] --END-- [ RunTime:0.001127s ]
INFO: [ app_begin ] --START--
INFO: Run ReadHtmlCache Behavior [ RunTime:0.000621s ]
INFO: [ app_begin ] --END-- [ RunTime:0.000677s ]
NOTIC: [2] Missing argument 2 for WeixinAcessTokenModel::Jstoken(), called in C:\wnmp\wwwroot\weixin\DataSource\Lib\Action\WeixinAction.class.php on line 113 and defined C:\wnmp\wwwroot\weixin\DataSource\Lib\Model\WeixinAcessTokenModel.class.php 第 24 行.

[ 2016-11-16T19:05:46+08:00 ] /User/order
INFO: [ route_check ] --START--
INFO: Run CheckRoute Behavior [ RunTime:0.000727s ]
INFO: [ route_check ] --END-- [ RunTime:0.000803s ]
INFO: [ app_begin ] --START--
INFO: Run ReadHtmlCache Behavior [ RunTime:0.000502s ]
INFO: [ app_begin ] --END-- [ RunTime:0.000544s ]
NOTIC: [2048] Declaration of UserAction::success() should be compatible with that of Action::success() C:\wnmp\wwwroot\weixin\DataSource\Lib\Action\UserAction.class.php 第 531 行.
INFO: Run AuthCheck Behavior [ RunTime:0.000475s ]
NOTIC: [8] Undefined index: db_dsn C:\wnmp\wwwroot\weixin\lib\ThinkPHP\Lib\Core\Db.class.php 第 129 行.
NOTIC: [8] Undefined index: db_params C:\wnmp\wwwroot\weixin\lib\ThinkPHP\Lib\Core\Db.class.php 第 130 行.
SQL: SHOW COLUMNS FROM `zx_tb_orders` [ RunTime:0.006461s ]
SQL: SELECT o.orderid,o.pay_deadline,m.m_untilTime,m.m_offineTime,m.m_state,m.m_placesleft,m.m_icon,m.m_name,m.id as mid,m.m_img,o.payprice,o.discount,o.paystats,m.m_GameTime FROM `zx_tb_orders` o LEFT JOIN `zx_tb_matchs` m ON o.matchid= m.id WHERE o.uid = 25519 and o.paystats>=0 order by o.ctime desc [ RunTime:0.000902s ]
SQL: SHOW COLUMNS FROM `zx_tb_orderinfo` [ RunTime:0.003722s ]
SQL: SELECT a.id,a.orderid,a.type,g.g_name,a.goodsid FROM zx_tb_orderinfo a  LEFT JOIN zx_tb_goods g ON a.goodsid = g.id WHERE a.orderid = '23116111417211325519319' [ RunTime:0.000840s ]
SQL: SELECT a.id,a.orderid,a.type,g.g_name,a.goodsid FROM zx_tb_orderinfo a  LEFT JOIN zx_tb_goods g ON a.goodsid = g.id WHERE a.orderid = '32416111411130725519235' [ RunTime:0.000697s ]
SQL: SELECT a.id,a.orderid,a.type,g.g_name,a.goodsid FROM zx_tb_orderinfo a  LEFT JOIN zx_tb_goods g ON a.goodsid = g.id WHERE a.orderid = '12116111410080825519450' [ RunTime:0.000718s ]
INFO: [ view_template ] --START--
INFO: Run LocationTemplate Behavior [ RunTime:0.000659s ]
INFO: [ view_template ] --END-- [ RunTime:0.000708s ]
INFO: [ view_parse ] --START--
INFO: Run ParseTemplate Behavior [ RunTime:0.010415s ]
INFO: [ view_parse ] --END-- [ RunTime:0.010468s ]
INFO: [ view_filter ] --START--
INFO: Run ContentReplace Behavior [ RunTime:0.000564s ]
INFO: Run TokenBuild Behavior [ RunTime:0.000481s ]
INFO: Run WriteHtmlCache Behavior [ RunTime:0.000348s ]
INFO: Run ShowRuntime Behavior [ RunTime:0.000398s ]
INFO: [ view_filter ] --END-- [ RunTime:0.001952s ]
INFO: [ view_end ] --START--
INFO: Run ShowPageTrace Behavior [ RunTime:0.000494s ]
INFO: [ view_end ] --END-- [ RunTime:0.000540s ]

[ 2016-11-16T19:05:46+08:00 ] /weixin/getJsTk?url=http%3A%2F%2F192.168.1.118%3A8091%2FUser%2Forder
INFO: [ route_check ] --START--
INFO: Run CheckRoute Behavior [ RunTime:0.000619s ]
INFO: [ route_check ] --END-- [ RunTime:0.000685s ]
INFO: [ app_begin ] --START--
INFO: Run ReadHtmlCache Behavior [ RunTime:0.000475s ]
INFO: [ app_begin ] --END-- [ RunTime:0.000518s ]
NOTIC: [2] Missing argument 2 for WeixinAcessTokenModel::Jstoken(), called in C:\wnmp\wwwroot\weixin\DataSource\Lib\Action\WeixinAction.class.php on line 113 and defined C:\wnmp\wwwroot\weixin\DataSource\Lib\Model\WeixinAcessTokenModel.class.php 第 24 行.

[ 2016-11-16T19:05:46+08:00 ] /Ajax/userorderlist
INFO: [ route_check ] --START--
INFO: Run CheckRoute Behavior [ RunTime:0.000954s ]
INFO: [ route_check ] --END-- [ RunTime:0.001054s ]
INFO: [ app_begin ] --START--
INFO: Run ReadHtmlCache Behavior [ RunTime:0.000596s ]
INFO: [ app_begin ] --END-- [ RunTime:0.000653s ]
NOTIC: [8] Undefined index: db_dsn C:\wnmp\wwwroot\weixin\lib\ThinkPHP\Lib\Core\Db.class.php 第 129 行.
NOTIC: [8] Undefined index: db_params C:\wnmp\wwwroot\weixin\lib\ThinkPHP\Lib\Core\Db.class.php 第 130 行.
SQL: SHOW COLUMNS FROM `zx_tb_orders` [ RunTime:0.003512s ]
SQL: SELECT o.orderid,o.pay_deadline,m.m_untilTime,m.m_offineTime,m.m_state,m.m_placesleft,m.m_icon,m.m_name,m.id as mid,m.m_img,o.payprice,o.discount,o.paystats,m.m_GameTime FROM `zx_tb_orders` o LEFT JOIN `zx_tb_matchs` m ON o.matchid= m.id WHERE o.uid = 25519 and o.paystats>=0 order by o.ctime desc [ RunTime:0.000541s ]
SQL: SHOW COLUMNS FROM `zx_tb_orderinfo` [ RunTime:0.009332s ]
SQL: SELECT a.id,a.orderid,a.type,g.g_name,a.goodsid FROM zx_tb_orderinfo a  LEFT JOIN zx_tb_goods g ON a.goodsid = g.id WHERE a.orderid = '23116111417211325519319' [ RunTime:0.000380s ]
SQL: SELECT a.id,a.orderid,a.type,g.g_name,a.goodsid FROM zx_tb_orderinfo a  LEFT JOIN zx_tb_goods g ON a.goodsid = g.id WHERE a.orderid = '32416111411130725519235' [ RunTime:0.000230s ]
SQL: SELECT a.id,a.orderid,a.type,g.g_name,a.goodsid FROM zx_tb_orderinfo a  LEFT JOIN zx_tb_goods g ON a.goodsid = g.id WHERE a.orderid = '12116111410080825519450' [ RunTime:0.000228s ]

